Fri Sep  5 21:55:16 2025 :: Booting Database
 0 0 0 0 0 0 0 0 0 0 0 0 0 0 0 0 0 0 0 0 0 0 0 0 0 0 0 0 0 0 0 0
Fri Sep  5 21:55:16 2025 :: [*****] BOOT: ---------------------[ Boot Log ]--------------------
Fri Sep  5 21:55:16 2025 :: Initializing libdl support...
Fri Sep  5 21:55:16 2025 :: Loading commands...
Fri Sep  5 21:55:16 2025 :: Loading spec_funs...
Fri Sep  5 21:55:16 2025 :: Loading sysdata configuration...
Fri Sep  5 21:55:16 2025 :: Loading socials
Fri Sep  5 21:55:16 2025 :: Loading skill table
Fri Sep  5 21:55:16 2025 :: Sorting skill table...
Fri Sep  5 21:55:16 2025 :: Creating skill table sorted by type...
Fri Sep  5 21:55:16 2025 :: Remapping slots to sns
Fri Sep  5 21:55:16 2025 :: Loading classes
Fri Sep  5 21:55:16 2025 :: Loading races
Fri Sep  5 21:55:16 2025 :: Loading news data
Fri Sep  5 21:55:16 2025 :: Loading liquids
Fri Sep  5 21:55:16 2025 :: Loading mixtures
Fri Sep  5 21:55:16 2025 :: Loading herb table
Fri Sep  5 21:55:16 2025 :: Loading tongues
Fri Sep  5 21:55:16 2025 :: Making wizlist
Fri Sep  5 21:55:16 2025 :: Loading MSSP Data...
Fri Sep  5 21:55:16 2025 :: Initializing random number generator
Fri Sep  5 21:55:16 2025 :: Setting time and weather.
Fri Sep  5 21:55:16 2025 :: Loading holiday chart...
Fri Sep  5 21:55:16 2025 :: Loading DNS cache...
Fri Sep  5 21:55:16 2025 :: Assigning gsn's
Fri Sep  5 21:55:16 2025 :: Reading in area files...
(help.are)
limbo.are     : Rooms:     2 - 99    Objs:     2 - 99    Mobs:     1 - 99
newacad.are   : Rooms: 10300 - 10499 Objs: 10300 - 10499 Mobs: 10300 - 10499
newgate.are   : Rooms:   100 - 199   Objs:   100 - 199   Mobs:   100 - 199
newdark.are   : Rooms: 21000 - 21499 Objs: 21000 - 21435 Mobs: 21000 - 21499
gods.are      : Rooms:  1200 - 1201  Objs:  1200 - 1200  Mobs:  1200 - 1200
plains.are    : Rooms:   300 - 345   Objs:   300 - 313   Mobs:   300 - 350
haon.are      : Rooms:  6000 - 6156  Objs:  6000 - 6155  Mobs:  6000 - 6117
midennir.are  : Rooms:  3500 - 3590  Objs:  3500 - 3550  Mobs:  3500 - 3550
sewer.are     : Rooms:  7001 - 7445  Objs:  7190 - 7310  Mobs:  7000 - 7206
redferne.are  : Rooms:  7900 - 7918  Objs:  7909 - 7911  Mobs:  7900 - 7900
grove.are     : Rooms:  8901 - 8999  Objs:  8900 - 8919  Mobs:  8900 - 8911
dwarven.are   : Rooms:  6500 - 6554  Objs:  6502 - 6519  Mobs:  6500 - 6517
daycare.are   : Rooms:  6601 - 6651  Objs:  6600 - 6647  Mobs:  6600 - 6610
grave.are     : Rooms:  3600 - 3651  Objs:  3600 - 3613  Mobs:  3600 - 3605
chapel.are    : Rooms:  3405 - 3475  Objs:  3400 - 3430  Mobs:  3400 - 3416
astral.are    : Rooms:   800 - 899   Objs:   800 - 899   Mobs:   800 - 899
Build.are     : Rooms:  9500 - 9589  Objs:     0 - 0     Mobs:     0 - 0
pixie.are     : Rooms:  2070 - 2099  Objs:  2070 - 2077  Mobs:  2070 - 2073
export.are    : Rooms:  9810 - 9899  Objs:  9810 - 9899  Mobs:  9800 - 9899
srefuge.are   : Rooms:  1500 - 1599  Objs:  1500 - 1599  Mobs:  1500 - 1599
manor.are     : Rooms:  2400 - 2499  Objs:  2400 - 2499  Mobs:  2405 - 2484
unholy.are    : Rooms:  2101 - 2172  Objs:  2101 - 2150  Mobs:  2101 - 2120
gallery.are   : Rooms: 24800 - 24899 Objs: 24800 - 24899 Mobs: 24800 - 24899
housing.are   : Rooms: 50000 - 54999 Objs: 50000 - 54999 Mobs: 50000 - 54999
Fri Sep  5 21:55:17 2025 :: Fixing exits
Fri Sep  5 21:55:17 2025 :: Initializing economy
Fri Sep  5 21:55:17 2025 :: Resetting areas
Fri Sep  5 21:55:17 2025 :: Loading buildlist
Fri Sep  5 21:55:17 2025 :: ../gods/Dragus
Fri Sep  5 21:55:17 2025 :: Loading boards
Fri Sep  5 21:55:17 2025 :: ../boards/immortal.brd
Fri Sep  5 21:55:17 2025 :: ../boards/highgod.brd
Fri Sep  5 21:55:17 2025 :: Loading vault list
Fri Sep  5 21:55:17 2025 :: $
Fri Sep  5 21:55:17 2025 ::  Done vaults 
Fri Sep  5 21:55:17 2025 :: Loading clans
Fri Sep  5 21:55:17 2025 :: Loading clans...
Fri Sep  5 21:55:17 2025 :: vampire.gui
Fri Sep  5 21:55:17 2025 :: Cannot open vault - ../clans/vampire.gui.vault
Fri Sep  5 21:55:17 2025 :: druid.gui
Fri Sep  5 21:55:17 2025 :: Cannot open vault - ../clans/druid.gui.vault
Fri Sep  5 21:55:17 2025 :: warrior.gui
Fri Sep  5 21:55:17 2025 :: Cannot open vault - ../clans/warrior.gui.vault
Fri Sep  5 21:55:17 2025 :: augurer.gui
Fri Sep  5 21:55:17 2025 :: Cannot open vault - ../clans/augurer.gui.vault
Fri Sep  5 21:55:17 2025 :: thief.gui
Fri Sep  5 21:55:17 2025 :: Cannot open vault - ../clans/thief.gui.vault
Fri Sep  5 21:55:17 2025 :: cleric.gui
Fri Sep  5 21:55:17 2025 :: Cannot open vault - ../clans/cleric.gui.vault
Fri Sep  5 21:55:17 2025 :: mage.gui
Fri Sep  5 21:55:17 2025 :: Cannot open vault - ../clans/mage.gui.vault
Fri Sep  5 21:55:17 2025 :: ranger.gui
Fri Sep  5 21:55:17 2025 :: Cannot open vault - ../clans/ranger.gui.vault
Fri Sep  5 21:55:17 2025 :: $
Fri Sep  5 21:55:17 2025 ::  Done clans 
Fri Sep  5 21:55:17 2025 :: Loading councils
Fri Sep  5 21:55:17 2025 :: Loading councils...
Fri Sep  5 21:55:17 2025 :: $
Fri Sep  5 21:55:17 2025 ::  Done councils 
Fri Sep  5 21:55:17 2025 :: Loading deities
Fri Sep  5 21:55:17 2025 :: Loading deities...
Fri Sep  5 21:55:17 2025 :: $
Fri Sep  5 21:55:17 2025 ::  Done deities 
Fri Sep  5 21:55:17 2025 :: Loading watches
Fri Sep  5 21:55:17 2025 :: Loading bans
Fri Sep  5 21:55:17 2025 :: Done.
Fri Sep  5 21:55:17 2025 :: Loading reserved names
Fri Sep  5 21:55:17 2025 :: Loading corpses
Fri Sep  5 21:55:17 2025 :: Loading Immortal Hosts
Fri Sep  5 21:55:17 2025 :: Done.
Fri Sep  5 21:55:17 2025 :: Loading Projects
Fri Sep  5 21:55:17 2025 :: Loading Morphs
Fri Sep  5 21:55:17 2025 :: Done.
Fri Sep  5 21:55:17 2025 :: Loading Housing System, Home Accessories Data, and Home Auctioning System
Fri Sep  5 21:55:17 2025 :: Loading login messages
Fri Sep  5 21:55:17 2025 :: Initializing socket
Fri Sep  5 21:55:17 2025 :: (Name Not Set) ready on port 9001.
Fri Sep  5 21:55:27 2025 :: Preloading player data for: Dragus (9K)
Fri Sep  5 21:55:32 2025 :: Loading player data for: Dragus (9K)
Fri Sep  5 21:55:32 2025 :: Dragus (127.0.0.1) has connected.
