Sat Sep  6 20:04:14 2025 :: Booting Database
 0 0 0 0 0 0 0 0 0 0 0 0 0 0 0 0 0 0 0 0 0 0 0 0 0 0 0 0 0 0 0 0
Sat Sep  6 20:04:14 2025 :: [*****] BOOT: ---------------------[ Boot Log ]--------------------
Sat Sep  6 20:04:14 2025 :: Initializing libdl support...
Sat Sep  6 20:04:14 2025 :: Loading commands...
Sat Sep  6 20:04:14 2025 :: Loading spec_funs...
Sat Sep  6 20:04:14 2025 :: Loading sysdata configuration...
Sat Sep  6 20:04:14 2025 :: Loading socials
Sat Sep  6 20:04:14 2025 :: Loading skill table
Sat Sep  6 20:04:14 2025 :: Sorting skill table...
Sat Sep  6 20:04:14 2025 :: Creating skill table sorted by type...
Sat Sep  6 20:04:14 2025 :: Remapping slots to sns
Sat Sep  6 20:04:14 2025 :: Loading classes
Sat Sep  6 20:04:14 2025 :: Loading races
Sat Sep  6 20:04:14 2025 :: Loading news data
Sat Sep  6 20:04:14 2025 :: Loading liquids
Sat Sep  6 20:04:14 2025 :: Loading mixtures
Sat Sep  6 20:04:14 2025 :: Loading herb table
Sat Sep  6 20:04:14 2025 :: Loading tongues
Sat Sep  6 20:04:14 2025 :: Making wizlist
Sat Sep  6 20:04:14 2025 :: Loading MSSP Data...
Sat Sep  6 20:04:14 2025 :: Initializing random number generator
Sat Sep  6 20:04:14 2025 :: Setting time and weather.
Sat Sep  6 20:04:14 2025 :: Loading holiday chart...
Sat Sep  6 20:04:14 2025 :: Loading DNS cache...
Sat Sep  6 20:04:14 2025 :: Assigning gsn's
Sat Sep  6 20:04:14 2025 :: Reading in area files...
(help.are)
limbo.are     : Rooms:     2 - 99    Objs:     2 - 99    Mobs:     1 - 99
newacad.are   : Rooms: 10300 - 10499 Objs: 10300 - 10499 Mobs: 10300 - 10499
newgate.are   : Rooms:   100 - 199   Objs:   100 - 199   Mobs:   100 - 199
newdark.are   : Rooms: 21000 - 21499 Objs: 21000 - 21435 Mobs: 21000 - 21499
gods.are      : Rooms:  1200 - 1201  Objs:  1200 - 1200  Mobs:  1200 - 1200
plains.are    : Rooms:   300 - 345   Objs:   300 - 313   Mobs:   300 - 350
haon.are      : Rooms:  6000 - 6156  Objs:  6000 - 6155  Mobs:  6000 - 6117
midennir.are  : Rooms:  3500 - 3590  Objs:  3500 - 3550  Mobs:  3500 - 3550
sewer.are     : Rooms:  7001 - 7445  Objs:  7190 - 7310  Mobs:  7000 - 7206
redferne.are  : Rooms:  7900 - 7918  Objs:  7909 - 7911  Mobs:  7900 - 7900
grove.are     : Rooms:  8901 - 8999  Objs:  8900 - 8919  Mobs:  8900 - 8911
dwarven.are   : Rooms:  6500 - 6554  Objs:  6502 - 6519  Mobs:  6500 - 6517
daycare.are   : Rooms:  6601 - 6651  Objs:  6600 - 6647  Mobs:  6600 - 6610
grave.are     : Rooms:  3600 - 3651  Objs:  3600 - 3613  Mobs:  3600 - 3605
chapel.are    : Rooms:  3405 - 3475  Objs:  3400 - 3430  Mobs:  3400 - 3416
astral.are    : Rooms:   800 - 899   Objs:   800 - 899   Mobs:   800 - 899
Build.are     : Rooms:  9500 - 9589  Objs:     0 - 0     Mobs:     0 - 0
pixie.are     : Rooms:  2070 - 2099  Objs:  2070 - 2077  Mobs:  2070 - 2073
export.are    : Rooms:  9810 - 9899  Objs:  9810 - 9899  Mobs:  9800 - 9899
srefuge.are   : Rooms:  1500 - 1599  Objs:  1500 - 1599  Mobs:  1500 - 1599
manor.are     : Rooms:  2400 - 2499  Objs:  2400 - 2499  Mobs:  2405 - 2484
unholy.are    : Rooms:  2101 - 2172  Objs:  2101 - 2150  Mobs:  2101 - 2120
gallery.are   : Rooms: 24800 - 24899 Objs: 24800 - 24899 Mobs: 24800 - 24899
housing.are   : Rooms: 50000 - 54999 Objs: 50000 - 54999 Mobs: 50000 - 54999
Sat Sep  6 20:04:15 2025 :: Fixing exits
Sat Sep  6 20:04:15 2025 :: Initializing economy
Sat Sep  6 20:04:15 2025 :: Resetting areas
Sat Sep  6 20:04:15 2025 :: Loading buildlist
Sat Sep  6 20:04:15 2025 :: ../gods/Dragus
Sat Sep  6 20:04:15 2025 :: Loading boards
Sat Sep  6 20:04:15 2025 :: ../boards/immortal.brd
Sat Sep  6 20:04:15 2025 :: ../boards/highgod.brd
Sat Sep  6 20:04:15 2025 :: Loading vault list
Sat Sep  6 20:04:15 2025 :: $
Sat Sep  6 20:04:15 2025 ::  Done vaults 
Sat Sep  6 20:04:15 2025 :: Loading clans
Sat Sep  6 20:04:15 2025 :: Loading clans...
Sat Sep  6 20:04:15 2025 :: vampire.gui
Sat Sep  6 20:04:15 2025 :: Cannot open vault - ../clans/vampire.gui.vault
Sat Sep  6 20:04:15 2025 :: druid.gui
Sat Sep  6 20:04:15 2025 :: Cannot open vault - ../clans/druid.gui.vault
Sat Sep  6 20:04:15 2025 :: warrior.gui
Sat Sep  6 20:04:15 2025 :: Cannot open vault - ../clans/warrior.gui.vault
Sat Sep  6 20:04:15 2025 :: augurer.gui
Sat Sep  6 20:04:15 2025 :: Cannot open vault - ../clans/augurer.gui.vault
Sat Sep  6 20:04:15 2025 :: thief.gui
Sat Sep  6 20:04:15 2025 :: Cannot open vault - ../clans/thief.gui.vault
Sat Sep  6 20:04:15 2025 :: cleric.gui
Sat Sep  6 20:04:15 2025 :: Cannot open vault - ../clans/cleric.gui.vault
Sat Sep  6 20:04:15 2025 :: mage.gui
Sat Sep  6 20:04:15 2025 :: Cannot open vault - ../clans/mage.gui.vault
Sat Sep  6 20:04:15 2025 :: ranger.gui
Sat Sep  6 20:04:15 2025 :: Cannot open vault - ../clans/ranger.gui.vault
Sat Sep  6 20:04:15 2025 :: $
Sat Sep  6 20:04:15 2025 ::  Done clans 
Sat Sep  6 20:04:15 2025 :: Loading councils
Sat Sep  6 20:04:15 2025 :: Loading councils...
Sat Sep  6 20:04:15 2025 :: $
Sat Sep  6 20:04:15 2025 ::  Done councils 
Sat Sep  6 20:04:15 2025 :: Loading deities
Sat Sep  6 20:04:15 2025 :: Loading deities...
Sat Sep  6 20:04:15 2025 :: $
Sat Sep  6 20:04:15 2025 ::  Done deities 
Sat Sep  6 20:04:15 2025 :: Loading watches
Sat Sep  6 20:04:15 2025 :: Loading bans
Sat Sep  6 20:04:15 2025 :: Done.
Sat Sep  6 20:04:15 2025 :: Loading reserved names
Sat Sep  6 20:04:15 2025 :: Loading corpses
Sat Sep  6 20:04:15 2025 :: Loading Immortal Hosts
Sat Sep  6 20:04:15 2025 :: Done.
Sat Sep  6 20:04:15 2025 :: Loading Projects
Sat Sep  6 20:04:15 2025 :: Loading Morphs
Sat Sep  6 20:04:15 2025 :: Done.
Sat Sep  6 20:04:15 2025 :: Loading Housing System, Home Accessories Data, and Home Auctioning System
Sat Sep  6 20:04:15 2025 :: Loading login messages
Sat Sep  6 20:04:15 2025 :: Initializing socket
Sat Sep  6 20:04:15 2025 :: (Name Not Set) ready on port 9001.
Sat Sep  6 20:04:26 2025 :: Preloading player data for: Dragus (9K)
Sat Sep  6 20:04:52 2025 :: Loading player data for: Dragus (9K)
Sat Sep  6 20:04:52 2025 :: Dragus (127.0.0.1) has connected.
Sat Sep  6 20:26:09 2025 :: Broke all-time maximum player record: 3
Sat Sep  6 20:26:09 2025 :: EOF encountered on read.
Sat Sep  6 20:26:12 2025 :: Preloading player data for: Dragus (9K)
Sat Sep  6 20:26:15 2025 :: Closing link to Dragus. (INRoom 1535)
Sat Sep  6 20:26:15 2025 :: Dragus@::1 reconnected, kicking off old link.
Sat Sep  6 21:57:27 2025 :: EOF encountered on read.
Sat Sep  6 21:57:27 2025 :: Closing link to Dragus. (INRoom 1535)
Sat Sep  6 22:04:29 2025 :: EOF encountered on read.
Sat Sep  6 22:04:32 2025 :: Preloading player data for: Dragus (9K)
Sat Sep  6 22:04:33 2025 :: Dragus (::1) reconnected.
Sat Sep  6 22:05:26 2025 :: Preloading player data for: Dragus (9K)
Sat Sep  6 22:05:27 2025 :: Closing link to Dragus. (INRoom 1535)
Sat Sep  6 22:05:27 2025 :: Dragus@127.0.0.1 reconnected, kicking off old link.
Sat Sep  6 22:06:37 2025 :: EOF encountered on read.
Sat Sep  6 22:06:39 2025 :: Preloading player data for: Dragus (9K)
Sat Sep  6 22:06:40 2025 :: Closing link to Dragus. (INRoom 1535)
Sat Sep  6 22:06:40 2025 :: Dragus@::1 reconnected, kicking off old link.
Sat Sep  6 22:50:53 2025 :: EOF encountered on read.
Sat Sep  6 22:50:53 2025 :: Closing link to Dragus. (INRoom 1535)
Sat Sep  6 22:54:36 2025 :: EOF encountered on read.
Sat Sep  6 23:02:53 2025 :: EOF encountered on read.
Sat Sep  6 23:02:55 2025 :: Preloading player data for: Dragus (9K)
Sat Sep  6 23:02:57 2025 :: Dragus (::1) reconnected.
Sat Sep  6 23:09:40 2025 :: EOF encountered on read.
Sat Sep  6 23:09:40 2025 :: Closing link to Dragus. (INRoom 1535)
Sat Sep  6 23:23:19 2025 :: EOF encountered on read.
Sun Sep  7 00:51:45 2025 :: EOF encountered on read.
Sun Sep  7 00:52:17 2025 :: EOF encountered on read.
Sun Sep  7 01:15:48 2025 :: EOF encountered on read.
Sun Sep  7 01:16:50 2025 :: EOF encountered on read.
Sun Sep  7 01:16:56 2025 :: Preloading player data for: Dragus (9K)
Sun Sep  7 01:16:58 2025 :: Dragus (127.0.0.1) reconnected.
Sun Sep  7 02:04:31 2025 :: EOF encountered on read.
Sun Sep  7 03:23:13 2025 :: Closing link to Dragus. (INRoom 1535)
Sun Sep  7 11:49:46 2025 :: Preloading player data for: Dragus (9K)
Sun Sep  7 11:49:48 2025 :: Dragus (::1) reconnected.
Sun Sep  7 11:54:25 2025 :: EOF encountered on read.
Sun Sep  7 11:54:25 2025 :: Closing link to Dragus. (INRoom 1535)
Sun Sep  7 12:41:47 2025 :: EOF encountered on read.
Sun Sep  7 12:41:50 2025 :: Preloading player data for: Dragus (9K)
Sun Sep  7 12:41:51 2025 :: Dragus (::1) reconnected.
Sun Sep  7 13:02:22 2025 :: Log Dragus: slay ex wave
Sun Sep  7 13:03:14 2025 :: EOF encountered on read.
Sun Sep  7 13:03:14 2025 :: Closing link to Dragus. (INRoom 21001)
Sun Sep  7 15:30:53 2025 :: Preloading player data for: Dragus (11K)
Sun Sep  7 15:31:16 2025 :: Dragus (127.0.0.1) reconnected.
Sun Sep  7 15:31:33 2025 :: Log Dragus: slay ex
Sun Sep  7 17:51:01 2025 :: Closing link to Dragus. (INRoom 6130)
Sun Sep  7 18:46:43 2025 :: Preloading player data for: Dragus (11K)
Sun Sep  7 18:46:45 2025 :: Dragus (127.0.0.1) reconnected.
Sun Sep  7 20:55:45 2025 :: Closing link to Dragus. (INRoom 6130)
