Fri Sep 12 11:46:35 2025 :: Booting Database
 0 0 0 0 0 0 0 0 0 0 0 0 0 0 0 0 0 0 0 0 0 0 0 0 0 0 0 0 0 0 0 0
Fri Sep 12 11:46:35 2025 :: [*****] BOOT: ---------------------[ Boot Log ]--------------------
Fri Sep 12 11:46:35 2025 :: Initializing libdl support...
Fri Sep 12 11:46:35 2025 :: Loading commands...
Fri Sep 12 11:46:35 2025 :: Loading spec_funs...
Fri Sep 12 11:46:35 2025 :: Loading sysdata configuration...
Fri Sep 12 11:46:35 2025 :: Loading socials
Fri Sep 12 11:46:35 2025 :: Loading skill table
Fri Sep 12 11:46:35 2025 :: [*****] BUG: spell_function: Error locating (null) in symbol table. No such process
Fri Sep 12 11:46:35 2025 :: [*****] BUG: fread_skill: unknown skill/spell (null)
Fri Sep 12 11:46:35 2025 :: [*****] BUG: fread_word: EOF encountered on read.

Fri Sep 12 11:46:35 2025 :: [*****] BUG: load_skill_table: bad section.
Fri Sep 12 11:46:35 2025 :: [*****] BUG: fread_letter: EOF encountered on read.

Fri Sep 12 11:46:35 2025 :: [*****] BUG: load_skill_table: # not found.
Fri Sep 12 11:46:35 2025 :: Sorting skill table...
Fri Sep 12 11:46:35 2025 :: Creating skill table sorted by type...
Fri Sep 12 11:46:35 2025 :: Remapping slots to sns
Fri Sep 12 11:46:35 2025 :: Loading classes
../classes/human: No such file or directory
Fri Sep 12 11:46:35 2025 :: [*****] BUG: load_classes: Cannot load class file: human
../classes/eldari: No such file or directory
Fri Sep 12 11:46:35 2025 :: [*****] BUG: load_classes: Cannot load class file: eldari
../classes/vampire: No such file or directory
Fri Sep 12 11:46:35 2025 :: [*****] BUG: load_classes: Cannot load class file: vampire
Fri Sep 12 11:46:35 2025 :: Loading races
../races/human: No such file or directory
Fri Sep 12 11:46:35 2025 :: [*****] BUG: load_races: Cannot load race file: human
../races/eldari: No such file or directory
Fri Sep 12 11:46:35 2025 :: [*****] BUG: load_races: Cannot load race file: eldari
../races/vampire: No such file or directory
Fri Sep 12 11:46:35 2025 :: [*****] BUG: load_races: Cannot load race file: vampire
Fri Sep 12 11:46:35 2025 :: Loading news data
Fri Sep 12 11:46:35 2025 :: Loading liquids
Fri Sep 12 11:46:35 2025 :: Loading mixtures
Fri Sep 12 11:46:35 2025 :: Loading herb table
Fri Sep 12 11:46:35 2025 :: Loading tongues
Fri Sep 12 11:46:35 2025 :: Making wizlist
Fri Sep 12 11:46:35 2025 :: Loading MSSP Data...
Fri Sep 12 11:46:35 2025 :: Initializing random number generator
Fri Sep 12 11:46:35 2025 :: Setting time and weather.
Fri Sep 12 11:46:35 2025 :: Loading holiday chart...
Fri Sep 12 11:46:35 2025 :: Loading DNS cache...
Fri Sep 12 11:46:35 2025 :: Assigning gsn's
ASSIGN_GSN: Skill evasive style not found.
ASSIGN_GSN: Skill defensive style not found.
ASSIGN_GSN: Skill standard style not found.
ASSIGN_GSN: Skill berserk style not found.
ASSIGN_GSN: Skill pugilism not found.
ASSIGN_GSN: Skill unarmed not found.
ASSIGN_GSN: Skill maces not found.
ASSIGN_GSN: Skill staves not found.
ASSIGN_GSN: Skill spears not found.
ASSIGN_GSN: Skill polearms not found.
ASSIGN_GSN: Skill bows not found.
ASSIGN_GSN: Skill xbows not found.
ASSIGN_GSN: Skill firearms not found.
ASSIGN_GSN: Skill long blades not found.
ASSIGN_GSN: Skill short blades not found.
ASSIGN_GSN: Skill flexible arms not found.
ASSIGN_GSN: Skill talonous arms not found.
ASSIGN_GSN: Skill bludgeons not found.
ASSIGN_GSN: Skill missile weapons not found.
ASSIGN_GSN: Skill detrap not found.
ASSIGN_GSN: Skill backstab not found.
ASSIGN_GSN: Skill circle not found.
ASSIGN_GSN: Skill tumble not found.
ASSIGN_GSN: Skill dodge not found.
ASSIGN_GSN: Skill hide not found.
ASSIGN_GSN: Skill peek not found.
ASSIGN_GSN: Skill pick lock not found.
ASSIGN_GSN: Skill sneak not found.
ASSIGN_GSN: Skill steal not found.
ASSIGN_GSN: Skill gouge not found.
ASSIGN_GSN: Skill poison weapon not found.
ASSIGN_GSN: Skill disarm not found.
ASSIGN_GSN: Skill enhanced damage not found.
ASSIGN_GSN: Skill kick not found.
ASSIGN_GSN: Skill parry not found.
ASSIGN_GSN: Skill rescue not found.
ASSIGN_GSN: Skill second attack not found.
ASSIGN_GSN: Skill third attack not found.
ASSIGN_GSN: Skill fourth attack not found.
ASSIGN_GSN: Skill fifth attack not found.
ASSIGN_GSN: Skill dual wield not found.
ASSIGN_GSN: Skill punch not found.
ASSIGN_GSN: Skill bash not found.
ASSIGN_GSN: Skill stun not found.
ASSIGN_GSN: Skill doorbash not found.
ASSIGN_GSN: Skill grip not found.
ASSIGN_GSN: Skill berserk not found.
ASSIGN_GSN: Skill hitall not found.
ASSIGN_GSN: Skill feed not found.
ASSIGN_GSN: Skill bloodlet not found.
ASSIGN_GSN: Skill cleave not found.
ASSIGN_GSN: Skill pounce not found.
ASSIGN_GSN: Skill grapple not found.
ASSIGN_GSN: Skill broach not found.
ASSIGN_GSN: Skill mistwalk not found.
ASSIGN_GSN: Skill track not found.
ASSIGN_GSN: Skill meditate not found.
ASSIGN_GSN: Skill trance not found.
ASSIGN_GSN: Skill search not found.
ASSIGN_GSN: Skill dig not found.
ASSIGN_GSN: Skill mount not found.
ASSIGN_GSN: Skill bite not found.
ASSIGN_GSN: Skill claw not found.
ASSIGN_GSN: Skill sting not found.
ASSIGN_GSN: Skill tail not found.
ASSIGN_GSN: Skill scribe not found.
ASSIGN_GSN: Skill brew not found.
ASSIGN_GSN: Skill climb not found.
ASSIGN_GSN: Skill cook not found.
ASSIGN_GSN: Skill scan not found.
ASSIGN_GSN: Skill slice not found.
ASSIGN_GSN: Skill fireball not found.
ASSIGN_GSN: Skill chill touch not found.
ASSIGN_GSN: Skill lightning bolt not found.
ASSIGN_GSN: Skill aqua breath not found.
ASSIGN_GSN: Skill blindness not found.
ASSIGN_GSN: Skill charm person not found.
ASSIGN_GSN: Skill curse not found.
ASSIGN_GSN: Skill invis not found.
ASSIGN_GSN: Skill mass invis not found.
ASSIGN_GSN: Skill poison not found.
ASSIGN_GSN: Skill sleep not found.
ASSIGN_GSN: Skill possess not found.
ASSIGN_GSN: Skill common not found.
ASSIGN_GSN: Skill elven not found.
ASSIGN_GSN: Skill dwarven not found.
ASSIGN_GSN: Skill pixie not found.
ASSIGN_GSN: Skill ogre not found.
ASSIGN_GSN: Skill orcish not found.
ASSIGN_GSN: Skill trollese not found.
ASSIGN_GSN: Skill goblin not found.
ASSIGN_GSN: Skill halfling not found.
ASSIGN_GSN: Skill gnomish not found.
Fri Sep 12 11:46:35 2025 :: Reading in area files...
(help.are)
Fri Sep 12 11:46:35 2025 :: [*****] BUG: fread_fuss_mobile: vnum 71: Mob has invalid race! Defaulting to monster.
Fri Sep 12 11:46:35 2025 :: [*****] FILE: limbo.are LINE: 666
limbo.are     : Rooms:     2 - 99    Objs:     2 - 99    Mobs:     1 - 99
Fri Sep 12 11:46:36 2025 :: [*****] BUG: fread_fuss_mobile: vnum 10319: Mob has invalid race! Defaulting to monster.
Fri Sep 12 11:46:36 2025 :: [*****] FILE: newacad.are LINE: 613
Fri Sep 12 11:46:36 2025 :: [*****] BUG: fread_fuss_mobile: vnum 10320: Mob has invalid race! Defaulting to monster.
Fri Sep 12 11:46:36 2025 :: [*****] FILE: newacad.are LINE: 639
Fri Sep 12 11:46:36 2025 :: [*****] BUG: fread_fuss_mobile: vnum 10321: Mob has invalid race! Defaulting to monster.
Fri Sep 12 11:46:36 2025 :: [*****] FILE: newacad.are LINE: 665
Fri Sep 12 11:46:36 2025 :: [*****] BUG: fread_fuss_mobile: vnum 10322: Mob has invalid race! Defaulting to monster.
Fri Sep 12 11:46:36 2025 :: [*****] FILE: newacad.are LINE: 691
Fri Sep 12 11:46:36 2025 :: [*****] BUG: fread_fuss_mobile: vnum 10323: Mob has invalid race! Defaulting to monster.
Fri Sep 12 11:46:36 2025 :: [*****] FILE: newacad.are LINE: 717
Fri Sep 12 11:46:36 2025 :: [*****] BUG: fread_fuss_mobile: vnum 10324: Mob has invalid race! Defaulting to monster.
Fri Sep 12 11:46:36 2025 :: [*****] FILE: newacad.are LINE: 743
Fri Sep 12 11:46:36 2025 :: [*****] BUG: fread_fuss_mobile: vnum 10325: Mob has invalid race! Defaulting to monster.
Fri Sep 12 11:46:36 2025 :: [*****] FILE: newacad.are LINE: 770
Fri Sep 12 11:46:36 2025 :: [*****] BUG: fread_fuss_mobile: vnum 10333: Mob has invalid race! Defaulting to monster.
Fri Sep 12 11:46:36 2025 :: [*****] FILE: newacad.are LINE: 973
Fri Sep 12 11:46:36 2025 :: [*****] BUG: fread_fuss_mobile: vnum 10334: Mob has invalid race! Defaulting to monster.
Fri Sep 12 11:46:36 2025 :: [*****] FILE: newacad.are LINE: 1020
Fri Sep 12 11:46:36 2025 :: [*****] BUG: fread_fuss_mobile: vnum 10335: Mob has invalid race! Defaulting to monster.
Fri Sep 12 11:46:36 2025 :: [*****] FILE: newacad.are LINE: 1067
Fri Sep 12 11:46:36 2025 :: [*****] BUG: fread_fuss_mobile: vnum 10336: Mob has invalid race! Defaulting to monster.
Fri Sep 12 11:46:36 2025 :: [*****] FILE: newacad.are LINE: 1114
Fri Sep 12 11:46:36 2025 :: [*****] BUG: fread_fuss_mobile: vnum 10337: Mob has invalid race! Defaulting to monster.
Fri Sep 12 11:46:36 2025 :: [*****] FILE: newacad.are LINE: 1161
Fri Sep 12 11:46:36 2025 :: [*****] BUG: fread_fuss_mobile: vnum 10338: Mob has invalid race! Defaulting to monster.
Fri Sep 12 11:46:36 2025 :: [*****] FILE: newacad.are LINE: 1208
Fri Sep 12 11:46:36 2025 :: [*****] BUG: fread_fuss_mobile: vnum 10343: Mob has invalid race! Defaulting to monster.
Fri Sep 12 11:46:36 2025 :: [*****] FILE: newacad.are LINE: 1430
Fri Sep 12 11:46:36 2025 :: [*****] BUG: fread_fuss_mobile: vnum 10344: Mob has invalid race! Defaulting to monster.
Fri Sep 12 11:46:36 2025 :: [*****] FILE: newacad.are LINE: 1481
Fri Sep 12 11:46:36 2025 :: [*****] BUG: fread_fuss_mobile: vnum 10347: Mob has invalid race! Defaulting to monster.
Fri Sep 12 11:46:36 2025 :: [*****] FILE: newacad.are LINE: 1685
Fri Sep 12 11:46:36 2025 :: [*****] BUG: fread_fuss_mobile: vnum 10348: Mob has invalid race! Defaulting to monster.
Fri Sep 12 11:46:36 2025 :: [*****] FILE: newacad.are LINE: 1711
Fri Sep 12 11:46:36 2025 :: [*****] BUG: fread_fuss_mobile: vnum 10359: Mob has invalid race! Defaulting to monster.
Fri Sep 12 11:46:36 2025 :: [*****] FILE: newacad.are LINE: 2481
Fri Sep 12 11:46:36 2025 :: [*****] BUG: fread_fuss_mobile: vnum 10360: Mob has invalid race! Defaulting to monster.
Fri Sep 12 11:46:36 2025 :: [*****] FILE: newacad.are LINE: 2506
Fri Sep 12 11:46:36 2025 :: [*****] BUG: fread_fuss_mobile: vnum 10362: Mob has invalid race! Defaulting to monster.
Fri Sep 12 11:46:36 2025 :: [*****] FILE: newacad.are LINE: 2553
Fri Sep 12 11:46:36 2025 :: [*****] BUG: fread_fuss_mobile: vnum 10363: Mob has invalid race! Defaulting to monster.
Fri Sep 12 11:46:36 2025 :: [*****] FILE: newacad.are LINE: 2578
Fri Sep 12 11:46:36 2025 :: [*****] BUG: fread_fuss_mobile: vnum 10366: Mob has invalid race! Defaulting to monster.
Fri Sep 12 11:46:36 2025 :: [*****] FILE: newacad.are LINE: 2655
Fri Sep 12 11:46:36 2025 :: [*****] BUG: fread_fuss_mobile: vnum 10367: Mob has invalid race! Defaulting to monster.
Fri Sep 12 11:46:36 2025 :: [*****] FILE: newacad.are LINE: 2681
Fri Sep 12 11:46:36 2025 :: [*****] BUG: fread_fuss_mobile: vnum 10368: Mob has invalid race! Defaulting to monster.
Fri Sep 12 11:46:36 2025 :: [*****] FILE: newacad.are LINE: 2707
Fri Sep 12 11:46:36 2025 :: [*****] BUG: fread_fuss_mobile: vnum 10369: Mob has invalid race! Defaulting to monster.
Fri Sep 12 11:46:36 2025 :: [*****] FILE: newacad.are LINE: 2733
Fri Sep 12 11:46:36 2025 :: [*****] BUG: fread_fuss_mobile: vnum 10370: Mob has invalid race! Defaulting to monster.
Fri Sep 12 11:46:36 2025 :: [*****] FILE: newacad.are LINE: 2759
Fri Sep 12 11:46:36 2025 :: [*****] BUG: fread_fuss_mobile: vnum 10371: Mob has invalid race! Defaulting to monster.
Fri Sep 12 11:46:36 2025 :: [*****] FILE: newacad.are LINE: 2785
Fri Sep 12 11:46:36 2025 :: [*****] BUG: fread_fuss_mobile: vnum 10372: Mob has invalid race! Defaulting to monster.
Fri Sep 12 11:46:36 2025 :: [*****] FILE: newacad.are LINE: 2811
Fri Sep 12 11:46:36 2025 :: [*****] BUG: fread_fuss_mobile: vnum 10393: Mob has invalid race! Defaulting to monster.
Fri Sep 12 11:46:36 2025 :: [*****] FILE: newacad.are LINE: 2884
Fri Sep 12 11:46:36 2025 :: [*****] BUG: fread_fuss_mobile: vnum 10397: Mob has invalid race! Defaulting to monster.
Fri Sep 12 11:46:36 2025 :: [*****] FILE: newacad.are LINE: 3022
Fri Sep 12 11:46:36 2025 :: [*****] BUG: fread_fuss_mobile: vnum 10401: Mob has invalid race! Defaulting to monster.
Fri Sep 12 11:46:36 2025 :: [*****] FILE: newacad.are LINE: 3311
Fri Sep 12 11:46:36 2025 :: [*****] BUG: fread_fuss_mobile: vnum 10405: Mob has invalid race! Defaulting to monster.
Fri Sep 12 11:46:36 2025 :: [*****] FILE: newacad.are LINE: 3448
newacad.are   : Rooms: 10300 - 10499 Objs: 10300 - 10499 Mobs: 10300 - 10499
Fri Sep 12 11:46:36 2025 :: [*****] BUG: fread_fuss_mobile: vnum 102: Mob has invalid race! Defaulting to monster.
Fri Sep 12 11:46:36 2025 :: [*****] FILE: newgate.are LINE: 187
newgate.are   : Rooms:   100 - 199   Objs:   100 - 199   Mobs:   100 - 199
Fri Sep 12 11:46:36 2025 :: [*****] BUG: fread_fuss_mobile: vnum 21001: Mob has invalid race! Defaulting to monster.
Fri Sep 12 11:46:36 2025 :: [*****] FILE: newdark.are LINE: 47
Fri Sep 12 11:46:36 2025 :: [*****] BUG: fread_fuss_mobile: vnum 21002: Mob has invalid race! Defaulting to monster.
Fri Sep 12 11:46:36 2025 :: [*****] FILE: newdark.are LINE: 75
Fri Sep 12 11:46:36 2025 :: [*****] BUG: fread_fuss_mobile: vnum 21003: Mob has invalid race! Defaulting to monster.
Fri Sep 12 11:46:36 2025 :: [*****] FILE: newdark.are LINE: 103
Fri Sep 12 11:46:36 2025 :: [*****] BUG: fread_fuss_mobile: vnum 21004: Mob has invalid race! Defaulting to monster.
Fri Sep 12 11:46:36 2025 :: [*****] FILE: newdark.are LINE: 131
newdark.are   : Rooms: 21000 - 21499 Objs: 21000 - 21435 Mobs: 21000 - 21499
Fri Sep 12 11:46:36 2025 :: [*****] BUG: fread_fuss_mobile: vnum 1200: Mob has invalid race! Defaulting to monster.
Fri Sep 12 11:46:36 2025 :: [*****] FILE: gods.are LINE: 20
gods.are      : Rooms:  1200 - 1201  Objs:  1200 - 1200  Mobs:  1200 - 1200
plains.are    : Rooms:   300 - 345   Objs:   300 - 313   Mobs:   300 - 350
Fri Sep 12 11:46:36 2025 :: [*****] BUG: fread_fuss_mobile: vnum 6115: Mob has invalid race! Defaulting to monster.
Fri Sep 12 11:46:36 2025 :: [*****] FILE: haon.are LINE: 336
haon.are      : Rooms:  6000 - 6156  Objs:  6000 - 6155  Mobs:  6000 - 6117
Fri Sep 12 11:46:36 2025 :: [*****] BUG: fread_fuss_mobile: vnum 3504: Mob has invalid race! Defaulting to monster.
Fri Sep 12 11:46:36 2025 :: [*****] FILE: midennir.are LINE: 162
midennir.are  : Rooms:  3500 - 3590  Objs:  3500 - 3550  Mobs:  3500 - 3550
sewer.are     : Rooms:  7001 - 7445  Objs:  7190 - 7310  Mobs:  7000 - 7206
redferne.are  : Rooms:  7900 - 7918  Objs:  7909 - 7911  Mobs:  7900 - 7900
grove.are     : Rooms:  8901 - 8999  Objs:  8900 - 8919  Mobs:  8900 - 8911
Fri Sep 12 11:46:36 2025 :: [*****] BUG: fread_fuss_mobile: vnum 6504: Mob has invalid race! Defaulting to monster.
Fri Sep 12 11:46:36 2025 :: [*****] FILE: dwarven.are LINE: 125
dwarven.are   : Rooms:  6500 - 6554  Objs:  6502 - 6519  Mobs:  6500 - 6517
Fri Sep 12 11:46:36 2025 :: [*****] BUG: fread_fuss_mobile: vnum 6600: Mob has invalid race! Defaulting to monster.
Fri Sep 12 11:46:36 2025 :: [*****] FILE: daycare.are LINE: 22
Fri Sep 12 11:46:36 2025 :: [*****] BUG: fread_fuss_mobile: vnum 6601: Mob has invalid race! Defaulting to monster.
Fri Sep 12 11:46:36 2025 :: [*****] FILE: daycare.are LINE: 49
Fri Sep 12 11:46:36 2025 :: [*****] BUG: fread_fuss_mobile: vnum 6602: Mob has invalid race! Defaulting to monster.
Fri Sep 12 11:46:36 2025 :: [*****] FILE: daycare.are LINE: 74
Fri Sep 12 11:46:36 2025 :: [*****] BUG: fread_fuss_mobile: vnum 6603: Mob has invalid race! Defaulting to monster.
Fri Sep 12 11:46:36 2025 :: [*****] FILE: daycare.are LINE: 100
Fri Sep 12 11:46:36 2025 :: [*****] BUG: fread_fuss_mobile: vnum 6606: Mob has invalid race! Defaulting to monster.
Fri Sep 12 11:46:36 2025 :: [*****] FILE: daycare.are LINE: 181
Fri Sep 12 11:46:36 2025 :: [*****] BUG: fread_fuss_mobile: vnum 6607: Mob has invalid race! Defaulting to monster.
Fri Sep 12 11:46:36 2025 :: [*****] FILE: daycare.are LINE: 223
Fri Sep 12 11:46:36 2025 :: [*****] BUG: fread_fuss_mobile: vnum 6608: Mob has invalid race! Defaulting to monster.
Fri Sep 12 11:46:36 2025 :: [*****] FILE: daycare.are LINE: 250
Fri Sep 12 11:46:36 2025 :: [*****] BUG: fread_fuss_mobile: vnum 6609: Mob has invalid race! Defaulting to monster.
Fri Sep 12 11:46:36 2025 :: [*****] FILE: daycare.are LINE: 278
Fri Sep 12 11:46:36 2025 :: [*****] BUG: fread_fuss_mobile: vnum 6610: Mob has invalid race! Defaulting to monster.
Fri Sep 12 11:46:36 2025 :: [*****] FILE: daycare.are LINE: 303
daycare.are   : Rooms:  6601 - 6651  Objs:  6600 - 6647  Mobs:  6600 - 6610
grave.are     : Rooms:  3600 - 3651  Objs:  3600 - 3613  Mobs:  3600 - 3605
chapel.are    : Rooms:  3405 - 3475  Objs:  3400 - 3430  Mobs:  3400 - 3416
astral.are    : Rooms:   800 - 899   Objs:   800 - 899   Mobs:   800 - 899
Build.are     : Rooms:  9500 - 9589  Objs:     0 - 0     Mobs:     0 - 0
Fri Sep 12 11:46:36 2025 :: [*****] BUG: fread_fuss_mobile: vnum 2071: Mob has invalid race! Defaulting to monster.
Fri Sep 12 11:46:36 2025 :: [*****] FILE: pixie.are LINE: 73
Fri Sep 12 11:46:36 2025 :: [*****] BUG: fread_fuss_mobile: vnum 2073: Mob has invalid race! Defaulting to monster.
Fri Sep 12 11:46:36 2025 :: [*****] FILE: pixie.are LINE: 163
pixie.are     : Rooms:  2070 - 2099  Objs:  2070 - 2077  Mobs:  2070 - 2073
Fri Sep 12 11:46:36 2025 :: [*****] BUG: fread_fuss_mobile: vnum 9805: Mob has invalid race! Defaulting to monster.
Fri Sep 12 11:46:36 2025 :: [*****] FILE: export.are LINE: 266
Fri Sep 12 11:46:36 2025 :: [*****] BUG: fread_fuss_mobile: vnum 9809: Mob has invalid race! Defaulting to monster.
Fri Sep 12 11:46:36 2025 :: [*****] FILE: export.are LINE: 452
export.are    : Rooms:  9810 - 9899  Objs:  9810 - 9899  Mobs:  9800 - 9899
Fri Sep 12 11:46:36 2025 :: [*****] BUG: fread_fuss_mobile: vnum 1500: Mob has invalid race! Defaulting to monster.
Fri Sep 12 11:46:36 2025 :: [*****] FILE: srefuge.are LINE: 23
Fri Sep 12 11:46:36 2025 :: [*****] BUG: fread_fuss_mobile: vnum 1501: Mob has invalid race! Defaulting to monster.
Fri Sep 12 11:46:36 2025 :: [*****] FILE: srefuge.are LINE: 60
Fri Sep 12 11:46:36 2025 :: [*****] BUG: fread_fuss_mobile: vnum 1503: Mob has invalid race! Defaulting to monster.
Fri Sep 12 11:46:36 2025 :: [*****] FILE: srefuge.are LINE: 132
Fri Sep 12 11:46:36 2025 :: [*****] BUG: fread_fuss_mobile: vnum 1504: Mob has invalid race! Defaulting to monster.
Fri Sep 12 11:46:36 2025 :: [*****] FILE: srefuge.are LINE: 161
Fri Sep 12 11:46:36 2025 :: [*****] BUG: fread_fuss_mobile: vnum 1505: Mob has invalid race! Defaulting to monster.
Fri Sep 12 11:46:36 2025 :: [*****] FILE: srefuge.are LINE: 200
Fri Sep 12 11:46:36 2025 :: [*****] BUG: fread_fuss_mobile: vnum 1514: Mob has invalid race! Defaulting to monster.
Fri Sep 12 11:46:36 2025 :: [*****] FILE: srefuge.are LINE: 455
Fri Sep 12 11:46:36 2025 :: [*****] BUG: fread_fuss_mobile: vnum 1522: Mob has invalid race! Defaulting to monster.
Fri Sep 12 11:46:36 2025 :: [*****] FILE: srefuge.are LINE: 721
Fri Sep 12 11:46:36 2025 :: [*****] BUG: fread_fuss_mobile: vnum 1527: Mob has invalid race! Defaulting to monster.
Fri Sep 12 11:46:36 2025 :: [*****] FILE: srefuge.are LINE: 859
Fri Sep 12 11:46:36 2025 :: [*****] BUG: fread_fuss_mobile: vnum 1530: Mob has invalid race! Defaulting to monster.
Fri Sep 12 11:46:36 2025 :: [*****] FILE: srefuge.are LINE: 954
Fri Sep 12 11:46:36 2025 :: [*****] BUG: fread_fuss_mobile: vnum 1531: Mob has invalid race! Defaulting to monster.
Fri Sep 12 11:46:36 2025 :: [*****] FILE: srefuge.are LINE: 1000
Fri Sep 12 11:46:36 2025 :: [*****] BUG: fread_fuss_mobile: vnum 1532: Mob has invalid race! Defaulting to monster.
Fri Sep 12 11:46:36 2025 :: [*****] FILE: srefuge.are LINE: 1044
Fri Sep 12 11:46:36 2025 :: [*****] BUG: fread_fuss_mobile: vnum 1533: Mob has invalid race! Defaulting to monster.
Fri Sep 12 11:46:36 2025 :: [*****] FILE: srefuge.are LINE: 1081
Fri Sep 12 11:46:36 2025 :: [*****] BUG: fread_fuss_mobile: vnum 1534: Mob has invalid race! Defaulting to monster.
Fri Sep 12 11:46:36 2025 :: [*****] FILE: srefuge.are LINE: 1111
Fri Sep 12 11:46:36 2025 :: [*****] BUG: fread_fuss_mobile: vnum 1535: Mob has invalid race! Defaulting to monster.
Fri Sep 12 11:46:36 2025 :: [*****] FILE: srefuge.are LINE: 1155
Fri Sep 12 11:46:36 2025 :: [*****] BUG: fread_fuss_mobile: vnum 1536: Mob has invalid race! Defaulting to monster.
Fri Sep 12 11:46:36 2025 :: [*****] FILE: srefuge.are LINE: 1192
Fri Sep 12 11:46:36 2025 :: [*****] BUG: fread_fuss_mobile: vnum 1537: Mob has invalid race! Defaulting to monster.
Fri Sep 12 11:46:36 2025 :: [*****] FILE: srefuge.are LINE: 1236
Fri Sep 12 11:46:36 2025 :: [*****] BUG: fread_fuss_mobile: vnum 1538: Mob has invalid race! Defaulting to monster.
Fri Sep 12 11:46:36 2025 :: [*****] FILE: srefuge.are LINE: 1279
Fri Sep 12 11:46:36 2025 :: [*****] BUG: fread_fuss_mobile: vnum 1566: Mob has invalid race! Defaulting to monster.
Fri Sep 12 11:46:36 2025 :: [*****] FILE: srefuge.are LINE: 1742
srefuge.are   : Rooms:  1500 - 1599  Objs:  1500 - 1599  Mobs:  1500 - 1599
manor.are     : Rooms:  2400 - 2499  Objs:  2400 - 2499  Mobs:  2405 - 2484
unholy.are    : Rooms:  2101 - 2172  Objs:  2101 - 2150  Mobs:  2101 - 2120
Fri Sep 12 11:46:36 2025 :: [*****] BUG: fread_fuss_mobile: vnum 24803: Mob has invalid race! Defaulting to monster.
Fri Sep 12 11:46:36 2025 :: [*****] FILE: gallery.are LINE: 176
Fri Sep 12 11:46:36 2025 :: [*****] BUG: fread_fuss_mobile: vnum 24805: Mob has invalid race! Defaulting to monster.
Fri Sep 12 11:46:36 2025 :: [*****] FILE: gallery.are LINE: 238
Fri Sep 12 11:46:36 2025 :: [*****] BUG: fread_fuss_mobile: vnum 24806: Mob has invalid race! Defaulting to monster.
Fri Sep 12 11:46:36 2025 :: [*****] FILE: gallery.are LINE: 274
Fri Sep 12 11:46:36 2025 :: [*****] BUG: fread_fuss_mobile: vnum 24807: Mob has invalid race! Defaulting to monster.
Fri Sep 12 11:46:36 2025 :: [*****] FILE: gallery.are LINE: 309
Fri Sep 12 11:46:36 2025 :: [*****] BUG: fread_fuss_mobile: vnum 24808: Mob has invalid race! Defaulting to monster.
Fri Sep 12 11:46:36 2025 :: [*****] FILE: gallery.are LINE: 344
Fri Sep 12 11:46:36 2025 :: [*****] BUG: fread_fuss_mobile: vnum 24809: Mob has invalid race! Defaulting to monster.
Fri Sep 12 11:46:36 2025 :: [*****] FILE: gallery.are LINE: 379
Fri Sep 12 11:46:36 2025 :: [*****] BUG: fread_fuss_mobile: vnum 24810: Mob has invalid race! Defaulting to monster.
Fri Sep 12 11:46:36 2025 :: [*****] FILE: gallery.are LINE: 414
Fri Sep 12 11:46:36 2025 :: [*****] BUG: fread_fuss_mobile: vnum 24811: Mob has invalid race! Defaulting to monster.
Fri Sep 12 11:46:36 2025 :: [*****] FILE: gallery.are LINE: 450
Fri Sep 12 11:46:36 2025 :: [*****] BUG: fread_fuss_mobile: vnum 24815: Mob has invalid race! Defaulting to monster.
Fri Sep 12 11:46:36 2025 :: [*****] FILE: gallery.are LINE: 590
Fri Sep 12 11:46:36 2025 :: [*****] BUG: fread_fuss_mobile: vnum 24822: Mob has invalid race! Defaulting to monster.
Fri Sep 12 11:46:36 2025 :: [*****] FILE: gallery.are LINE: 881
Fri Sep 12 11:46:36 2025 :: [*****] BUG: fread_fuss_mobile: vnum 24823: Mob has invalid race! Defaulting to monster.
Fri Sep 12 11:46:36 2025 :: [*****] FILE: gallery.are LINE: 908
Fri Sep 12 11:46:36 2025 :: [*****] BUG: fread_fuss_mobile: vnum 24824: Mob has invalid race! Defaulting to monster.
Fri Sep 12 11:46:36 2025 :: [*****] FILE: gallery.are LINE: 936
Fri Sep 12 11:46:36 2025 :: [*****] BUG: fread_fuss_mobile: vnum 24825: Mob has invalid race! Defaulting to monster.
Fri Sep 12 11:46:36 2025 :: [*****] FILE: gallery.are LINE: 963
Fri Sep 12 11:46:36 2025 :: [*****] BUG: fread_fuss_mobile: vnum 24828: Mob has invalid race! Defaulting to monster.
Fri Sep 12 11:46:36 2025 :: [*****] FILE: gallery.are LINE: 1065
Fri Sep 12 11:46:36 2025 :: [*****] BUG: fread_fuss_mobile: vnum 24829: Mob has invalid race! Defaulting to monster.
Fri Sep 12 11:46:36 2025 :: [*****] FILE: gallery.are LINE: 1131
Fri Sep 12 11:46:36 2025 :: [*****] BUG: fread_fuss_mobile: vnum 24833: Mob has invalid race! Defaulting to monster.
Fri Sep 12 11:46:36 2025 :: [*****] FILE: gallery.are LINE: 1265
Fri Sep 12 11:46:36 2025 :: [*****] BUG: fread_fuss_mobile: vnum 24837: Mob has invalid race! Defaulting to monster.
Fri Sep 12 11:46:36 2025 :: [*****] FILE: gallery.are LINE: 1386
Fri Sep 12 11:46:36 2025 :: [*****] BUG: fread_fuss_mobile: vnum 24838: Mob has invalid race! Defaulting to monster.
Fri Sep 12 11:46:36 2025 :: [*****] FILE: gallery.are LINE: 1411
Fri Sep 12 11:46:36 2025 :: [*****] BUG: fread_fuss_mobile: vnum 24839: Mob has invalid race! Defaulting to monster.
Fri Sep 12 11:46:36 2025 :: [*****] FILE: gallery.are LINE: 1436
Fri Sep 12 11:46:36 2025 :: [*****] BUG: fread_fuss_mobile: vnum 24840: Mob has invalid race! Defaulting to monster.
Fri Sep 12 11:46:36 2025 :: [*****] FILE: gallery.are LINE: 1460
Fri Sep 12 11:46:36 2025 :: [*****] BUG: fread_fuss_mobile: vnum 24841: Mob has invalid race! Defaulting to monster.
Fri Sep 12 11:46:36 2025 :: [*****] FILE: gallery.are LINE: 1484
Fri Sep 12 11:46:36 2025 :: [*****] BUG: fread_fuss_mobile: vnum 24842: Mob has invalid race! Defaulting to monster.
Fri Sep 12 11:46:36 2025 :: [*****] FILE: gallery.are LINE: 1508
Fri Sep 12 11:46:36 2025 :: [*****] BUG: fread_fuss_mobile: vnum 24843: Mob has invalid race! Defaulting to monster.
Fri Sep 12 11:46:36 2025 :: [*****] FILE: gallery.are LINE: 1534
gallery.are   : Rooms: 24800 - 24899 Objs: 24800 - 24899 Mobs: 24800 - 24899
Fri Sep 12 11:46:36 2025 :: [*****] BUG: fread_fuss_mobile: vnum 50000: Mob has invalid race! Defaulting to monster.
Fri Sep 12 11:46:36 2025 :: [*****] FILE: housing.are LINE: 23
Fri Sep 12 11:46:36 2025 :: [*****] BUG: fread_fuss_mobile: vnum 54999: Mob has invalid race! Defaulting to monster.
Fri Sep 12 11:46:36 2025 :: [*****] FILE: housing.are LINE: 49
housing.are   : Rooms: 50000 - 54999 Objs: 50000 - 54999 Mobs: 50000 - 54999
Fri Sep 12 11:46:36 2025 :: Fixing exits
Fri Sep 12 11:46:36 2025 :: Initializing economy
Fri Sep 12 11:46:36 2025 :: Resetting areas
Fri Sep 12 11:46:36 2025 :: Loading buildlist
Fri Sep 12 11:46:36 2025 :: ../gods/Dragus
Fri Sep 12 11:46:36 2025 :: Loading boards
Fri Sep 12 11:46:36 2025 :: ../boards/immortal.brd
Fri Sep 12 11:46:36 2025 :: ../boards/highgod.brd
Fri Sep 12 11:46:36 2025 :: Loading vault list
Fri Sep 12 11:46:36 2025 :: $
Fri Sep 12 11:46:36 2025 ::  Done vaults 
Fri Sep 12 11:46:36 2025 :: Loading clans
Fri Sep 12 11:46:36 2025 :: Loading clans...
Fri Sep 12 11:46:36 2025 :: vampire.gui
Fri Sep 12 11:46:36 2025 :: Cannot open vault - ../clans/vampire.gui.vault
Fri Sep 12 11:46:36 2025 :: druid.gui
Fri Sep 12 11:46:36 2025 :: Cannot open vault - ../clans/druid.gui.vault
Fri Sep 12 11:46:36 2025 :: warrior.gui
Fri Sep 12 11:46:36 2025 :: Cannot open vault - ../clans/warrior.gui.vault
Fri Sep 12 11:46:36 2025 :: augurer.gui
Fri Sep 12 11:46:36 2025 :: Cannot open vault - ../clans/augurer.gui.vault
Fri Sep 12 11:46:36 2025 :: thief.gui
Fri Sep 12 11:46:36 2025 :: Cannot open vault - ../clans/thief.gui.vault
Fri Sep 12 11:46:36 2025 :: cleric.gui
Fri Sep 12 11:46:36 2025 :: Cannot open vault - ../clans/cleric.gui.vault
Fri Sep 12 11:46:36 2025 :: mage.gui
Fri Sep 12 11:46:36 2025 :: Cannot open vault - ../clans/mage.gui.vault
Fri Sep 12 11:46:36 2025 :: ranger.gui
Fri Sep 12 11:46:36 2025 :: Cannot open vault - ../clans/ranger.gui.vault
Fri Sep 12 11:46:36 2025 :: $
Fri Sep 12 11:46:36 2025 ::  Done clans 
Fri Sep 12 11:46:36 2025 :: Loading councils
Fri Sep 12 11:46:36 2025 :: Loading councils...
Fri Sep 12 11:46:36 2025 :: $
Fri Sep 12 11:46:36 2025 ::  Done councils 
Fri Sep 12 11:46:36 2025 :: Loading deities
Fri Sep 12 11:46:36 2025 :: Loading deities...
Fri Sep 12 11:46:36 2025 :: $
Fri Sep 12 11:46:36 2025 ::  Done deities 
Fri Sep 12 11:46:36 2025 :: Loading watches
Fri Sep 12 11:46:36 2025 :: Loading bans
Fri Sep 12 11:46:36 2025 :: Done.
Fri Sep 12 11:46:36 2025 :: Loading reserved names
Fri Sep 12 11:46:36 2025 :: Loading corpses
Fri Sep 12 11:46:36 2025 :: Loading Immortal Hosts
Fri Sep 12 11:46:36 2025 :: Done.
Fri Sep 12 11:46:36 2025 :: Loading Projects
Fri Sep 12 11:46:36 2025 :: Loading Morphs
Fri Sep 12 11:46:36 2025 :: Done.
Fri Sep 12 11:46:36 2025 :: Loading Housing System, Home Accessories Data, and Home Auctioning System
Fri Sep 12 11:46:36 2025 :: Loading login messages
Fri Sep 12 11:46:36 2025 :: Initializing socket
Fri Sep 12 11:46:36 2025 :: (Name Not Set) ready on port 9001.
Fri Sep 12 11:46:41 2025 :: Preloading player data for: Dragus (18K)
Fri Sep 12 11:46:41 2025 :: [*****] BUG: fread_char: no match: 145
Fri Sep 12 11:46:41 2025 :: [*****] FILE: ../player/d/Dragus LINE: 14
Fri Sep 12 11:46:41 2025 :: [*****] BUG: fread_char: no match: 3
Fri Sep 12 11:46:41 2025 :: [*****] FILE: ../player/d/Dragus LINE: 15
Fri Sep 12 11:46:43 2025 :: Loading player data for: Dragus (18K)
Fri Sep 12 11:46:43 2025 :: [*****] BUG: fread_char: no match: 145
Fri Sep 12 11:46:43 2025 :: [*****] FILE: ../player/d/Dragus LINE: 14
Fri Sep 12 11:46:43 2025 :: [*****] BUG: fread_char: no match: 3
Fri Sep 12 11:46:43 2025 :: [*****] FILE: ../player/d/Dragus LINE: 15
Fri Sep 12 11:46:43 2025 :: [*****] BUG: fread_char: unknown spell.
Fri Sep 12 11:46:43 2025 :: [*****] FILE: ../player/d/Dragus LINE: 52
Fri Sep 12 11:46:43 2025 :: [*****] BUG: fread_char: unknown spell.
Fri Sep 12 11:46:43 2025 :: [*****] FILE: ../player/d/Dragus LINE: 60
Fri Sep 12 11:46:43 2025 :: [*****] BUG: fread_char: unknown spell.
Fri Sep 12 11:46:43 2025 :: [*****] FILE: ../player/d/Dragus LINE: 62
Fri Sep 12 11:46:43 2025 :: [*****] BUG: fread_char: unknown spell.
Fri Sep 12 11:46:43 2025 :: [*****] FILE: ../player/d/Dragus LINE: 63
Fri Sep 12 11:46:43 2025 :: [*****] BUG: fread_char: unknown spell.
Fri Sep 12 11:46:43 2025 :: [*****] FILE: ../player/d/Dragus LINE: 64
Fri Sep 12 11:46:43 2025 :: [*****] BUG: fread_char: unknown skill.
Fri Sep 12 11:46:43 2025 :: [*****] FILE: ../player/d/Dragus LINE: 65
Fri Sep 12 11:46:43 2025 :: [*****] BUG: fread_char: unknown skill.
Fri Sep 12 11:46:43 2025 :: [*****] FILE: ../player/d/Dragus LINE: 66
Fri Sep 12 11:46:43 2025 :: [*****] BUG: fread_char: unknown spell.
Fri Sep 12 11:46:43 2025 :: [*****] FILE: ../player/d/Dragus LINE: 67
Fri Sep 12 11:46:43 2025 :: [*****] BUG: fread_char: unknown spell.
Fri Sep 12 11:46:43 2025 :: [*****] FILE: ../player/d/Dragus LINE: 68
Fri Sep 12 11:46:43 2025 :: [*****] BUG: fread_char: unknown skill.
Fri Sep 12 11:46:43 2025 :: [*****] FILE: ../player/d/Dragus LINE: 69
Fri Sep 12 11:46:43 2025 :: [*****] BUG: fread_char: unknown skill.
Fri Sep 12 11:46:43 2025 :: [*****] FILE: ../player/d/Dragus LINE: 70
Fri Sep 12 11:46:43 2025 :: [*****] BUG: fread_char: unknown spell.
Fri Sep 12 11:46:43 2025 :: [*****] FILE: ../player/d/Dragus LINE: 71
Fri Sep 12 11:46:43 2025 :: [*****] BUG: fread_char: unknown skill.
Fri Sep 12 11:46:43 2025 :: [*****] FILE: ../player/d/Dragus LINE: 72
Fri Sep 12 11:46:43 2025 :: [*****] BUG: fread_char: unknown spell.
Fri Sep 12 11:46:43 2025 :: [*****] FILE: ../player/d/Dragus LINE: 73
Fri Sep 12 11:46:43 2025 :: [*****] BUG: fread_char: unknown spell.
Fri Sep 12 11:46:43 2025 :: [*****] FILE: ../player/d/Dragus LINE: 74
Fri Sep 12 11:46:43 2025 :: [*****] BUG: fread_char: unknown spell.
Fri Sep 12 11:46:43 2025 :: [*****] FILE: ../player/d/Dragus LINE: 75
Fri Sep 12 11:46:43 2025 :: [*****] BUG: fread_char: unknown spell.
Fri Sep 12 11:46:43 2025 :: [*****] FILE: ../player/d/Dragus LINE: 76
Fri Sep 12 11:46:43 2025 :: [*****] BUG: fread_char: unknown spell.
Fri Sep 12 11:46:43 2025 :: [*****] FILE: ../player/d/Dragus LINE: 77
Fri Sep 12 11:46:43 2025 :: [*****] BUG: fread_char: unknown spell.
Fri Sep 12 11:46:43 2025 :: [*****] FILE: ../player/d/Dragus LINE: 78
Fri Sep 12 11:46:43 2025 :: [*****] BUG: fread_char: unknown spell.
Fri Sep 12 11:46:43 2025 :: [*****] FILE: ../player/d/Dragus LINE: 79
Fri Sep 12 11:46:43 2025 :: [*****] BUG: fread_char: unknown skill.
Fri Sep 12 11:46:43 2025 :: [*****] FILE: ../player/d/Dragus LINE: 80
Fri Sep 12 11:46:43 2025 :: [*****] BUG: fread_char: unknown skill.
Fri Sep 12 11:46:43 2025 :: [*****] FILE: ../player/d/Dragus LINE: 81
Fri Sep 12 11:46:43 2025 :: [*****] BUG: fread_char: unknown weapon.
Fri Sep 12 11:46:43 2025 :: [*****] FILE: ../player/d/Dragus LINE: 82
Fri Sep 12 11:46:43 2025 :: [*****] BUG: fread_char: unknown skill.
Fri Sep 12 11:46:43 2025 :: [*****] FILE: ../player/d/Dragus LINE: 83
Fri Sep 12 11:46:43 2025 :: [*****] BUG: fread_char: unknown skill.
Fri Sep 12 11:46:43 2025 :: [*****] FILE: ../player/d/Dragus LINE: 84
Fri Sep 12 11:46:43 2025 :: [*****] BUG: fread_char: unknown spell.
Fri Sep 12 11:46:43 2025 :: [*****] FILE: ../player/d/Dragus LINE: 85
Fri Sep 12 11:46:43 2025 :: [*****] BUG: fread_char: unknown spell.
Fri Sep 12 11:46:43 2025 :: [*****] FILE: ../player/d/Dragus LINE: 86
Fri Sep 12 11:46:43 2025 :: [*****] BUG: fread_char: unknown spell.
Fri Sep 12 11:46:43 2025 :: [*****] FILE: ../player/d/Dragus LINE: 87
Fri Sep 12 11:46:43 2025 :: [*****] BUG: fread_char: unknown spell.
Fri Sep 12 11:46:43 2025 :: [*****] FILE: ../player/d/Dragus LINE: 88
Fri Sep 12 11:46:43 2025 :: [*****] BUG: fread_char: unknown spell.
Fri Sep 12 11:46:43 2025 :: [*****] FILE: ../player/d/Dragus LINE: 89
Fri Sep 12 11:46:43 2025 :: [*****] BUG: fread_char: unknown spell.
Fri Sep 12 11:46:43 2025 :: [*****] FILE: ../player/d/Dragus LINE: 90
Fri Sep 12 11:46:43 2025 :: [*****] BUG: fread_char: unknown spell.
Fri Sep 12 11:46:43 2025 :: [*****] FILE: ../player/d/Dragus LINE: 91
Fri Sep 12 11:46:43 2025 :: [*****] BUG: fread_char: unknown spell.
Fri Sep 12 11:46:43 2025 :: [*****] FILE: ../player/d/Dragus LINE: 92
Fri Sep 12 11:46:43 2025 :: [*****] BUG: fread_char: unknown spell.
Fri Sep 12 11:46:43 2025 :: [*****] FILE: ../player/d/Dragus LINE: 93
Fri Sep 12 11:46:43 2025 :: [*****] BUG: fread_char: unknown spell.
Fri Sep 12 11:46:43 2025 :: [*****] FILE: ../player/d/Dragus LINE: 94
Fri Sep 12 11:46:43 2025 :: [*****] BUG: fread_char: unknown skill.
Fri Sep 12 11:46:43 2025 :: [*****] FILE: ../player/d/Dragus LINE: 95
Fri Sep 12 11:46:43 2025 :: [*****] BUG: fread_char: unknown skill.
Fri Sep 12 11:46:43 2025 :: [*****] FILE: ../player/d/Dragus LINE: 96
Fri Sep 12 11:46:43 2025 :: [*****] BUG: fread_char: unknown skill.
Fri Sep 12 11:46:43 2025 :: [*****] FILE: ../player/d/Dragus LINE: 97
Fri Sep 12 11:46:43 2025 :: [*****] BUG: fread_char: unknown spell.
Fri Sep 12 11:46:43 2025 :: [*****] FILE: ../player/d/Dragus LINE: 98
Fri Sep 12 11:46:43 2025 :: [*****] BUG: fread_char: unknown tongue.
Fri Sep 12 11:46:43 2025 :: [*****] FILE: ../player/d/Dragus LINE: 99
Fri Sep 12 11:46:43 2025 :: [*****] BUG: fread_char: unknown spell.
Fri Sep 12 11:46:43 2025 :: [*****] FILE: ../player/d/Dragus LINE: 100
Fri Sep 12 11:46:43 2025 :: [*****] BUG: fread_char: unknown spell.
Fri Sep 12 11:46:43 2025 :: [*****] FILE: ../player/d/Dragus LINE: 101
Fri Sep 12 11:46:43 2025 :: [*****] BUG: fread_char: unknown skill.
Fri Sep 12 11:46:43 2025 :: [*****] FILE: ../player/d/Dragus LINE: 102
Fri Sep 12 11:46:43 2025 :: [*****] BUG: fread_char: unknown spell.
Fri Sep 12 11:46:43 2025 :: [*****] FILE: ../player/d/Dragus LINE: 103
Fri Sep 12 11:46:43 2025 :: [*****] BUG: fread_char: unknown spell.
Fri Sep 12 11:46:43 2025 :: [*****] FILE: ../player/d/Dragus LINE: 104
Fri Sep 12 11:46:43 2025 :: [*****] BUG: fread_char: unknown spell.
Fri Sep 12 11:46:43 2025 :: [*****] FILE: ../player/d/Dragus LINE: 105
Fri Sep 12 11:46:43 2025 :: [*****] BUG: fread_char: unknown spell.
Fri Sep 12 11:46:43 2025 :: [*****] FILE: ../player/d/Dragus LINE: 106
Fri Sep 12 11:46:43 2025 :: [*****] BUG: fread_char: unknown spell.
Fri Sep 12 11:46:43 2025 :: [*****] FILE: ../player/d/Dragus LINE: 107
Fri Sep 12 11:46:43 2025 :: [*****] BUG: fread_char: unknown skill.
Fri Sep 12 11:46:43 2025 :: [*****] FILE: ../player/d/Dragus LINE: 108
Fri Sep 12 11:46:43 2025 :: [*****] BUG: fread_char: unknown spell.
Fri Sep 12 11:46:43 2025 :: [*****] FILE: ../player/d/Dragus LINE: 109
Fri Sep 12 11:46:43 2025 :: [*****] BUG: fread_char: unknown spell.
Fri Sep 12 11:46:43 2025 :: [*****] FILE: ../player/d/Dragus LINE: 110
Fri Sep 12 11:46:43 2025 :: [*****] BUG: fread_char: unknown spell.
Fri Sep 12 11:46:43 2025 :: [*****] FILE: ../player/d/Dragus LINE: 111
Fri Sep 12 11:46:43 2025 :: [*****] BUG: fread_char: unknown spell.
Fri Sep 12 11:46:43 2025 :: [*****] FILE: ../player/d/Dragus LINE: 112
Fri Sep 12 11:46:43 2025 :: [*****] BUG: fread_char: unknown spell.
Fri Sep 12 11:46:43 2025 :: [*****] FILE: ../player/d/Dragus LINE: 113
Fri Sep 12 11:46:43 2025 :: [*****] BUG: fread_char: unknown spell.
Fri Sep 12 11:46:43 2025 :: [*****] FILE: ../player/d/Dragus LINE: 114
Fri Sep 12 11:46:43 2025 :: [*****] BUG: fread_char: unknown skill.
Fri Sep 12 11:46:43 2025 :: [*****] FILE: ../player/d/Dragus LINE: 115
Fri Sep 12 11:46:43 2025 :: [*****] BUG: fread_char: unknown spell.
Fri Sep 12 11:46:43 2025 :: [*****] FILE: ../player/d/Dragus LINE: 116
Fri Sep 12 11:46:43 2025 :: [*****] BUG: fread_char: unknown spell.
Fri Sep 12 11:46:43 2025 :: [*****] FILE: ../player/d/Dragus LINE: 117
Fri Sep 12 11:46:43 2025 :: [*****] BUG: fread_char: unknown spell.
Fri Sep 12 11:46:43 2025 :: [*****] FILE: ../player/d/Dragus LINE: 118
Fri Sep 12 11:46:43 2025 :: [*****] BUG: fread_char: unknown spell.
Fri Sep 12 11:46:43 2025 :: [*****] FILE: ../player/d/Dragus LINE: 119
Fri Sep 12 11:46:43 2025 :: [*****] BUG: fread_char: unknown spell.
Fri Sep 12 11:46:43 2025 :: [*****] FILE: ../player/d/Dragus LINE: 120
Fri Sep 12 11:46:43 2025 :: [*****] BUG: fread_char: unknown spell.
Fri Sep 12 11:46:43 2025 :: [*****] FILE: ../player/d/Dragus LINE: 121
Fri Sep 12 11:46:43 2025 :: [*****] BUG: fread_char: unknown spell.
Fri Sep 12 11:46:43 2025 :: [*****] FILE: ../player/d/Dragus LINE: 122
Fri Sep 12 11:46:43 2025 :: [*****] BUG: fread_char: unknown skill.
Fri Sep 12 11:46:43 2025 :: [*****] FILE: ../player/d/Dragus LINE: 123
Fri Sep 12 11:46:43 2025 :: [*****] BUG: fread_char: unknown skill.
Fri Sep 12 11:46:43 2025 :: [*****] FILE: ../player/d/Dragus LINE: 124
Fri Sep 12 11:46:43 2025 :: [*****] BUG: fread_char: unknown skill.
Fri Sep 12 11:46:43 2025 :: [*****] FILE: ../player/d/Dragus LINE: 125
Fri Sep 12 11:46:43 2025 :: [*****] BUG: fread_char: unknown spell.
Fri Sep 12 11:46:43 2025 :: [*****] FILE: ../player/d/Dragus LINE: 126
Fri Sep 12 11:46:43 2025 :: [*****] BUG: fread_char: unknown spell.
Fri Sep 12 11:46:43 2025 :: [*****] FILE: ../player/d/Dragus LINE: 127
Fri Sep 12 11:46:43 2025 :: [*****] BUG: fread_char: unknown spell.
Fri Sep 12 11:46:43 2025 :: [*****] FILE: ../player/d/Dragus LINE: 128
Fri Sep 12 11:46:43 2025 :: [*****] BUG: fread_char: unknown spell.
Fri Sep 12 11:46:43 2025 :: [*****] FILE: ../player/d/Dragus LINE: 129
Fri Sep 12 11:46:43 2025 :: [*****] BUG: fread_char: unknown skill.
Fri Sep 12 11:46:43 2025 :: [*****] FILE: ../player/d/Dragus LINE: 130
Fri Sep 12 11:46:43 2025 :: [*****] BUG: fread_char: unknown skill.
Fri Sep 12 11:46:43 2025 :: [*****] FILE: ../player/d/Dragus LINE: 131
Fri Sep 12 11:46:43 2025 :: [*****] BUG: fread_char: unknown skill.
Fri Sep 12 11:46:43 2025 :: [*****] FILE: ../player/d/Dragus LINE: 132
Fri Sep 12 11:46:43 2025 :: [*****] BUG: fread_char: unknown spell.
Fri Sep 12 11:46:43 2025 :: [*****] FILE: ../player/d/Dragus LINE: 133
Fri Sep 12 11:46:43 2025 :: [*****] BUG: fread_char: unknown spell.
Fri Sep 12 11:46:43 2025 :: [*****] FILE: ../player/d/Dragus LINE: 134
Fri Sep 12 11:46:43 2025 :: [*****] BUG: fread_char: unknown spell.
Fri Sep 12 11:46:43 2025 :: [*****] FILE: ../player/d/Dragus LINE: 135
Fri Sep 12 11:46:43 2025 :: [*****] BUG: fread_char: unknown skill.
Fri Sep 12 11:46:43 2025 :: [*****] FILE: ../player/d/Dragus LINE: 136
Fri Sep 12 11:46:43 2025 :: [*****] BUG: fread_char: unknown tongue.
Fri Sep 12 11:46:43 2025 :: [*****] FILE: ../player/d/Dragus LINE: 137
Fri Sep 12 11:46:43 2025 :: [*****] BUG: fread_char: unknown spell.
Fri Sep 12 11:46:43 2025 :: [*****] FILE: ../player/d/Dragus LINE: 138
Fri Sep 12 11:46:43 2025 :: [*****] BUG: fread_char: unknown skill.
Fri Sep 12 11:46:43 2025 :: [*****] FILE: ../player/d/Dragus LINE: 139
Fri Sep 12 11:46:43 2025 :: [*****] BUG: fread_char: unknown spell.
Fri Sep 12 11:46:43 2025 :: [*****] FILE: ../player/d/Dragus LINE: 140
Fri Sep 12 11:46:43 2025 :: [*****] BUG: fread_char: unknown spell.
Fri Sep 12 11:46:43 2025 :: [*****] FILE: ../player/d/Dragus LINE: 141
Fri Sep 12 11:46:43 2025 :: [*****] BUG: fread_char: unknown tongue.
Fri Sep 12 11:46:43 2025 :: [*****] FILE: ../player/d/Dragus LINE: 142
Fri Sep 12 11:46:43 2025 :: [*****] BUG: fread_char: unknown spell.
Fri Sep 12 11:46:43 2025 :: [*****] FILE: ../player/d/Dragus LINE: 143
Fri Sep 12 11:46:43 2025 :: [*****] BUG: fread_char: unknown spell.
Fri Sep 12 11:46:43 2025 :: [*****] FILE: ../player/d/Dragus LINE: 144
Fri Sep 12 11:46:43 2025 :: [*****] BUG: fread_char: unknown skill.
Fri Sep 12 11:46:43 2025 :: [*****] FILE: ../player/d/Dragus LINE: 145
Fri Sep 12 11:46:43 2025 :: [*****] BUG: fread_char: unknown spell.
Fri Sep 12 11:46:43 2025 :: [*****] FILE: ../player/d/Dragus LINE: 146
Fri Sep 12 11:46:43 2025 :: [*****] BUG: fread_char: unknown spell.
Fri Sep 12 11:46:43 2025 :: [*****] FILE: ../player/d/Dragus LINE: 147
Fri Sep 12 11:46:43 2025 :: [*****] BUG: fread_char: unknown spell.
Fri Sep 12 11:46:43 2025 :: [*****] FILE: ../player/d/Dragus LINE: 148
Fri Sep 12 11:46:43 2025 :: [*****] BUG: fread_char: unknown skill.
Fri Sep 12 11:46:43 2025 :: [*****] FILE: ../player/d/Dragus LINE: 149
Fri Sep 12 11:46:43 2025 :: [*****] BUG: fread_char: unknown spell.
Fri Sep 12 11:46:43 2025 :: [*****] FILE: ../player/d/Dragus LINE: 150
Fri Sep 12 11:46:43 2025 :: [*****] BUG: fread_char: unknown spell.
Fri Sep 12 11:46:43 2025 :: [*****] FILE: ../player/d/Dragus LINE: 151
Fri Sep 12 11:46:43 2025 :: [*****] BUG: fread_char: unknown spell.
Fri Sep 12 11:46:43 2025 :: [*****] FILE: ../player/d/Dragus LINE: 152
Fri Sep 12 11:46:43 2025 :: [*****] BUG: fread_char: unknown spell.
Fri Sep 12 11:46:43 2025 :: [*****] FILE: ../player/d/Dragus LINE: 153
Fri Sep 12 11:46:43 2025 :: [*****] BUG: fread_char: unknown spell.
Fri Sep 12 11:46:43 2025 :: [*****] FILE: ../player/d/Dragus LINE: 154
Fri Sep 12 11:46:43 2025 :: [*****] BUG: fread_char: unknown spell.
Fri Sep 12 11:46:43 2025 :: [*****] FILE: ../player/d/Dragus LINE: 155
Fri Sep 12 11:46:43 2025 :: [*****] BUG: fread_char: unknown skill.
Fri Sep 12 11:46:43 2025 :: [*****] FILE: ../player/d/Dragus LINE: 156
Fri Sep 12 11:46:43 2025 :: [*****] BUG: fread_char: unknown skill.
Fri Sep 12 11:46:43 2025 :: [*****] FILE: ../player/d/Dragus LINE: 157
Fri Sep 12 11:46:43 2025 :: [*****] BUG: fread_char: unknown spell.
Fri Sep 12 11:46:43 2025 :: [*****] FILE: ../player/d/Dragus LINE: 158
Fri Sep 12 11:46:43 2025 :: [*****] BUG: fread_char: unknown spell.
Fri Sep 12 11:46:43 2025 :: [*****] FILE: ../player/d/Dragus LINE: 159
Fri Sep 12 11:46:43 2025 :: [*****] BUG: fread_char: unknown spell.
Fri Sep 12 11:46:43 2025 :: [*****] FILE: ../player/d/Dragus LINE: 160
Fri Sep 12 11:46:43 2025 :: [*****] BUG: fread_char: unknown spell.
Fri Sep 12 11:46:43 2025 :: [*****] FILE: ../player/d/Dragus LINE: 161
Fri Sep 12 11:46:43 2025 :: [*****] BUG: fread_char: unknown spell.
Fri Sep 12 11:46:43 2025 :: [*****] FILE: ../player/d/Dragus LINE: 162
Fri Sep 12 11:46:43 2025 :: [*****] BUG: fread_char: unknown spell.
Fri Sep 12 11:46:43 2025 :: [*****] FILE: ../player/d/Dragus LINE: 163
Fri Sep 12 11:46:43 2025 :: [*****] BUG: fread_char: unknown weapon.
Fri Sep 12 11:46:43 2025 :: [*****] FILE: ../player/d/Dragus LINE: 164
Fri Sep 12 11:46:43 2025 :: [*****] BUG: fread_char: unknown spell.
Fri Sep 12 11:46:43 2025 :: [*****] FILE: ../player/d/Dragus LINE: 165
Fri Sep 12 11:46:43 2025 :: [*****] BUG: fread_char: unknown spell.
Fri Sep 12 11:46:43 2025 :: [*****] FILE: ../player/d/Dragus LINE: 166
Fri Sep 12 11:46:43 2025 :: [*****] BUG: fread_char: unknown spell.
Fri Sep 12 11:46:43 2025 :: [*****] FILE: ../player/d/Dragus LINE: 167
Fri Sep 12 11:46:43 2025 :: [*****] BUG: fread_char: unknown skill.
Fri Sep 12 11:46:43 2025 :: [*****] FILE: ../player/d/Dragus LINE: 168
Fri Sep 12 11:46:43 2025 :: [*****] BUG: fread_char: unknown spell.
Fri Sep 12 11:46:43 2025 :: [*****] FILE: ../player/d/Dragus LINE: 169
Fri Sep 12 11:46:43 2025 :: [*****] BUG: fread_char: unknown spell.
Fri Sep 12 11:46:43 2025 :: [*****] FILE: ../player/d/Dragus LINE: 170
Fri Sep 12 11:46:43 2025 :: [*****] BUG: fread_char: unknown spell.
Fri Sep 12 11:46:43 2025 :: [*****] FILE: ../player/d/Dragus LINE: 171
Fri Sep 12 11:46:43 2025 :: [*****] BUG: fread_char: unknown spell.
Fri Sep 12 11:46:43 2025 :: [*****] FILE: ../player/d/Dragus LINE: 172
Fri Sep 12 11:46:43 2025 :: [*****] BUG: fread_char: unknown tongue.
Fri Sep 12 11:46:43 2025 :: [*****] FILE: ../player/d/Dragus LINE: 173
Fri Sep 12 11:46:43 2025 :: [*****] BUG: fread_char: unknown tongue.
Fri Sep 12 11:46:43 2025 :: [*****] FILE: ../player/d/Dragus LINE: 174
Fri Sep 12 11:46:43 2025 :: [*****] BUG: fread_char: unknown skill.
Fri Sep 12 11:46:43 2025 :: [*****] FILE: ../player/d/Dragus LINE: 175
Fri Sep 12 11:46:43 2025 :: [*****] BUG: fread_char: unknown skill.
Fri Sep 12 11:46:43 2025 :: [*****] FILE: ../player/d/Dragus LINE: 176
Fri Sep 12 11:46:43 2025 :: [*****] BUG: fread_char: unknown skill.
Fri Sep 12 11:46:43 2025 :: [*****] FILE: ../player/d/Dragus LINE: 177
Fri Sep 12 11:46:43 2025 :: [*****] BUG: fread_char: unknown spell.
Fri Sep 12 11:46:43 2025 :: [*****] FILE: ../player/d/Dragus LINE: 178
Fri Sep 12 11:46:43 2025 :: [*****] BUG: fread_char: unknown tongue.
Fri Sep 12 11:46:43 2025 :: [*****] FILE: ../player/d/Dragus LINE: 179
Fri Sep 12 11:46:43 2025 :: [*****] BUG: fread_char: unknown spell.
Fri Sep 12 11:46:43 2025 :: [*****] FILE: ../player/d/Dragus LINE: 180
Fri Sep 12 11:46:43 2025 :: [*****] BUG: fread_char: unknown spell.
Fri Sep 12 11:46:43 2025 :: [*****] FILE: ../player/d/Dragus LINE: 181
Fri Sep 12 11:46:43 2025 :: [*****] BUG: fread_char: unknown skill.
Fri Sep 12 11:46:43 2025 :: [*****] FILE: ../player/d/Dragus LINE: 182
Fri Sep 12 11:46:43 2025 :: [*****] BUG: fread_char: unknown spell.
Fri Sep 12 11:46:43 2025 :: [*****] FILE: ../player/d/Dragus LINE: 183
Fri Sep 12 11:46:43 2025 :: [*****] BUG: fread_char: unknown spell.
Fri Sep 12 11:46:43 2025 :: [*****] FILE: ../player/d/Dragus LINE: 184
Fri Sep 12 11:46:43 2025 :: [*****] BUG: fread_char: unknown spell.
Fri Sep 12 11:46:43 2025 :: [*****] FILE: ../player/d/Dragus LINE: 185
Fri Sep 12 11:46:43 2025 :: [*****] BUG: fread_char: unknown skill.
Fri Sep 12 11:46:43 2025 :: [*****] FILE: ../player/d/Dragus LINE: 186
Fri Sep 12 11:46:43 2025 :: [*****] BUG: fread_char: unknown skill.
Fri Sep 12 11:46:43 2025 :: [*****] FILE: ../player/d/Dragus LINE: 187
Fri Sep 12 11:46:43 2025 :: [*****] BUG: fread_char: unknown spell.
Fri Sep 12 11:46:43 2025 :: [*****] FILE: ../player/d/Dragus LINE: 188
Fri Sep 12 11:46:43 2025 :: [*****] BUG: fread_char: unknown spell.
Fri Sep 12 11:46:43 2025 :: [*****] FILE: ../player/d/Dragus LINE: 189
Fri Sep 12 11:46:43 2025 :: [*****] BUG: fread_char: unknown spell.
Fri Sep 12 11:46:43 2025 :: [*****] FILE: ../player/d/Dragus LINE: 190
Fri Sep 12 11:46:43 2025 :: [*****] BUG: fread_char: unknown spell.
Fri Sep 12 11:46:43 2025 :: [*****] FILE: ../player/d/Dragus LINE: 191
Fri Sep 12 11:46:43 2025 :: [*****] BUG: fread_char: unknown spell.
Fri Sep 12 11:46:43 2025 :: [*****] FILE: ../player/d/Dragus LINE: 192
Fri Sep 12 11:46:43 2025 :: [*****] BUG: fread_char: unknown spell.
Fri Sep 12 11:46:43 2025 :: [*****] FILE: ../player/d/Dragus LINE: 193
Fri Sep 12 11:46:43 2025 :: [*****] BUG: fread_char: unknown spell.
Fri Sep 12 11:46:43 2025 :: [*****] FILE: ../player/d/Dragus LINE: 194
Fri Sep 12 11:46:43 2025 :: [*****] BUG: fread_char: unknown spell.
Fri Sep 12 11:46:43 2025 :: [*****] FILE: ../player/d/Dragus LINE: 195
Fri Sep 12 11:46:43 2025 :: [*****] BUG: fread_char: unknown skill.
Fri Sep 12 11:46:43 2025 :: [*****] FILE: ../player/d/Dragus LINE: 196
Fri Sep 12 11:46:43 2025 :: [*****] BUG: fread_char: unknown skill.
Fri Sep 12 11:46:43 2025 :: [*****] FILE: ../player/d/Dragus LINE: 197
Fri Sep 12 11:46:43 2025 :: [*****] BUG: fread_char: unknown spell.
Fri Sep 12 11:46:43 2025 :: [*****] FILE: ../player/d/Dragus LINE: 198
Fri Sep 12 11:46:43 2025 :: [*****] BUG: fread_char: unknown skill.
Fri Sep 12 11:46:43 2025 :: [*****] FILE: ../player/d/Dragus LINE: 199
Fri Sep 12 11:46:43 2025 :: [*****] BUG: fread_char: unknown spell.
Fri Sep 12 11:46:43 2025 :: [*****] FILE: ../player/d/Dragus LINE: 200
Fri Sep 12 11:46:43 2025 :: [*****] BUG: fread_char: unknown spell.
Fri Sep 12 11:46:43 2025 :: [*****] FILE: ../player/d/Dragus LINE: 201
Fri Sep 12 11:46:43 2025 :: [*****] BUG: fread_char: unknown skill.
Fri Sep 12 11:46:43 2025 :: [*****] FILE: ../player/d/Dragus LINE: 202
Fri Sep 12 11:46:43 2025 :: [*****] BUG: fread_char: unknown spell.
Fri Sep 12 11:46:43 2025 :: [*****] FILE: ../player/d/Dragus LINE: 203
Fri Sep 12 11:46:43 2025 :: [*****] BUG: fread_char: unknown spell.
Fri Sep 12 11:46:43 2025 :: [*****] FILE: ../player/d/Dragus LINE: 204
Fri Sep 12 11:46:43 2025 :: [*****] BUG: fread_char: unknown spell.
Fri Sep 12 11:46:43 2025 :: [*****] FILE: ../player/d/Dragus LINE: 205
Fri Sep 12 11:46:43 2025 :: [*****] BUG: fread_char: unknown spell.
Fri Sep 12 11:46:43 2025 :: [*****] FILE: ../player/d/Dragus LINE: 206
Fri Sep 12 11:46:43 2025 :: [*****] BUG: fread_char: unknown weapon.
Fri Sep 12 11:46:43 2025 :: [*****] FILE: ../player/d/Dragus LINE: 207
Fri Sep 12 11:46:43 2025 :: [*****] BUG: fread_char: unknown skill.
Fri Sep 12 11:46:43 2025 :: [*****] FILE: ../player/d/Dragus LINE: 208
Fri Sep 12 11:46:43 2025 :: [*****] BUG: fread_char: unknown spell.
Fri Sep 12 11:46:43 2025 :: [*****] FILE: ../player/d/Dragus LINE: 209
Fri Sep 12 11:46:43 2025 :: [*****] BUG: fread_char: unknown spell.
Fri Sep 12 11:46:43 2025 :: [*****] FILE: ../player/d/Dragus LINE: 210
Fri Sep 12 11:46:43 2025 :: [*****] BUG: fread_char: unknown spell.
Fri Sep 12 11:46:43 2025 :: [*****] FILE: ../player/d/Dragus LINE: 211
Fri Sep 12 11:46:43 2025 :: [*****] BUG: fread_char: unknown spell.
Fri Sep 12 11:46:43 2025 :: [*****] FILE: ../player/d/Dragus LINE: 212
Fri Sep 12 11:46:43 2025 :: [*****] BUG: fread_char: unknown skill.
Fri Sep 12 11:46:43 2025 :: [*****] FILE: ../player/d/Dragus LINE: 213
Fri Sep 12 11:46:43 2025 :: [*****] BUG: fread_char: unknown spell.
Fri Sep 12 11:46:43 2025 :: [*****] FILE: ../player/d/Dragus LINE: 214
Fri Sep 12 11:46:43 2025 :: [*****] BUG: fread_char: unknown spell.
Fri Sep 12 11:46:43 2025 :: [*****] FILE: ../player/d/Dragus LINE: 215
Fri Sep 12 11:46:43 2025 :: [*****] BUG: fread_char: unknown weapon.
Fri Sep 12 11:46:43 2025 :: [*****] FILE: ../player/d/Dragus LINE: 216
Fri Sep 12 11:46:43 2025 :: [*****] BUG: fread_char: unknown skill.
Fri Sep 12 11:46:43 2025 :: [*****] FILE: ../player/d/Dragus LINE: 217
Fri Sep 12 11:46:43 2025 :: [*****] BUG: fread_char: unknown skill.
Fri Sep 12 11:46:43 2025 :: [*****] FILE: ../player/d/Dragus LINE: 218
Fri Sep 12 11:46:43 2025 :: [*****] BUG: fread_char: unknown skill.
Fri Sep 12 11:46:43 2025 :: [*****] FILE: ../player/d/Dragus LINE: 219
Fri Sep 12 11:46:43 2025 :: [*****] BUG: fread_char: unknown spell.
Fri Sep 12 11:46:43 2025 :: [*****] FILE: ../player/d/Dragus LINE: 220
Fri Sep 12 11:46:43 2025 :: [*****] BUG: fread_char: unknown spell.
Fri Sep 12 11:46:43 2025 :: [*****] FILE: ../player/d/Dragus LINE: 221
Fri Sep 12 11:46:43 2025 :: [*****] BUG: fread_char: unknown skill.
Fri Sep 12 11:46:43 2025 :: [*****] FILE: ../player/d/Dragus LINE: 222
Fri Sep 12 11:46:43 2025 :: [*****] BUG: fread_char: unknown tongue.
Fri Sep 12 11:46:43 2025 :: [*****] FILE: ../player/d/Dragus LINE: 223
Fri Sep 12 11:46:43 2025 :: [*****] BUG: fread_char: unknown tongue.
Fri Sep 12 11:46:43 2025 :: [*****] FILE: ../player/d/Dragus LINE: 224
Fri Sep 12 11:46:43 2025 :: [*****] BUG: fread_char: unknown skill.
Fri Sep 12 11:46:43 2025 :: [*****] FILE: ../player/d/Dragus LINE: 225
Fri Sep 12 11:46:43 2025 :: [*****] BUG: fread_char: unknown spell.
Fri Sep 12 11:46:43 2025 :: [*****] FILE: ../player/d/Dragus LINE: 226
Fri Sep 12 11:46:43 2025 :: [*****] BUG: fread_char: unknown skill.
Fri Sep 12 11:46:43 2025 :: [*****] FILE: ../player/d/Dragus LINE: 227
Fri Sep 12 11:46:43 2025 :: [*****] BUG: fread_char: unknown skill.
Fri Sep 12 11:46:43 2025 :: [*****] FILE: ../player/d/Dragus LINE: 228
Fri Sep 12 11:46:43 2025 :: [*****] BUG: fread_char: unknown skill.
Fri Sep 12 11:46:43 2025 :: [*****] FILE: ../player/d/Dragus LINE: 229
Fri Sep 12 11:46:43 2025 :: [*****] BUG: fread_char: unknown tongue.
Fri Sep 12 11:46:43 2025 :: [*****] FILE: ../player/d/Dragus LINE: 230
Fri Sep 12 11:46:43 2025 :: [*****] BUG: fread_char: unknown spell.
Fri Sep 12 11:46:43 2025 :: [*****] FILE: ../player/d/Dragus LINE: 231
Fri Sep 12 11:46:43 2025 :: [*****] BUG: fread_char: unknown spell.
Fri Sep 12 11:46:43 2025 :: [*****] FILE: ../player/d/Dragus LINE: 232
Fri Sep 12 11:46:43 2025 :: [*****] BUG: fread_char: unknown skill.
Fri Sep 12 11:46:43 2025 :: [*****] FILE: ../player/d/Dragus LINE: 233
Fri Sep 12 11:46:43 2025 :: [*****] BUG: fread_char: unknown spell.
Fri Sep 12 11:46:43 2025 :: [*****] FILE: ../player/d/Dragus LINE: 234
Fri Sep 12 11:46:43 2025 :: [*****] BUG: fread_char: unknown spell.
Fri Sep 12 11:46:43 2025 :: [*****] FILE: ../player/d/Dragus LINE: 235
Fri Sep 12 11:46:43 2025 :: [*****] BUG: fread_char: unknown spell.
Fri Sep 12 11:46:43 2025 :: [*****] FILE: ../player/d/Dragus LINE: 236
Fri Sep 12 11:46:43 2025 :: [*****] BUG: fread_char: unknown spell.
Fri Sep 12 11:46:43 2025 :: [*****] FILE: ../player/d/Dragus LINE: 237
Fri Sep 12 11:46:43 2025 :: [*****] BUG: fread_char: unknown weapon.
Fri Sep 12 11:46:43 2025 :: [*****] FILE: ../player/d/Dragus LINE: 238
Fri Sep 12 11:46:43 2025 :: [*****] BUG: fread_char: unknown skill.
Fri Sep 12 11:46:43 2025 :: [*****] FILE: ../player/d/Dragus LINE: 239
Fri Sep 12 11:46:43 2025 :: [*****] BUG: fread_char: unknown skill.
Fri Sep 12 11:46:43 2025 :: [*****] FILE: ../player/d/Dragus LINE: 240
Fri Sep 12 11:46:43 2025 :: [*****] BUG: fread_char: unknown skill.
Fri Sep 12 11:46:43 2025 :: [*****] FILE: ../player/d/Dragus LINE: 241
Fri Sep 12 11:46:43 2025 :: [*****] BUG: fread_char: unknown spell.
Fri Sep 12 11:46:43 2025 :: [*****] FILE: ../player/d/Dragus LINE: 242
Fri Sep 12 11:46:43 2025 :: [*****] BUG: fread_char: unknown spell.
Fri Sep 12 11:46:43 2025 :: [*****] FILE: ../player/d/Dragus LINE: 243
Fri Sep 12 11:46:43 2025 :: [*****] BUG: fread_char: unknown spell.
Fri Sep 12 11:46:43 2025 :: [*****] FILE: ../player/d/Dragus LINE: 244
Fri Sep 12 11:46:43 2025 :: [*****] BUG: fread_char: unknown spell.
Fri Sep 12 11:46:43 2025 :: [*****] FILE: ../player/d/Dragus LINE: 245
Fri Sep 12 11:46:43 2025 :: [*****] BUG: fread_char: unknown spell.
Fri Sep 12 11:46:43 2025 :: [*****] FILE: ../player/d/Dragus LINE: 246
Fri Sep 12 11:46:43 2025 :: [*****] BUG: fread_char: unknown spell.
Fri Sep 12 11:46:43 2025 :: [*****] FILE: ../player/d/Dragus LINE: 247
Fri Sep 12 11:46:43 2025 :: [*****] BUG: fread_char: unknown spell.
Fri Sep 12 11:46:43 2025 :: [*****] FILE: ../player/d/Dragus LINE: 248
Fri Sep 12 11:46:43 2025 :: [*****] BUG: fread_char: unknown spell.
Fri Sep 12 11:46:43 2025 :: [*****] FILE: ../player/d/Dragus LINE: 249
Fri Sep 12 11:46:43 2025 :: [*****] BUG: fread_char: unknown skill.
Fri Sep 12 11:46:43 2025 :: [*****] FILE: ../player/d/Dragus LINE: 250
Fri Sep 12 11:46:43 2025 :: [*****] BUG: fread_char: unknown spell.
Fri Sep 12 11:46:43 2025 :: [*****] FILE: ../player/d/Dragus LINE: 251
Fri Sep 12 11:46:43 2025 :: [*****] BUG: fread_char: unknown spell.
Fri Sep 12 11:46:43 2025 :: [*****] FILE: ../player/d/Dragus LINE: 252
Fri Sep 12 11:46:43 2025 :: [*****] BUG: fread_char: unknown spell.
Fri Sep 12 11:46:43 2025 :: [*****] FILE: ../player/d/Dragus LINE: 253
Fri Sep 12 11:46:43 2025 :: [*****] BUG: fread_char: unknown skill.
Fri Sep 12 11:46:43 2025 :: [*****] FILE: ../player/d/Dragus LINE: 254
Fri Sep 12 11:46:43 2025 :: [*****] BUG: fread_char: unknown spell.
Fri Sep 12 11:46:43 2025 :: [*****] FILE: ../player/d/Dragus LINE: 255
Fri Sep 12 11:46:43 2025 :: [*****] BUG: fread_char: unknown spell.
Fri Sep 12 11:46:43 2025 :: [*****] FILE: ../player/d/Dragus LINE: 256
Fri Sep 12 11:46:43 2025 :: [*****] BUG: fread_char: unknown spell.
Fri Sep 12 11:46:43 2025 :: [*****] FILE: ../player/d/Dragus LINE: 257
Fri Sep 12 11:46:43 2025 :: [*****] BUG: fread_char: unknown skill.
Fri Sep 12 11:46:43 2025 :: [*****] FILE: ../player/d/Dragus LINE: 258
Fri Sep 12 11:46:43 2025 :: [*****] BUG: fread_char: unknown spell.
Fri Sep 12 11:46:43 2025 :: [*****] FILE: ../player/d/Dragus LINE: 259
Fri Sep 12 11:46:43 2025 :: [*****] BUG: fread_char: unknown skill.
Fri Sep 12 11:46:43 2025 :: [*****] FILE: ../player/d/Dragus LINE: 260
Fri Sep 12 11:46:43 2025 :: [*****] BUG: fread_char: unknown spell.
Fri Sep 12 11:46:43 2025 :: [*****] FILE: ../player/d/Dragus LINE: 261
Fri Sep 12 11:46:43 2025 :: [*****] BUG: fread_char: unknown skill.
Fri Sep 12 11:46:43 2025 :: [*****] FILE: ../player/d/Dragus LINE: 262
Fri Sep 12 11:46:43 2025 :: [*****] BUG: fread_char: unknown skill.
Fri Sep 12 11:46:43 2025 :: [*****] FILE: ../player/d/Dragus LINE: 263
Fri Sep 12 11:46:43 2025 :: [*****] BUG: fread_char: unknown spell.
Fri Sep 12 11:46:43 2025 :: [*****] FILE: ../player/d/Dragus LINE: 264
Fri Sep 12 11:46:43 2025 :: [*****] BUG: fread_char: unknown spell.
Fri Sep 12 11:46:43 2025 :: [*****] FILE: ../player/d/Dragus LINE: 265
Fri Sep 12 11:46:43 2025 :: [*****] BUG: fread_char: unknown spell.
Fri Sep 12 11:46:43 2025 :: [*****] FILE: ../player/d/Dragus LINE: 266
Fri Sep 12 11:46:43 2025 :: [*****] BUG: fread_char: unknown spell.
Fri Sep 12 11:46:43 2025 :: [*****] FILE: ../player/d/Dragus LINE: 267
Fri Sep 12 11:46:43 2025 :: [*****] BUG: fread_char: unknown weapon.
Fri Sep 12 11:46:43 2025 :: [*****] FILE: ../player/d/Dragus LINE: 268
Fri Sep 12 11:46:43 2025 :: [*****] BUG: fread_char: unknown skill.
Fri Sep 12 11:46:43 2025 :: [*****] FILE: ../player/d/Dragus LINE: 269
Fri Sep 12 11:46:43 2025 :: [*****] BUG: fread_char: unknown skill.
Fri Sep 12 11:46:43 2025 :: [*****] FILE: ../player/d/Dragus LINE: 270
Fri Sep 12 11:46:43 2025 :: [*****] BUG: fread_char: unknown spell.
Fri Sep 12 11:46:43 2025 :: [*****] FILE: ../player/d/Dragus LINE: 271
Fri Sep 12 11:46:43 2025 :: [*****] BUG: fread_char: unknown skill.
Fri Sep 12 11:46:43 2025 :: [*****] FILE: ../player/d/Dragus LINE: 272
Fri Sep 12 11:46:43 2025 :: [*****] BUG: fread_char: unknown spell.
Fri Sep 12 11:46:43 2025 :: [*****] FILE: ../player/d/Dragus LINE: 273
Fri Sep 12 11:46:43 2025 :: [*****] BUG: fread_char: unknown skill.
Fri Sep 12 11:46:43 2025 :: [*****] FILE: ../player/d/Dragus LINE: 274
Fri Sep 12 11:46:43 2025 :: [*****] BUG: fread_char: unknown spell.
Fri Sep 12 11:46:43 2025 :: [*****] FILE: ../player/d/Dragus LINE: 275
Fri Sep 12 11:46:43 2025 :: [*****] BUG: fread_char: unknown spell.
Fri Sep 12 11:46:43 2025 :: [*****] FILE: ../player/d/Dragus LINE: 276
Fri Sep 12 11:46:43 2025 :: [*****] BUG: fread_char: unknown spell.
Fri Sep 12 11:46:43 2025 :: [*****] FILE: ../player/d/Dragus LINE: 277
Fri Sep 12 11:46:43 2025 :: [*****] BUG: fread_char: unknown spell.
Fri Sep 12 11:46:43 2025 :: [*****] FILE: ../player/d/Dragus LINE: 278
Fri Sep 12 11:46:43 2025 :: [*****] BUG: fread_char: unknown skill.
Fri Sep 12 11:46:43 2025 :: [*****] FILE: ../player/d/Dragus LINE: 279
Fri Sep 12 11:46:43 2025 :: [*****] BUG: fread_char: unknown spell.
Fri Sep 12 11:46:43 2025 :: [*****] FILE: ../player/d/Dragus LINE: 280
Fri Sep 12 11:46:43 2025 :: [*****] BUG: fread_char: unknown spell.
Fri Sep 12 11:46:43 2025 :: [*****] FILE: ../player/d/Dragus LINE: 281
Fri Sep 12 11:46:43 2025 :: [*****] BUG: fread_char: unknown skill.
Fri Sep 12 11:46:43 2025 :: [*****] FILE: ../player/d/Dragus LINE: 282
Fri Sep 12 11:46:43 2025 :: [*****] BUG: fread_char: unknown skill.
Fri Sep 12 11:46:43 2025 :: [*****] FILE: ../player/d/Dragus LINE: 283
Fri Sep 12 11:46:43 2025 :: [*****] BUG: fread_char: unknown skill.
Fri Sep 12 11:46:43 2025 :: [*****] FILE: ../player/d/Dragus LINE: 284
Fri Sep 12 11:46:43 2025 :: [*****] BUG: fread_char: unknown skill.
Fri Sep 12 11:46:43 2025 :: [*****] FILE: ../player/d/Dragus LINE: 285
Fri Sep 12 11:46:43 2025 :: [*****] BUG: fread_char: unknown spell.
Fri Sep 12 11:46:43 2025 :: [*****] FILE: ../player/d/Dragus LINE: 286
Fri Sep 12 11:46:43 2025 :: [*****] BUG: fread_char: unknown skill.
Fri Sep 12 11:46:43 2025 :: [*****] FILE: ../player/d/Dragus LINE: 287
Fri Sep 12 11:46:43 2025 :: [*****] BUG: fread_char: unknown skill.
Fri Sep 12 11:46:43 2025 :: [*****] FILE: ../player/d/Dragus LINE: 288
Fri Sep 12 11:46:43 2025 :: [*****] BUG: fread_char: unknown spell.
Fri Sep 12 11:46:43 2025 :: [*****] FILE: ../player/d/Dragus LINE: 289
Fri Sep 12 11:46:43 2025 :: [*****] BUG: fread_char: unknown spell.
Fri Sep 12 11:46:43 2025 :: [*****] FILE: ../player/d/Dragus LINE: 290
Fri Sep 12 11:46:43 2025 :: [*****] BUG: fread_char: unknown skill.
Fri Sep 12 11:46:43 2025 :: [*****] FILE: ../player/d/Dragus LINE: 291
Fri Sep 12 11:46:43 2025 :: [*****] BUG: fread_char: unknown skill.
Fri Sep 12 11:46:43 2025 :: [*****] FILE: ../player/d/Dragus LINE: 292
Fri Sep 12 11:46:43 2025 :: [*****] BUG: fread_char: unknown spell.
Fri Sep 12 11:46:43 2025 :: [*****] FILE: ../player/d/Dragus LINE: 293
Fri Sep 12 11:46:43 2025 :: [*****] BUG: fread_char: unknown skill.
Fri Sep 12 11:46:43 2025 :: [*****] FILE: ../player/d/Dragus LINE: 294
Fri Sep 12 11:46:43 2025 :: [*****] BUG: fread_char: unknown weapon.
Fri Sep 12 11:46:43 2025 :: [*****] FILE: ../player/d/Dragus LINE: 295
Fri Sep 12 11:46:43 2025 :: [*****] BUG: fread_char: unknown spell.
Fri Sep 12 11:46:43 2025 :: [*****] FILE: ../player/d/Dragus LINE: 296
Fri Sep 12 11:46:43 2025 :: [*****] BUG: fread_char: unknown skill.
Fri Sep 12 11:46:43 2025 :: [*****] FILE: ../player/d/Dragus LINE: 297
Fri Sep 12 11:46:43 2025 :: [*****] BUG: fread_char: unknown skill.
Fri Sep 12 11:46:43 2025 :: [*****] FILE: ../player/d/Dragus LINE: 298
Fri Sep 12 11:46:43 2025 :: [*****] BUG: fread_char: unknown spell.
Fri Sep 12 11:46:43 2025 :: [*****] FILE: ../player/d/Dragus LINE: 299
Fri Sep 12 11:46:43 2025 :: [*****] BUG: fread_char: unknown skill.
Fri Sep 12 11:46:43 2025 :: [*****] FILE: ../player/d/Dragus LINE: 300
Fri Sep 12 11:46:43 2025 :: [*****] BUG: fread_char: unknown skill.
Fri Sep 12 11:46:43 2025 :: [*****] FILE: ../player/d/Dragus LINE: 301
Fri Sep 12 11:46:43 2025 :: [*****] BUG: fread_char: unknown spell.
Fri Sep 12 11:46:43 2025 :: [*****] FILE: ../player/d/Dragus LINE: 302
Fri Sep 12 11:46:43 2025 :: [*****] BUG: fread_char: unknown tongue.
Fri Sep 12 11:46:43 2025 :: [*****] FILE: ../player/d/Dragus LINE: 303
Fri Sep 12 11:46:43 2025 :: [*****] BUG: fread_char: unknown spell.
Fri Sep 12 11:46:43 2025 :: [*****] FILE: ../player/d/Dragus LINE: 304
Fri Sep 12 11:46:43 2025 :: [*****] BUG: fread_char: unknown spell.
Fri Sep 12 11:46:43 2025 :: [*****] FILE: ../player/d/Dragus LINE: 305
Fri Sep 12 11:46:43 2025 :: [*****] BUG: fread_char: unknown skill.
Fri Sep 12 11:46:43 2025 :: [*****] FILE: ../player/d/Dragus LINE: 306
Fri Sep 12 11:46:43 2025 :: [*****] BUG: fread_char: unknown spell.
Fri Sep 12 11:46:43 2025 :: [*****] FILE: ../player/d/Dragus LINE: 307
Fri Sep 12 11:46:43 2025 :: [*****] BUG: fread_char: unknown spell.
Fri Sep 12 11:46:43 2025 :: [*****] FILE: ../player/d/Dragus LINE: 308
Fri Sep 12 11:46:43 2025 :: [*****] BUG: fread_char: unknown spell.
Fri Sep 12 11:46:43 2025 :: [*****] FILE: ../player/d/Dragus LINE: 309
Fri Sep 12 11:46:43 2025 :: [*****] BUG: fread_char: unknown skill.
Fri Sep 12 11:46:43 2025 :: [*****] FILE: ../player/d/Dragus LINE: 310
Fri Sep 12 11:46:43 2025 :: [*****] BUG: fread_char: unknown spell.
Fri Sep 12 11:46:43 2025 :: [*****] FILE: ../player/d/Dragus LINE: 311
Fri Sep 12 11:46:43 2025 :: [*****] BUG: fread_char: unknown skill.
Fri Sep 12 11:46:43 2025 :: [*****] FILE: ../player/d/Dragus LINE: 312
Fri Sep 12 11:46:43 2025 :: [*****] BUG: fread_char: unknown spell.
Fri Sep 12 11:46:43 2025 :: [*****] FILE: ../player/d/Dragus LINE: 313
Fri Sep 12 11:46:43 2025 :: [*****] BUG: fread_char: unknown spell.
Fri Sep 12 11:46:43 2025 :: [*****] FILE: ../player/d/Dragus LINE: 314
Fri Sep 12 11:46:43 2025 :: [*****] BUG: fread_char: unknown spell.
Fri Sep 12 11:46:43 2025 :: [*****] FILE: ../player/d/Dragus LINE: 315
Fri Sep 12 11:46:43 2025 :: [*****] BUG: fread_char: unknown skill.
Fri Sep 12 11:46:43 2025 :: [*****] FILE: ../player/d/Dragus LINE: 316
Fri Sep 12 11:46:43 2025 :: [*****] BUG: fread_char: unknown spell.
Fri Sep 12 11:46:43 2025 :: [*****] FILE: ../player/d/Dragus LINE: 317
Fri Sep 12 11:46:43 2025 :: [*****] BUG: fread_char: unknown spell.
Fri Sep 12 11:46:43 2025 :: [*****] FILE: ../player/d/Dragus LINE: 318
Fri Sep 12 11:46:43 2025 :: [*****] BUG: fread_char: unknown spell.
Fri Sep 12 11:46:43 2025 :: [*****] FILE: ../player/d/Dragus LINE: 319
Fri Sep 12 11:46:43 2025 :: [*****] BUG: fread_char: unknown spell.
Fri Sep 12 11:46:43 2025 :: [*****] FILE: ../player/d/Dragus LINE: 320
Fri Sep 12 11:46:43 2025 :: [*****] BUG: fread_obj: unknown skill.
Fri Sep 12 11:46:43 2025 :: [*****] FILE: ../player/d/Dragus LINE: 356
Fri Sep 12 11:46:43 2025 :: [*****] BUG: fread_obj: unknown skill.
Fri Sep 12 11:46:43 2025 :: [*****] FILE: ../player/d/Dragus LINE: 452
Fri Sep 12 11:46:43 2025 :: [*****] BUG: fread_obj: unknown skill.
Fri Sep 12 11:46:43 2025 :: [*****] FILE: ../player/d/Dragus LINE: 453
Fri Sep 12 11:46:43 2025 :: [*****] BUG: fread_obj: unknown skill.
Fri Sep 12 11:46:43 2025 :: [*****] FILE: ../player/d/Dragus LINE: 454
Fri Sep 12 11:46:43 2025 :: [*****] BUG: fread_obj: unknown skill.
Fri Sep 12 11:46:43 2025 :: [*****] FILE: ../player/d/Dragus LINE: 469
Fri Sep 12 11:46:43 2025 :: [*****] BUG: fread_obj: unknown skill.
Fri Sep 12 11:46:43 2025 :: [*****] FILE: ../player/d/Dragus LINE: 651
Fri Sep 12 11:46:43 2025 :: [*****] BUG: fread_obj: unknown skill.
Fri Sep 12 11:46:43 2025 :: [*****] FILE: ../player/d/Dragus LINE: 659
Fri Sep 12 11:46:43 2025 :: [*****] BUG: fread_obj: unknown skill.
Fri Sep 12 11:46:43 2025 :: [*****] FILE: ../player/d/Dragus LINE: 695
Fri Sep 12 11:46:43 2025 :: [*****] BUG: fread_obj: unknown skill.
Fri Sep 12 11:46:43 2025 :: [*****] FILE: ../player/d/Dragus LINE: 696
Fri Sep 12 11:46:43 2025 :: [*****] BUG: fread_obj: unknown skill.
Fri Sep 12 11:46:43 2025 :: [*****] FILE: ../player/d/Dragus LINE: 719
Fri Sep 12 11:46:43 2025 :: [*****] BUG: fread_obj: unknown skill.
Fri Sep 12 11:46:43 2025 :: [*****] FILE: ../player/d/Dragus LINE: 720
Fri Sep 12 11:46:43 2025 :: [*****] BUG: fread_obj: unknown skill.
Fri Sep 12 11:46:43 2025 :: [*****] FILE: ../player/d/Dragus LINE: 721
Fri Sep 12 11:46:43 2025 :: [*****] BUG: fread_obj: unknown skill.
Fri Sep 12 11:46:43 2025 :: [*****] FILE: ../player/d/Dragus LINE: 736
Fri Sep 12 11:46:43 2025 :: [*****] BUG: fread_obj: unknown skill.
Fri Sep 12 11:46:43 2025 :: [*****] FILE: ../player/d/Dragus LINE: 737
Fri Sep 12 11:46:43 2025 :: [*****] BUG: fread_obj: unknown skill.
Fri Sep 12 11:46:43 2025 :: [*****] FILE: ../player/d/Dragus LINE: 738
Fri Sep 12 11:46:43 2025 :: [*****] BUG: fread_obj: unknown skill.
Fri Sep 12 11:46:43 2025 :: [*****] FILE: ../player/d/Dragus LINE: 768
Fri Sep 12 11:46:43 2025 :: [*****] BUG: fread_obj: unknown skill.
Fri Sep 12 11:46:43 2025 :: [*****] FILE: ../player/d/Dragus LINE: 769
Fri Sep 12 11:46:43 2025 :: [*****] BUG: fread_obj: unknown skill.
Fri Sep 12 11:46:43 2025 :: [*****] FILE: ../player/d/Dragus LINE: 770
Fri Sep 12 11:46:43 2025 :: [*****] BUG: fread_obj: unknown skill.
Fri Sep 12 11:46:43 2025 :: [*****] FILE: ../player/d/Dragus LINE: 792
Fri Sep 12 11:46:43 2025 :: [*****] BUG: fread_obj: unknown skill.
Fri Sep 12 11:46:43 2025 :: [*****] FILE: ../player/d/Dragus LINE: 793
Fri Sep 12 11:46:43 2025 :: [*****] BUG: fread_obj: unknown skill.
Fri Sep 12 11:46:43 2025 :: [*****] FILE: ../player/d/Dragus LINE: 801
Fri Sep 12 11:46:43 2025 :: [*****] BUG: fread_obj: unknown skill.
Fri Sep 12 11:46:43 2025 :: [*****] FILE: ../player/d/Dragus LINE: 817
Fri Sep 12 11:46:43 2025 :: [*****] BUG: fread_obj: unknown skill.
Fri Sep 12 11:46:43 2025 :: [*****] FILE: ../player/d/Dragus LINE: 825
Fri Sep 12 11:46:43 2025 :: [*****] BUG: fread_obj: unknown skill.
Fri Sep 12 11:46:43 2025 :: [*****] FILE: ../player/d/Dragus LINE: 826
Fri Sep 12 11:46:43 2025 :: [*****] BUG: fread_obj: unknown skill.
Fri Sep 12 11:46:43 2025 :: [*****] FILE: ../player/d/Dragus LINE: 834
Fri Sep 12 11:46:43 2025 :: [*****] BUG: fread_obj: unknown skill.
Fri Sep 12 11:46:43 2025 :: [*****] FILE: ../player/d/Dragus LINE: 835
Fri Sep 12 11:46:43 2025 :: [*****] BUG: fread_obj: unknown skill.
Fri Sep 12 11:46:43 2025 :: [*****] FILE: ../player/d/Dragus LINE: 844
Fri Sep 12 11:46:43 2025 :: [*****] BUG: fread_obj: unknown skill.
Fri Sep 12 11:46:43 2025 :: [*****] FILE: ../player/d/Dragus LINE: 861
Fri Sep 12 11:46:43 2025 :: [*****] BUG: fread_obj: unknown skill.
Fri Sep 12 11:46:43 2025 :: [*****] FILE: ../player/d/Dragus LINE: 862
Fri Sep 12 11:46:43 2025 :: [*****] BUG: fread_obj: unknown skill.
Fri Sep 12 11:46:43 2025 :: [*****] FILE: ../player/d/Dragus LINE: 885
Fri Sep 12 11:46:43 2025 :: [*****] BUG: fread_obj: unknown skill.
Fri Sep 12 11:46:43 2025 :: [*****] FILE: ../player/d/Dragus LINE: 893
Fri Sep 12 11:46:43 2025 :: [*****] BUG: fread_obj: unknown skill.
Fri Sep 12 11:46:43 2025 :: [*****] FILE: ../player/d/Dragus LINE: 908
Fri Sep 12 11:46:43 2025 :: [*****] BUG: fread_obj: unknown skill.
Fri Sep 12 11:46:43 2025 :: [*****] FILE: ../player/d/Dragus LINE: 909
Fri Sep 12 11:46:43 2025 :: [*****] BUG: fread_obj: unknown skill.
Fri Sep 12 11:46:43 2025 :: [*****] FILE: ../player/d/Dragus LINE: 917
Fri Sep 12 11:46:43 2025 :: [*****] BUG: fread_obj: unknown skill.
Fri Sep 12 11:46:43 2025 :: [*****] FILE: ../player/d/Dragus LINE: 932
Fri Sep 12 11:46:43 2025 :: Dragus (127.0.0.1) has connected.
Fri Sep 12 14:10:32 2025 :: Dragus has quit (Room 21118).
Fri Sep 12 14:16:53 2025 :: Closing link to Garath. (INRoom -1)
