Fri Sep 12 21:19:47 2025 :: Booting Database
 0 0 0 0 0 0 0 0 0 0 0 0 0 0 0 0 0 0 0 0 0 0 0 0 0 0 0 0 0 0 0 0
Fri Sep 12 21:19:47 2025 :: [*****] BOOT: ---------------------[ Boot Log ]--------------------
Fri Sep 12 21:19:47 2025 :: Initializing libdl support...
Fri Sep 12 21:19:47 2025 :: Loading commands...
Fri Sep 12 21:19:47 2025 :: Loading spec_funs...
Fri Sep 12 21:19:47 2025 :: Loading sysdata configuration...
Fri Sep 12 21:19:47 2025 :: Loading socials
Fri Sep 12 21:19:47 2025 :: Loading skill table
Fri Sep 12 21:19:47 2025 :: [*****] BUG: spell_function: Error locating (null) in symbol table. No such process
Fri Sep 12 21:19:47 2025 :: [*****] BUG: fread_skill: unknown skill/spell (null)
Fri Sep 12 21:19:47 2025 :: [*****] BUG: fread_word: EOF encountered on read.

Fri Sep 12 21:19:47 2025 :: [*****] BUG: load_skill_table: bad section.
Fri Sep 12 21:19:47 2025 :: [*****] BUG: fread_letter: EOF encountered on read.

Fri Sep 12 21:19:47 2025 :: [*****] BUG: load_skill_table: # not found.
Fri Sep 12 21:19:47 2025 :: Sorting skill table...
Fri Sep 12 21:19:47 2025 :: Creating skill table sorted by type...
Fri Sep 12 21:19:47 2025 :: Remapping slots to sns
Fri Sep 12 21:19:47 2025 :: Loading classes
../classes/human: No such file or directory
Fri Sep 12 21:19:47 2025 :: [*****] BUG: load_classes: Cannot load class file: human
../classes/eldari: No such file or directory
Fri Sep 12 21:19:47 2025 :: [*****] BUG: load_classes: Cannot load class file: eldari
../classes/vampire: No such file or directory
Fri Sep 12 21:19:47 2025 :: [*****] BUG: load_classes: Cannot load class file: vampire
Fri Sep 12 21:19:47 2025 :: Loading races
../races/human: No such file or directory
Fri Sep 12 21:19:47 2025 :: [*****] BUG: load_races: Cannot load race file: human
../races/eldari: No such file or directory
Fri Sep 12 21:19:47 2025 :: [*****] BUG: load_races: Cannot load race file: eldari
../races/vampire: No such file or directory
Fri Sep 12 21:19:47 2025 :: [*****] BUG: load_races: Cannot load race file: vampire
Fri Sep 12 21:19:47 2025 :: Loading news data
Fri Sep 12 21:19:47 2025 :: Loading liquids
Fri Sep 12 21:19:47 2025 :: Loading mixtures
Fri Sep 12 21:19:47 2025 :: Loading herb table
Fri Sep 12 21:19:47 2025 :: Loading tongues
Fri Sep 12 21:19:47 2025 :: Making wizlist
Fri Sep 12 21:19:47 2025 :: Loading MSSP Data...
Fri Sep 12 21:19:47 2025 :: Initializing random number generator
Fri Sep 12 21:19:47 2025 :: Setting time and weather.
Fri Sep 12 21:19:47 2025 :: Loading holiday chart...
Fri Sep 12 21:19:47 2025 :: Loading DNS cache...
Fri Sep 12 21:19:47 2025 :: Assigning gsn's
ASSIGN_GSN: Skill evasive style not found.
ASSIGN_GSN: Skill defensive style not found.
ASSIGN_GSN: Skill standard style not found.
ASSIGN_GSN: Skill berserk style not found.
ASSIGN_GSN: Skill pugilism not found.
ASSIGN_GSN: Skill unarmed not found.
ASSIGN_GSN: Skill maces not found.
ASSIGN_GSN: Skill staves not found.
ASSIGN_GSN: Skill spears not found.
ASSIGN_GSN: Skill polearms not found.
ASSIGN_GSN: Skill bows not found.
ASSIGN_GSN: Skill xbows not found.
ASSIGN_GSN: Skill firearms not found.
ASSIGN_GSN: Skill long blades not found.
ASSIGN_GSN: Skill short blades not found.
ASSIGN_GSN: Skill flexible arms not found.
ASSIGN_GSN: Skill talonous arms not found.
ASSIGN_GSN: Skill bludgeons not found.
ASSIGN_GSN: Skill missile weapons not found.
ASSIGN_GSN: Skill detrap not found.
ASSIGN_GSN: Skill backstab not found.
ASSIGN_GSN: Skill circle not found.
ASSIGN_GSN: Skill tumble not found.
ASSIGN_GSN: Skill dodge not found.
ASSIGN_GSN: Skill hide not found.
ASSIGN_GSN: Skill peek not found.
ASSIGN_GSN: Skill pick lock not found.
ASSIGN_GSN: Skill sneak not found.
ASSIGN_GSN: Skill steal not found.
ASSIGN_GSN: Skill gouge not found.
ASSIGN_GSN: Skill poison weapon not found.
ASSIGN_GSN: Skill disarm not found.
ASSIGN_GSN: Skill enhanced damage not found.
ASSIGN_GSN: Skill kick not found.
ASSIGN_GSN: Skill parry not found.
ASSIGN_GSN: Skill rescue not found.
ASSIGN_GSN: Skill second attack not found.
ASSIGN_GSN: Skill third attack not found.
ASSIGN_GSN: Skill fourth attack not found.
ASSIGN_GSN: Skill fifth attack not found.
ASSIGN_GSN: Skill dual wield not found.
ASSIGN_GSN: Skill punch not found.
ASSIGN_GSN: Skill bash not found.
ASSIGN_GSN: Skill stun not found.
ASSIGN_GSN: Skill doorbash not found.
ASSIGN_GSN: Skill grip not found.
ASSIGN_GSN: Skill berserk not found.
ASSIGN_GSN: Skill hitall not found.
ASSIGN_GSN: Skill feed not found.
ASSIGN_GSN: Skill bloodlet not found.
ASSIGN_GSN: Skill cleave not found.
ASSIGN_GSN: Skill pounce not found.
ASSIGN_GSN: Skill grapple not found.
ASSIGN_GSN: Skill broach not found.
ASSIGN_GSN: Skill mistwalk not found.
ASSIGN_GSN: Skill track not found.
ASSIGN_GSN: Skill meditate not found.
ASSIGN_GSN: Skill trance not found.
ASSIGN_GSN: Skill search not found.
ASSIGN_GSN: Skill dig not found.
ASSIGN_GSN: Skill mount not found.
ASSIGN_GSN: Skill bite not found.
ASSIGN_GSN: Skill claw not found.
ASSIGN_GSN: Skill sting not found.
ASSIGN_GSN: Skill tail not found.
ASSIGN_GSN: Skill scribe not found.
ASSIGN_GSN: Skill brew not found.
ASSIGN_GSN: Skill climb not found.
ASSIGN_GSN: Skill cook not found.
ASSIGN_GSN: Skill scan not found.
ASSIGN_GSN: Skill slice not found.
ASSIGN_GSN: Skill fireball not found.
ASSIGN_GSN: Skill chill touch not found.
ASSIGN_GSN: Skill lightning bolt not found.
ASSIGN_GSN: Skill aqua breath not found.
ASSIGN_GSN: Skill blindness not found.
ASSIGN_GSN: Skill charm person not found.
ASSIGN_GSN: Skill curse not found.
ASSIGN_GSN: Skill invis not found.
ASSIGN_GSN: Skill mass invis not found.
ASSIGN_GSN: Skill poison not found.
ASSIGN_GSN: Skill sleep not found.
ASSIGN_GSN: Skill possess not found.
ASSIGN_GSN: Skill common not found.
ASSIGN_GSN: Skill elven not found.
ASSIGN_GSN: Skill dwarven not found.
ASSIGN_GSN: Skill pixie not found.
ASSIGN_GSN: Skill ogre not found.
ASSIGN_GSN: Skill orcish not found.
ASSIGN_GSN: Skill trollese not found.
ASSIGN_GSN: Skill goblin not found.
ASSIGN_GSN: Skill halfling not found.
ASSIGN_GSN: Skill gnomish not found.
Fri Sep 12 21:19:47 2025 :: Reading in area files...
(help.are)
Fri Sep 12 21:19:47 2025 :: [*****] BUG: fread_fuss_mobile: vnum 71: Mob has invalid race! Defaulting to monster.
Fri Sep 12 21:19:47 2025 :: [*****] FILE: limbo.are LINE: 666
limbo.are     : Rooms:     2 - 99    Objs:     2 - 99    Mobs:     1 - 99
Build.are     : Rooms:  9500 - 9589  Objs:     0 - 0     Mobs:     0 - 0
Fri Sep 12 21:19:47 2025 :: [*****] BUG: fread_fuss_mobile: vnum 50000: Mob has invalid race! Defaulting to monster.
Fri Sep 12 21:19:47 2025 :: [*****] FILE: housing.are LINE: 23
Fri Sep 12 21:19:47 2025 :: [*****] BUG: fread_fuss_mobile: vnum 54999: Mob has invalid race! Defaulting to monster.
Fri Sep 12 21:19:47 2025 :: [*****] FILE: housing.are LINE: 49
housing.are   : Rooms: 50000 - 54999 Objs: 50000 - 54999 Mobs: 50000 - 54999
highgard.are  : Rooms:   200 - 299   Objs:   200 - 299   Mobs:   200 - 299
Fri Sep 12 21:19:47 2025 :: Fixing exits
Fri Sep 12 21:19:47 2025 :: [*****] BUG: get_room_index: bad vnum 10300.
Fri Sep 12 21:19:47 2025 :: [*****] BOOT: Fix_exits: room 9, exit down leads to bad vnum (10300)
Fri Sep 12 21:19:47 2025 :: [*****] BUG: fix_exits: Deleting down exit in room 9
Fri Sep 12 21:19:47 2025 :: [*****] BUG: get_room_index: bad vnum 10300.
Fri Sep 12 21:19:47 2025 :: [*****] BOOT: Fix_exits: room 9, exit somewhere leads to bad vnum (10300)
Fri Sep 12 21:19:47 2025 :: [*****] BUG: fix_exits: Deleting somewhere exit in room 9
Fri Sep 12 21:19:47 2025 :: Initializing economy
Fri Sep 12 21:19:47 2025 :: Resetting areas
Fri Sep 12 21:19:47 2025 :: Loading buildlist
Fri Sep 12 21:19:47 2025 :: ../gods/Dragus
Fri Sep 12 21:19:47 2025 :: Loading boards
Fri Sep 12 21:19:47 2025 :: ../boards/immortal.brd
Fri Sep 12 21:19:47 2025 :: ../boards/highgod.brd
Fri Sep 12 21:19:47 2025 :: Loading vault list
Fri Sep 12 21:19:47 2025 :: $
Fri Sep 12 21:19:47 2025 ::  Done vaults 
Fri Sep 12 21:19:47 2025 :: Loading clans
Fri Sep 12 21:19:47 2025 :: Loading clans...
Fri Sep 12 21:19:47 2025 :: vampire.gui
Fri Sep 12 21:19:47 2025 :: Storeroom not found
Fri Sep 12 21:19:47 2025 :: druid.gui
Fri Sep 12 21:19:47 2025 :: Storeroom not found
Fri Sep 12 21:19:47 2025 :: warrior.gui
Fri Sep 12 21:19:47 2025 :: Storeroom not found
Fri Sep 12 21:19:47 2025 :: augurer.gui
Fri Sep 12 21:19:47 2025 :: Storeroom not found
Fri Sep 12 21:19:47 2025 :: thief.gui
Fri Sep 12 21:19:47 2025 :: Storeroom not found
Fri Sep 12 21:19:47 2025 :: cleric.gui
Fri Sep 12 21:19:47 2025 :: Storeroom not found
Fri Sep 12 21:19:47 2025 :: mage.gui
Fri Sep 12 21:19:47 2025 :: Storeroom not found
Fri Sep 12 21:19:47 2025 :: ranger.gui
Fri Sep 12 21:19:47 2025 :: Storeroom not found
Fri Sep 12 21:19:47 2025 :: $
Fri Sep 12 21:19:47 2025 ::  Done clans 
Fri Sep 12 21:19:47 2025 :: Loading councils
Fri Sep 12 21:19:47 2025 :: Loading councils...
Fri Sep 12 21:19:47 2025 :: $
Fri Sep 12 21:19:47 2025 ::  Done councils 
Fri Sep 12 21:19:47 2025 :: Loading deities
Fri Sep 12 21:19:47 2025 :: Loading deities...
Fri Sep 12 21:19:47 2025 :: $
Fri Sep 12 21:19:47 2025 ::  Done deities 
Fri Sep 12 21:19:47 2025 :: Loading watches
Fri Sep 12 21:19:47 2025 :: Loading bans
Fri Sep 12 21:19:47 2025 :: Done.
Fri Sep 12 21:19:47 2025 :: Loading reserved names
Fri Sep 12 21:19:47 2025 :: Loading corpses
Fri Sep 12 21:19:47 2025 :: Loading Immortal Hosts
Fri Sep 12 21:19:47 2025 :: Done.
Fri Sep 12 21:19:47 2025 :: Loading Projects
Fri Sep 12 21:19:47 2025 :: Loading Morphs
Fri Sep 12 21:19:47 2025 :: Done.
Fri Sep 12 21:19:47 2025 :: Loading Housing System, Home Accessories Data, and Home Auctioning System
Fri Sep 12 21:19:47 2025 :: Loading login messages
Fri Sep 12 21:19:47 2025 :: Initializing socket
Fri Sep 12 21:19:47 2025 :: (Name Not Set) ready on port 9001.
Fri Sep 12 21:19:55 2025 :: Preloading player data for: Dragus (2K)
Fri Sep 12 21:19:55 2025 :: [*****] BUG: fread_char: no match: 145
Fri Sep 12 21:19:55 2025 :: [*****] FILE: ../player/d/Dragus LINE: 14
Fri Sep 12 21:19:55 2025 :: [*****] BUG: fread_char: no match: 3
Fri Sep 12 21:19:55 2025 :: [*****] FILE: ../player/d/Dragus LINE: 15
Fri Sep 12 21:19:57 2025 :: Loading player data for: Dragus (2K)
Fri Sep 12 21:19:57 2025 :: [*****] BUG: fread_char: no match: 145
Fri Sep 12 21:19:57 2025 :: [*****] FILE: ../player/d/Dragus LINE: 14
Fri Sep 12 21:19:57 2025 :: [*****] BUG: fread_char: no match: 3
Fri Sep 12 21:19:57 2025 :: [*****] FILE: ../player/d/Dragus LINE: 15
Fri Sep 12 21:19:57 2025 :: Dragus (127.0.0.1) has connected.
Fri Sep 12 21:21:07 2025 :: Log Dragus: redit
Fri Sep 12 21:21:10 2025 :: Log Dragus: redit desc
Fri Sep 12 21:25:56 2025 :: Log Dragus: loadarea highgard.are
Fri Sep 12 21:26:11 2025 :: Log Dragus: loadarea highgard.are
Fri Sep 12 21:26:49 2025 :: Log Dragus: foldarea highgard.are
Fri Sep 12 21:27:14 2025 :: Log Dragus: unfoldarea highgard
highgard: No such file or directory
Fri Sep 12 21:27:14 2025 :: [*****] BUG: load_area_file: error loading file (can't open) highgard
Fri Sep 12 21:27:24 2025 :: Log Dragus: unfoldarea highgard.are
Fri Sep 12 21:27:24 2025 :: [*****] BUG: fread_fuss_mobile: vnum 200 duplicated.
Fri Sep 12 21:27:24 2025 :: [*****] FILE: $ LINE: 15
Fri Sep 12 21:27:24 2025 :: [*****] BUG: fread_fuss_mobile: vnum 201 duplicated.
Fri Sep 12 21:27:24 2025 :: [*****] FILE: $ LINE: 55
Fri Sep 12 21:27:24 2025 :: [*****] BUG: fread_fuss_mobile: vnum 202 duplicated.
Fri Sep 12 21:27:24 2025 :: [*****] FILE: $ LINE: 82
Fri Sep 12 21:27:24 2025 :: [*****] BUG: fread_fuss_mobile: vnum 203 duplicated.
Fri Sep 12 21:27:24 2025 :: [*****] FILE: $ LINE: 141
Fri Sep 12 21:27:24 2025 :: [*****] BUG: fread_fuss_mobile: vnum 210 duplicated.
Fri Sep 12 21:27:24 2025 :: [*****] FILE: $ LINE: 164
Fri Sep 12 21:27:24 2025 :: [*****] BUG: fread_fuss_mobile: vnum 299 duplicated.
Fri Sep 12 21:27:24 2025 :: [*****] FILE: $ LINE: 292
Fri Sep 12 21:27:24 2025 :: [*****] BUG: fread_fuss_object: vnum 200 duplicated.
Fri Sep 12 21:27:24 2025 :: [*****] FILE: $ LINE: 318
Fri Sep 12 21:27:24 2025 :: [*****] BUG: fread_fuss_object: vnum 201 duplicated.
Fri Sep 12 21:27:24 2025 :: [*****] FILE: $ LINE: 329
Fri Sep 12 21:27:24 2025 :: [*****] BUG: fread_fuss_object: vnum 202 duplicated.
Fri Sep 12 21:27:24 2025 :: [*****] FILE: $ LINE: 349
Fri Sep 12 21:27:24 2025 :: [*****] BUG: fread_fuss_object: vnum 299 duplicated.
Fri Sep 12 21:27:24 2025 :: [*****] FILE: $ LINE: 360
Fri Sep 12 21:27:24 2025 :: [*****] BUG: fread_fuss_room: vnum 200 duplicated.
Fri Sep 12 21:27:24 2025 :: [*****] FILE: $ LINE: 371
Fri Sep 12 21:27:24 2025 :: [*****] BUG: fread_fuss_room: vnum 201 duplicated.
Fri Sep 12 21:27:24 2025 :: [*****] FILE: $ LINE: 421
Fri Sep 12 21:27:24 2025 :: [*****] BUG: fread_fuss_room: vnum 202 duplicated.
Fri Sep 12 21:27:24 2025 :: [*****] FILE: $ LINE: 435
Fri Sep 12 21:27:24 2025 :: [*****] BUG: fread_fuss_room: vnum 203 duplicated.
Fri Sep 12 21:27:24 2025 :: [*****] FILE: $ LINE: 449
Fri Sep 12 21:27:24 2025 :: [*****] BUG: fread_fuss_room: vnum 204 duplicated.
Fri Sep 12 21:27:24 2025 :: [*****] FILE: $ LINE: 463
Fri Sep 12 21:27:24 2025 :: [*****] BUG: fread_fuss_room: vnum 205 duplicated.
Fri Sep 12 21:27:24 2025 :: [*****] FILE: $ LINE: 479
Fri Sep 12 21:27:24 2025 :: [*****] BUG: fread_fuss_room: vnum 206 duplicated.
Fri Sep 12 21:27:24 2025 :: [*****] FILE: $ LINE: 501
Fri Sep 12 21:27:24 2025 :: [*****] BUG: fread_fuss_room: vnum 207 duplicated.
Fri Sep 12 21:27:24 2025 :: [*****] FILE: $ LINE: 533
Fri Sep 12 21:27:24 2025 :: [*****] BUG: fread_fuss_room: vnum 208 duplicated.
Fri Sep 12 21:27:24 2025 :: [*****] FILE: $ LINE: 555
Fri Sep 12 21:27:24 2025 :: [*****] BUG: fread_fuss_room: vnum 209 duplicated.
Fri Sep 12 21:27:24 2025 :: [*****] FILE: $ LINE: 572
Fri Sep 12 21:27:24 2025 :: [*****] BUG: fread_fuss_room: vnum 210 duplicated.
Fri Sep 12 21:27:24 2025 :: [*****] FILE: $ LINE: 603
Fri Sep 12 21:27:24 2025 :: [*****] BUG: fread_fuss_room: vnum 211 duplicated.
Fri Sep 12 21:27:24 2025 :: [*****] FILE: $ LINE: 626
Fri Sep 12 21:27:24 2025 :: [*****] BUG: fread_fuss_room: vnum 212 duplicated.
Fri Sep 12 21:27:24 2025 :: [*****] FILE: $ LINE: 649
Fri Sep 12 21:27:24 2025 :: [*****] BUG: fread_fuss_room: vnum 213 duplicated.
Fri Sep 12 21:27:24 2025 :: [*****] FILE: $ LINE: 672
Fri Sep 12 21:27:24 2025 :: [*****] BUG: fread_fuss_room: vnum 214 duplicated.
Fri Sep 12 21:27:24 2025 :: [*****] FILE: $ LINE: 689
Fri Sep 12 21:27:24 2025 :: [*****] BUG: fread_fuss_room: vnum 215 duplicated.
Fri Sep 12 21:27:24 2025 :: [*****] FILE: $ LINE: 710
Fri Sep 12 21:27:24 2025 :: [*****] BUG: fread_fuss_room: vnum 216 duplicated.
Fri Sep 12 21:27:24 2025 :: [*****] FILE: $ LINE: 731
Fri Sep 12 21:27:24 2025 :: [*****] BUG: fread_fuss_room: vnum 217 duplicated.
Fri Sep 12 21:27:24 2025 :: [*****] FILE: $ LINE: 753
Fri Sep 12 21:27:24 2025 :: [*****] BUG: fread_fuss_room: vnum 218 duplicated.
Fri Sep 12 21:27:24 2025 :: [*****] FILE: $ LINE: 775
Fri Sep 12 21:27:24 2025 :: [*****] BUG: fread_fuss_room: vnum 219 duplicated.
Fri Sep 12 21:27:24 2025 :: [*****] FILE: $ LINE: 798
Fri Sep 12 21:27:24 2025 :: [*****] BUG: fread_fuss_room: vnum 220 duplicated.
Fri Sep 12 21:27:24 2025 :: [*****] FILE: $ LINE: 815
Fri Sep 12 21:27:24 2025 :: [*****] BUG: fread_fuss_room: vnum 221 duplicated.
Fri Sep 12 21:27:24 2025 :: [*****] FILE: $ LINE: 837
Fri Sep 12 21:27:24 2025 :: [*****] BUG: fread_fuss_room: vnum 222 duplicated.
Fri Sep 12 21:27:24 2025 :: [*****] FILE: $ LINE: 854
Fri Sep 12 21:27:24 2025 :: [*****] BUG: fread_fuss_room: vnum 223 duplicated.
Fri Sep 12 21:27:24 2025 :: [*****] FILE: $ LINE: 876
Fri Sep 12 21:27:24 2025 :: [*****] BUG: fread_fuss_room: vnum 224 duplicated.
Fri Sep 12 21:27:24 2025 :: [*****] FILE: $ LINE: 903
Fri Sep 12 21:27:24 2025 :: [*****] BUG: fread_fuss_room: vnum 225 duplicated.
Fri Sep 12 21:27:24 2025 :: [*****] FILE: $ LINE: 925
Fri Sep 12 21:27:24 2025 :: [*****] BUG: fread_fuss_room: vnum 226 duplicated.
Fri Sep 12 21:27:24 2025 :: [*****] FILE: $ LINE: 947
Fri Sep 12 21:27:24 2025 :: [*****] BUG: fread_fuss_room: vnum 227 duplicated.
Fri Sep 12 21:27:24 2025 :: [*****] FILE: $ LINE: 968
Fri Sep 12 21:27:24 2025 :: [*****] BUG: fread_fuss_room: vnum 228 duplicated.
Fri Sep 12 21:27:24 2025 :: [*****] FILE: $ LINE: 990
Fri Sep 12 21:27:24 2025 :: [*****] BUG: fread_fuss_room: vnum 229 duplicated.
Fri Sep 12 21:27:24 2025 :: [*****] FILE: $ LINE: 1007
Fri Sep 12 21:27:24 2025 :: [*****] BUG: fread_fuss_room: vnum 230 duplicated.
Fri Sep 12 21:27:24 2025 :: [*****] FILE: $ LINE: 1028
Fri Sep 12 21:27:24 2025 :: [*****] BUG: fread_fuss_room: vnum 231 duplicated.
Fri Sep 12 21:27:24 2025 :: [*****] FILE: $ LINE: 1050
Fri Sep 12 21:27:24 2025 :: [*****] BUG: fread_fuss_room: vnum 232 duplicated.
Fri Sep 12 21:27:24 2025 :: [*****] FILE: $ LINE: 1071
Fri Sep 12 21:27:24 2025 :: [*****] BUG: fread_fuss_room: vnum 233 duplicated.
Fri Sep 12 21:27:24 2025 :: [*****] FILE: $ LINE: 1092
Fri Sep 12 21:27:24 2025 :: [*****] BUG: fread_fuss_room: vnum 234 duplicated.
Fri Sep 12 21:27:24 2025 :: [*****] FILE: $ LINE: 1109
Fri Sep 12 21:27:24 2025 :: [*****] BUG: fread_fuss_room: vnum 235 duplicated.
Fri Sep 12 21:27:24 2025 :: [*****] FILE: $ LINE: 1126
Fri Sep 12 21:27:24 2025 :: [*****] BUG: fread_fuss_room: vnum 236 duplicated.
Fri Sep 12 21:27:24 2025 :: [*****] FILE: $ LINE: 1143
Fri Sep 12 21:27:24 2025 :: [*****] BUG: fread_fuss_room: vnum 237 duplicated.
Fri Sep 12 21:27:24 2025 :: [*****] FILE: $ LINE: 1160
Fri Sep 12 21:27:24 2025 :: [*****] BUG: fread_fuss_room: vnum 238 duplicated.
Fri Sep 12 21:27:24 2025 :: [*****] FILE: $ LINE: 1177
Fri Sep 12 21:27:24 2025 :: [*****] BUG: fread_fuss_room: vnum 239 duplicated.
Fri Sep 12 21:27:24 2025 :: [*****] FILE: $ LINE: 1194
Fri Sep 12 21:27:24 2025 :: [*****] BUG: fread_fuss_room: vnum 240 duplicated.
Fri Sep 12 21:27:24 2025 :: [*****] FILE: $ LINE: 1211
Fri Sep 12 21:27:24 2025 :: [*****] BUG: fread_fuss_room: vnum 241 duplicated.
Fri Sep 12 21:27:24 2025 :: [*****] FILE: $ LINE: 1223
Fri Sep 12 21:27:24 2025 :: [*****] BUG: fread_fuss_room: vnum 242 duplicated.
Fri Sep 12 21:27:24 2025 :: [*****] FILE: $ LINE: 1235
Fri Sep 12 21:27:24 2025 :: [*****] BUG: fread_fuss_room: vnum 243 duplicated.
Fri Sep 12 21:27:24 2025 :: [*****] FILE: $ LINE: 1247
Fri Sep 12 21:27:24 2025 :: [*****] BUG: fread_fuss_room: vnum 244 duplicated.
Fri Sep 12 21:27:24 2025 :: [*****] FILE: $ LINE: 1259
Fri Sep 12 21:27:24 2025 :: [*****] BUG: fread_fuss_room: vnum 245 duplicated.
Fri Sep 12 21:27:24 2025 :: [*****] FILE: $ LINE: 1273
Fri Sep 12 21:27:24 2025 :: [*****] BUG: fread_fuss_room: vnum 299 duplicated.
Fri Sep 12 21:27:24 2025 :: [*****] FILE: $ LINE: 1280
highgard.are  : Rooms:   200 - 299   Objs:   200 - 299   Mobs:   200 - 299
Fri Sep 12 21:31:41 2025 :: Log Dragus: foldarea highgard.are
