Fri Sep 12 23:17:32 2025 :: Booting Database
 0 0 0 0 0 0 0 0 0 0 0 0 0 0 0 0 0 0 0 0 0 0 0 0 0 0 0 0 0 0 0 0
Fri Sep 12 23:17:32 2025 :: [*****] BOOT: ---------------------[ Boot Log ]--------------------
Fri Sep 12 23:17:32 2025 :: Initializing libdl support...
Fri Sep 12 23:17:32 2025 :: Loading commands...
Fri Sep 12 23:17:32 2025 :: Loading spec_funs...
Fri Sep 12 23:17:32 2025 :: Loading sysdata configuration...
Fri Sep 12 23:17:32 2025 :: Loading socials
Fri Sep 12 23:17:32 2025 :: Loading skill table
Fri Sep 12 23:17:32 2025 :: [*****] BUG: spell_function: Error locating (null) in symbol table. No such process
Fri Sep 12 23:17:32 2025 :: [*****] BUG: fread_skill: unknown skill/spell (null)
Fri Sep 12 23:17:32 2025 :: [*****] BUG: fread_word: EOF encountered on read.

Fri Sep 12 23:17:32 2025 :: [*****] BUG: load_skill_table: bad section.
Fri Sep 12 23:17:32 2025 :: [*****] BUG: fread_letter: EOF encountered on read.

Fri Sep 12 23:17:32 2025 :: [*****] BUG: load_skill_table: # not found.
Fri Sep 12 23:17:32 2025 :: Sorting skill table...
Fri Sep 12 23:17:32 2025 :: Creating skill table sorted by type...
Fri Sep 12 23:17:32 2025 :: Remapping slots to sns
Fri Sep 12 23:17:32 2025 :: Loading classes
../classes/human: No such file or directory
Fri Sep 12 23:17:32 2025 :: [*****] BUG: load_classes: Cannot load class file: human
../classes/eldari: No such file or directory
Fri Sep 12 23:17:32 2025 :: [*****] BUG: load_classes: Cannot load class file: eldari
../classes/vampire: No such file or directory
Fri Sep 12 23:17:32 2025 :: [*****] BUG: load_classes: Cannot load class file: vampire
Fri Sep 12 23:17:32 2025 :: Loading races
../races/unused.race: No such file or directory
Fri Sep 12 23:17:32 2025 :: [*****] BUG: load_races: Cannot load race file: unused.race
Fri Sep 12 23:17:32 2025 :: Loading news data
Fri Sep 12 23:17:32 2025 :: Loading liquids
Fri Sep 12 23:17:32 2025 :: Loading mixtures
Fri Sep 12 23:17:32 2025 :: Loading herb table
Fri Sep 12 23:17:32 2025 :: Loading tongues
Fri Sep 12 23:17:32 2025 :: Making wizlist
Fri Sep 12 23:17:32 2025 :: Loading MSSP Data...
Fri Sep 12 23:17:32 2025 :: Initializing random number generator
Fri Sep 12 23:17:32 2025 :: Setting time and weather.
Fri Sep 12 23:17:32 2025 :: Loading holiday chart...
Fri Sep 12 23:17:32 2025 :: Loading DNS cache...
Fri Sep 12 23:17:32 2025 :: Assigning gsn's
ASSIGN_GSN: Skill evasive style not found.
ASSIGN_GSN: Skill defensive style not found.
ASSIGN_GSN: Skill standard style not found.
ASSIGN_GSN: Skill berserk style not found.
ASSIGN_GSN: Skill pugilism not found.
ASSIGN_GSN: Skill unarmed not found.
ASSIGN_GSN: Skill maces not found.
ASSIGN_GSN: Skill staves not found.
ASSIGN_GSN: Skill spears not found.
ASSIGN_GSN: Skill polearms not found.
ASSIGN_GSN: Skill bows not found.
ASSIGN_GSN: Skill xbows not found.
ASSIGN_GSN: Skill firearms not found.
ASSIGN_GSN: Skill long blades not found.
ASSIGN_GSN: Skill short blades not found.
ASSIGN_GSN: Skill flexible arms not found.
ASSIGN_GSN: Skill talonous arms not found.
ASSIGN_GSN: Skill bludgeons not found.
ASSIGN_GSN: Skill missile weapons not found.
ASSIGN_GSN: Skill detrap not found.
ASSIGN_GSN: Skill backstab not found.
ASSIGN_GSN: Skill circle not found.
ASSIGN_GSN: Skill tumble not found.
ASSIGN_GSN: Skill dodge not found.
ASSIGN_GSN: Skill hide not found.
ASSIGN_GSN: Skill peek not found.
ASSIGN_GSN: Skill pick lock not found.
ASSIGN_GSN: Skill sneak not found.
ASSIGN_GSN: Skill steal not found.
ASSIGN_GSN: Skill gouge not found.
ASSIGN_GSN: Skill poison weapon not found.
ASSIGN_GSN: Skill disarm not found.
ASSIGN_GSN: Skill enhanced damage not found.
ASSIGN_GSN: Skill kick not found.
ASSIGN_GSN: Skill parry not found.
ASSIGN_GSN: Skill rescue not found.
ASSIGN_GSN: Skill second attack not found.
ASSIGN_GSN: Skill third attack not found.
ASSIGN_GSN: Skill fourth attack not found.
ASSIGN_GSN: Skill fifth attack not found.
ASSIGN_GSN: Skill dual wield not found.
ASSIGN_GSN: Skill punch not found.
ASSIGN_GSN: Skill bash not found.
ASSIGN_GSN: Skill stun not found.
ASSIGN_GSN: Skill doorbash not found.
ASSIGN_GSN: Skill grip not found.
ASSIGN_GSN: Skill berserk not found.
ASSIGN_GSN: Skill hitall not found.
ASSIGN_GSN: Skill feed not found.
ASSIGN_GSN: Skill bloodlet not found.
ASSIGN_GSN: Skill cleave not found.
ASSIGN_GSN: Skill pounce not found.
ASSIGN_GSN: Skill grapple not found.
ASSIGN_GSN: Skill broach not found.
ASSIGN_GSN: Skill mistwalk not found.
ASSIGN_GSN: Skill track not found.
ASSIGN_GSN: Skill meditate not found.
ASSIGN_GSN: Skill trance not found.
ASSIGN_GSN: Skill search not found.
ASSIGN_GSN: Skill dig not found.
ASSIGN_GSN: Skill mount not found.
ASSIGN_GSN: Skill bite not found.
ASSIGN_GSN: Skill claw not found.
ASSIGN_GSN: Skill sting not found.
ASSIGN_GSN: Skill tail not found.
ASSIGN_GSN: Skill scribe not found.
ASSIGN_GSN: Skill brew not found.
ASSIGN_GSN: Skill climb not found.
ASSIGN_GSN: Skill cook not found.
ASSIGN_GSN: Skill scan not found.
ASSIGN_GSN: Skill slice not found.
ASSIGN_GSN: Skill fireball not found.
ASSIGN_GSN: Skill chill touch not found.
ASSIGN_GSN: Skill lightning bolt not found.
ASSIGN_GSN: Skill aqua breath not found.
ASSIGN_GSN: Skill blindness not found.
ASSIGN_GSN: Skill charm person not found.
ASSIGN_GSN: Skill curse not found.
ASSIGN_GSN: Skill invis not found.
ASSIGN_GSN: Skill mass invis not found.
ASSIGN_GSN: Skill poison not found.
ASSIGN_GSN: Skill sleep not found.
ASSIGN_GSN: Skill possess not found.
ASSIGN_GSN: Skill common not found.
ASSIGN_GSN: Skill elven not found.
ASSIGN_GSN: Skill dwarven not found.
ASSIGN_GSN: Skill pixie not found.
ASSIGN_GSN: Skill ogre not found.
ASSIGN_GSN: Skill orcish not found.
ASSIGN_GSN: Skill trollese not found.
ASSIGN_GSN: Skill goblin not found.
ASSIGN_GSN: Skill halfling not found.
ASSIGN_GSN: Skill gnomish not found.
Fri Sep 12 23:17:32 2025 :: Reading in area files...
(help.are)
Fri Sep 12 23:17:32 2025 :: [*****] BUG: fread_fuss_mobile: vnum 71: Mob has invalid race! Defaulting to monster.
Fri Sep 12 23:17:32 2025 :: [*****] FILE: limbo.are LINE: 666
limbo.are     : Rooms:     2 - 99    Objs:     2 - 99    Mobs:     1 - 99
Build.are     : Rooms:  9500 - 9589  Objs:     0 - 0     Mobs:     0 - 0
Fri Sep 12 23:17:32 2025 :: [*****] BUG: fread_fuss_mobile: vnum 50000: Mob has invalid race! Defaulting to monster.
Fri Sep 12 23:17:32 2025 :: [*****] FILE: housing.are LINE: 23
Fri Sep 12 23:17:32 2025 :: [*****] BUG: fread_fuss_mobile: vnum 54999: Mob has invalid race! Defaulting to monster.
Fri Sep 12 23:17:32 2025 :: [*****] FILE: housing.are LINE: 49
housing.are   : Rooms: 50000 - 54999 Objs: 50000 - 54999 Mobs: 50000 - 54999
Fri Sep 12 23:17:32 2025 :: [*****] BUG: fread_fuss_areadata: Unknown area flag: none
Fri Sep 12 23:17:32 2025 :: [*****] FILE: highgard.are LINE: 12
highgard.are  : Rooms:   200 - 299   Objs:   200 - 299   Mobs:   200 - 299
Fri Sep 12 23:17:32 2025 :: Fixing exits
Fri Sep 12 23:17:32 2025 :: [*****] BUG: get_room_index: bad vnum 10300.
Fri Sep 12 23:17:32 2025 :: [*****] BOOT: Fix_exits: room 9, exit down leads to bad vnum (10300)
Fri Sep 12 23:17:32 2025 :: [*****] BUG: fix_exits: Deleting down exit in room 9
Fri Sep 12 23:17:32 2025 :: [*****] BUG: get_room_index: bad vnum 10300.
Fri Sep 12 23:17:32 2025 :: [*****] BOOT: Fix_exits: room 9, exit somewhere leads to bad vnum (10300)
Fri Sep 12 23:17:32 2025 :: [*****] BUG: fix_exits: Deleting somewhere exit in room 9
Fri Sep 12 23:17:32 2025 :: Initializing economy
Fri Sep 12 23:17:32 2025 :: Resetting areas
Fri Sep 12 23:17:32 2025 :: Loading buildlist
Fri Sep 12 23:17:32 2025 :: ../gods/Dragus
Fri Sep 12 23:17:32 2025 :: Loading boards
Fri Sep 12 23:17:32 2025 :: ../boards/immortal.brd
Fri Sep 12 23:17:32 2025 :: ../boards/highgod.brd
Fri Sep 12 23:17:32 2025 :: Loading vault list
Fri Sep 12 23:17:32 2025 :: $
Fri Sep 12 23:17:32 2025 ::  Done vaults 
Fri Sep 12 23:17:32 2025 :: Loading clans
Fri Sep 12 23:17:32 2025 :: Loading clans...
Fri Sep 12 23:17:32 2025 :: vampire.gui
Fri Sep 12 23:17:32 2025 :: Storeroom not found
Fri Sep 12 23:17:32 2025 :: druid.gui
Fri Sep 12 23:17:32 2025 :: Storeroom not found
Fri Sep 12 23:17:32 2025 :: warrior.gui
Fri Sep 12 23:17:32 2025 :: Storeroom not found
Fri Sep 12 23:17:32 2025 :: augurer.gui
Fri Sep 12 23:17:32 2025 :: Storeroom not found
Fri Sep 12 23:17:32 2025 :: thief.gui
Fri Sep 12 23:17:32 2025 :: Storeroom not found
Fri Sep 12 23:17:32 2025 :: cleric.gui
Fri Sep 12 23:17:32 2025 :: Storeroom not found
Fri Sep 12 23:17:32 2025 :: mage.gui
Fri Sep 12 23:17:32 2025 :: Storeroom not found
Fri Sep 12 23:17:32 2025 :: ranger.gui
Fri Sep 12 23:17:32 2025 :: Storeroom not found
Fri Sep 12 23:17:32 2025 :: $
Fri Sep 12 23:17:32 2025 ::  Done clans 
Fri Sep 12 23:17:32 2025 :: Loading councils
Fri Sep 12 23:17:32 2025 :: Loading councils...
Fri Sep 12 23:17:32 2025 :: $
Fri Sep 12 23:17:32 2025 ::  Done councils 
Fri Sep 12 23:17:32 2025 :: Loading deities
Fri Sep 12 23:17:32 2025 :: Loading deities...
Fri Sep 12 23:17:32 2025 :: $
Fri Sep 12 23:17:32 2025 ::  Done deities 
Fri Sep 12 23:17:32 2025 :: Loading watches
Fri Sep 12 23:17:32 2025 :: Loading bans
Fri Sep 12 23:17:32 2025 :: Done.
Fri Sep 12 23:17:32 2025 :: Loading reserved names
Fri Sep 12 23:17:32 2025 :: Loading corpses
Fri Sep 12 23:17:32 2025 :: Loading Immortal Hosts
Fri Sep 12 23:17:32 2025 :: Done.
Fri Sep 12 23:17:32 2025 :: Loading Projects
Fri Sep 12 23:17:32 2025 :: Loading Morphs
Fri Sep 12 23:17:32 2025 :: Done.
Fri Sep 12 23:17:32 2025 :: Loading Housing System, Home Accessories Data, and Home Auctioning System
Fri Sep 12 23:17:32 2025 :: Loading login messages
Fri Sep 12 23:17:32 2025 :: Initializing socket
Fri Sep 12 23:17:32 2025 :: (Name Not Set) ready on port 9001.
Fri Sep 12 23:17:35 2025 :: Preloading player data for: Dragus (2K)
Fri Sep 12 23:17:35 2025 :: [*****] BUG: fread_char: no match: 145
Fri Sep 12 23:17:35 2025 :: [*****] FILE: ../player/d/Dragus LINE: 14
Fri Sep 12 23:17:35 2025 :: [*****] BUG: fread_char: no match: 3
Fri Sep 12 23:17:35 2025 :: [*****] FILE: ../player/d/Dragus LINE: 15
Fri Sep 12 23:17:37 2025 :: Loading player data for: Dragus (2K)
Fri Sep 12 23:17:37 2025 :: [*****] BUG: fread_char: no match: 145
Fri Sep 12 23:17:37 2025 :: [*****] FILE: ../player/d/Dragus LINE: 14
Fri Sep 12 23:17:37 2025 :: [*****] BUG: fread_char: no match: 3
Fri Sep 12 23:17:37 2025 :: [*****] FILE: ../player/d/Dragus LINE: 15
Fri Sep 12 23:17:37 2025 :: Dragus (127.0.0.1) has connected.
Fri Sep 12 23:42:56 2025 :: Log Dragus: setclass Android create
Fri Sep 12 23:43:03 2025 :: Log Dragus: setclass Android prime 3
Fri Sep 12 23:43:03 2025 :: Log Dragus: setclass Android second 1
Fri Sep 12 23:43:04 2025 :: Log Dragus: setclass Android deficient 4
Fri Sep 12 23:43:04 2025 :: Log Dragus: setclass Android weapon 6
Fri Sep 12 23:43:04 2025 :: Log Dragus: setclass Android thac0 18
Fri Sep 12 23:43:04 2025 :: Log Dragus: setclass Android thac32 8
Fri Sep 12 23:43:05 2025 :: Log Dragus: setclass Android hpmin 8
Fri Sep 12 23:43:05 2025 :: Log Dragus: setclass Android hpmax 12
Fri Sep 12 23:43:05 2025 :: Log Dragus: setclass Android mana 1
Fri Sep 12 23:43:06 2025 :: Log Dragus: setclass Android expbase 1100
Fri Sep 12 23:44:32 2025 :: Log Dragus: setclass Human prime strength
Fri Sep 12 23:44:32 2025 :: Log Dragus: setclass Human second dexterity
Fri Sep 12 23:44:32 2025 :: Log Dragus: setclass Human deficient intelligence
Fri Sep 12 23:44:33 2025 :: Log Dragus: setclass Human weapon 1
Fri Sep 12 23:44:33 2025 :: Log Dragus: setclass Human thac0 18
Fri Sep 12 23:44:33 2025 :: Log Dragus: setclass Human thac32 6
Fri Sep 12 23:44:33 2025 :: Log Dragus: setclass Human hpmin 10
Fri Sep 12 23:44:34 2025 :: Log Dragus: setclass Human hpmax 15
Fri Sep 12 23:44:34 2025 :: Log Dragus: setclass Human mana 0
Fri Sep 12 23:44:34 2025 :: Log Dragus: setclass Human expbase 1000
Fri Sep 12 23:44:50 2025 :: Log Dragus: setclass Vampire prime strength
Fri Sep 12 23:44:50 2025 :: Log Dragus: setclass Vampire second charisma
Fri Sep 12 23:44:50 2025 :: Log Dragus: setclass Vampire deficient wisdom
Fri Sep 12 23:44:51 2025 :: Log Dragus: setclass Vampire weapon 1
Fri Sep 12 23:44:51 2025 :: Log Dragus: setclass Vampire thac0 16
Fri Sep 12 23:44:51 2025 :: Log Dragus: setclass Vampire thac32 4
Fri Sep 12 23:44:52 2025 :: Log Dragus: setclass Vampire hpmin 12
Fri Sep 12 23:44:52 2025 :: Log Dragus: setclass Vampire hpmax 18
Fri Sep 12 23:44:52 2025 :: Log Dragus: setclass Vampire mana 0
Fri Sep 12 23:44:52 2025 :: Log Dragus: setclass Vampire expbase 1200
Fri Sep 12 23:44:53 2025 :: Log Dragus: setclass Vampire affected charm
Fri Sep 12 23:45:03 2025 :: Log Dragus: setclass Human create
Fri Sep 12 23:45:19 2025 :: Log Dragus: setclass Human prime strength
Fri Sep 12 23:45:20 2025 :: Log Dragus: setclass Human second dexterity
Fri Sep 12 23:45:20 2025 :: Log Dragus: setclass Human deficient intelligence
Fri Sep 12 23:45:20 2025 :: Log Dragus: setclass Human weapon 1
Fri Sep 12 23:45:20 2025 :: Log Dragus: setclass Human thac0 18
Fri Sep 12 23:45:21 2025 :: Log Dragus: setclass Human thac32 6
Fri Sep 12 23:45:21 2025 :: Log Dragus: setclass Human hpmin 10
Fri Sep 12 23:45:21 2025 :: Log Dragus: setclass Human hpmax 15
Fri Sep 12 23:45:21 2025 :: Log Dragus: setclass Human mana 0
Fri Sep 12 23:45:22 2025 :: Log Dragus: setclass Human expbase 1000
Fri Sep 12 23:45:26 2025 :: Log Dragus: setclass
Fri Sep 12 23:45:38 2025 :: Log Dragus: setclass 0
Fri Sep 12 23:46:24 2025 :: Log Dragus: setclass 0 name Human
Fri Sep 12 23:47:07 2025 :: Log Dragus: setclass Android prime intelligence
Fri Sep 12 23:47:07 2025 :: Log Dragus: setclass Android second dexterity
Fri Sep 12 23:47:08 2025 :: Log Dragus: setclass Android deficient wisdom
Fri Sep 12 23:47:08 2025 :: Log Dragus: setclass Android weapon 6
Fri Sep 12 23:47:08 2025 :: Log Dragus: setclass Android thac0 18
Fri Sep 12 23:47:08 2025 :: Log Dragus: setclass Android thac32 8
Fri Sep 12 23:47:09 2025 :: Log Dragus: setclass Android hpmin 8
Fri Sep 12 23:47:09 2025 :: Log Dragus: setclass Android hpmax 12
Fri Sep 12 23:47:09 2025 :: Log Dragus: setclass Android mana 1
Fri Sep 12 23:47:09 2025 :: Log Dragus: setclass Android expbase 1100
Fri Sep 12 23:48:44 2025 :: Log Dragus: setclass 0 name Human
Fri Sep 12 23:48:55 2025 :: Log Dragus: setclass Human prime strength
Fri Sep 12 23:48:55 2025 :: Log Dragus: setclass Human second dexterity
Fri Sep 12 23:48:55 2025 :: Log Dragus: setclass Human deficient intelligence
Fri Sep 12 23:48:56 2025 :: Log Dragus: setclass Human weapon 1
Fri Sep 12 23:48:56 2025 :: Log Dragus: setclass Human thac0 18
Fri Sep 12 23:48:56 2025 :: Log Dragus: setclass Human thac32 6
Fri Sep 12 23:48:56 2025 :: Log Dragus: setclass Human hpmin 10
Fri Sep 12 23:48:57 2025 :: Log Dragus: setclass Human hpmax 15
Fri Sep 12 23:48:57 2025 :: Log Dragus: setclass Human mana 0
Fri Sep 12 23:48:57 2025 :: Log Dragus: setclass Human expbase 1000
Fri Sep 12 23:49:34 2025 :: Log Dragus: setclass Vampire create
Fri Sep 12 23:50:01 2025 :: Log Dragus: setclass Vampire prime strength
Fri Sep 12 23:50:01 2025 :: Log Dragus: setclass Vampire second charisma
Fri Sep 12 23:50:01 2025 :: Log Dragus: setclass Vampire deficient wisdom
Fri Sep 12 23:50:02 2025 :: Log Dragus: setclass Vampire weapon 1
Fri Sep 12 23:50:02 2025 :: Log Dragus: setclass Vampire thac0 16
Fri Sep 12 23:50:02 2025 :: Log Dragus: setclass Vampire thac32 4
Fri Sep 12 23:50:02 2025 :: Log Dragus: setclass Vampire hpmin 12
Fri Sep 12 23:50:03 2025 :: Log Dragus: setclass Vampire hpmax 18
Fri Sep 12 23:50:03 2025 :: Log Dragus: setclass Vampire mana 0
Fri Sep 12 23:50:03 2025 :: Log Dragus: setclass Vampire expbase 1200
Fri Sep 12 23:50:03 2025 :: Log Dragus: setclass Vampire affected charm
Fri Sep 12 23:50:17 2025 :: Log Dragus: setclass Eldari create
Fri Sep 12 23:50:22 2025 :: Log Dragus: setclass Eldari prime intelligence
Fri Sep 12 23:50:23 2025 :: Log Dragus: setclass Eldari second wisdom
Fri Sep 12 23:50:23 2025 :: Log Dragus: setclass Eldari deficient strength
Fri Sep 12 23:50:23 2025 :: Log Dragus: setclass Eldari weapon 6
Fri Sep 12 23:50:23 2025 :: Log Dragus: setclass Eldari thac0 19
Fri Sep 12 23:50:24 2025 :: Log Dragus: setclass Eldari thac32 10
Fri Sep 12 23:50:24 2025 :: Log Dragus: setclass Eldari hpmin 6
Fri Sep 12 23:50:24 2025 :: Log Dragus: setclass Eldari hpmax 12
Fri Sep 12 23:50:25 2025 :: Log Dragus: setclass Eldari mana 1
Fri Sep 12 23:50:25 2025 :: Log Dragus: setclass Eldari expbase 1300
Fri Sep 12 23:50:45 2025 :: Log Dragus: setclass Bio-Android create
Fri Sep 12 23:50:52 2025 :: Log Dragus: setclass Bio-Android prime strength
Fri Sep 12 23:50:52 2025 :: Log Dragus: setclass Bio-Android second constitution
Fri Sep 12 23:50:52 2025 :: Log Dragus: setclass Bio-Android deficient charisma
Fri Sep 12 23:50:52 2025 :: Log Dragus: setclass Bio-Android weapon 1
Fri Sep 12 23:50:53 2025 :: Log Dragus: setclass Bio-Android thac0 14
Fri Sep 12 23:50:53 2025 :: Log Dragus: setclass Bio-Android thac32 2
Fri Sep 12 23:50:53 2025 :: Log Dragus: setclass Bio-Android hpmin 16
Fri Sep 12 23:50:53 2025 :: Log Dragus: setclass Bio-Android hpmax 22
Fri Sep 12 23:50:54 2025 :: Log Dragus: setclass Bio-Android mana 0
Fri Sep 12 23:50:54 2025 :: Log Dragus: setclass Bio-Android expbase 1400
Fri Sep 12 23:51:00 2025 :: Log Dragus: setclass Android create
Fri Sep 12 23:51:01 2025 :: Log Dragus: setclass Android prime intelligence
Fri Sep 12 23:51:01 2025 :: Log Dragus: setclass Android second dexterity
Fri Sep 12 23:51:01 2025 :: Log Dragus: setclass Android deficient wisdom
Fri Sep 12 23:51:01 2025 :: Log Dragus: setclass Android weapon 6
Fri Sep 12 23:51:02 2025 :: Log Dragus: setclass Android thac0 18
Fri Sep 12 23:51:02 2025 :: Log Dragus: setclass Android thac32 8
Fri Sep 12 23:51:02 2025 :: Log Dragus: setclass Android hpmin 8
Fri Sep 12 23:51:02 2025 :: Log Dragus: setclass Android hpmax 12
Fri Sep 12 23:51:03 2025 :: Log Dragus: setclass Android mana 1
Fri Sep 12 23:51:03 2025 :: Log Dragus: setclass Android expbase 1100
Fri Sep 12 23:51:18 2025 :: Log Dragus: setclass Hollowborn create
Fri Sep 12 23:51:18 2025 :: Log Dragus: setclass Hollowborn prime intelligence
Fri Sep 12 23:51:18 2025 :: Log Dragus: setclass Hollowborn second dexterity
Fri Sep 12 23:51:19 2025 :: Log Dragus: setclass Hollowborn deficient charisma
Fri Sep 12 23:51:19 2025 :: Log Dragus: setclass Hollowborn weapon 6
Fri Sep 12 23:51:19 2025 :: Log Dragus: setclass Hollowborn thac0 19
Fri Sep 12 23:51:19 2025 :: Log Dragus: setclass Hollowborn thac32 12
Fri Sep 12 23:51:20 2025 :: Log Dragus: setclass Hollowborn hpmin 6
Fri Sep 12 23:51:20 2025 :: Log Dragus: setclass Hollowborn hpmax 10
Fri Sep 12 23:51:20 2025 :: Log Dragus: setclass Hollowborn mana 1
Fri Sep 12 23:51:21 2025 :: Log Dragus: setclass Hollowborn expbase 1350
Fri Sep 12 23:51:31 2025 :: Log Dragus: setclass Spiritbound create
Fri Sep 12 23:51:32 2025 :: Log Dragus: setclass Spiritbound prime dexterity
Fri Sep 12 23:51:32 2025 :: Log Dragus: setclass Spiritbound second wisdom
Fri Sep 12 23:51:32 2025 :: Log Dragus: setclass Spiritbound deficient constitution
Fri Sep 12 23:51:32 2025 :: Log Dragus: setclass Spiritbound weapon 1
Fri Sep 12 23:51:33 2025 :: Log Dragus: setclass Spiritbound thac0 17
Fri Sep 12 23:51:33 2025 :: Log Dragus: setclass Spiritbound thac32 6
Fri Sep 12 23:51:33 2025 :: Log Dragus: setclass Spiritbound hpmin 4
Fri Sep 12 23:51:33 2025 :: Log Dragus: setclass Spiritbound hpmax 8
Fri Sep 12 23:51:34 2025 :: Log Dragus: setclass Spiritbound mana 1
Fri Sep 12 23:51:34 2025 :: Log Dragus: setclass Spiritbound expbase 1450
Fri Sep 12 23:51:44 2025 :: Log Dragus: setclass Lycan create
Fri Sep 12 23:51:44 2025 :: Log Dragus: setclass Lycan prime strength
Fri Sep 12 23:51:44 2025 :: Log Dragus: setclass Lycan second dexterity
Fri Sep 12 23:51:45 2025 :: Log Dragus: setclass Lycan deficient intelligence
Fri Sep 12 23:51:45 2025 :: Log Dragus: setclass Lycan weapon 1
Fri Sep 12 23:51:45 2025 :: Log Dragus: setclass Lycan thac0 17
Fri Sep 12 23:51:45 2025 :: Log Dragus: setclass Lycan thac32 5
Fri Sep 12 23:51:46 2025 :: Log Dragus: setclass Lycan hpmin 14
Fri Sep 12 23:51:46 2025 :: Log Dragus: setclass Lycan hpmax 20
Fri Sep 12 23:51:46 2025 :: Log Dragus: setclass Lycan mana 0
Fri Sep 12 23:51:47 2025 :: Log Dragus: setclass Lycan expbase 1150
Fri Sep 12 23:51:57 2025 :: Log Dragus: setclass Arcosian create
Fri Sep 12 23:51:57 2025 :: Log Dragus: setclass Arcosian prime intelligence
Fri Sep 12 23:51:57 2025 :: Log Dragus: setclass Arcosian second constitution
Fri Sep 12 23:51:58 2025 :: Log Dragus: setclass Arcosian deficient wisdom
Fri Sep 12 23:51:58 2025 :: Log Dragus: setclass Arcosian weapon 6
Fri Sep 12 23:51:58 2025 :: Log Dragus: setclass Arcosian thac0 16
Fri Sep 12 23:51:58 2025 :: Log Dragus: setclass Arcosian thac32 7
Fri Sep 12 23:51:59 2025 :: Log Dragus: setclass Arcosian hpmin 10
Fri Sep 12 23:51:59 2025 :: Log Dragus: setclass Arcosian hpmax 14
Fri Sep 12 23:51:59 2025 :: Log Dragus: setclass Arcosian mana 1
Fri Sep 12 23:51:59 2025 :: Log Dragus: setclass Arcosian expbase 1500
Fri Sep 12 23:52:00 2025 :: Log Dragus: setclass Arcosian affected flying
Fri Sep 12 23:55:54 2025 :: Log Dragus: setclass arcosian affected flying
Fri Sep 12 23:56:34 2025 :: Log Dragus: setclass arcosian second intelligence
Fri Sep 12 23:56:47 2025 :: Log Dragus: setclass arcosian prime constitution
