Mon Sep 15 13:15:48 2025 :: Booting Database
 0 0 0 0 0 0 0 0 0 0 0 0 0 0 0 0 0 0 0 0 0 0 0 0 0 0 0 0 0 0 0 0
Mon Sep 15 13:15:48 2025 :: [*****] BOOT: ---------------------[ Boot Log ]--------------------
Mon Sep 15 13:15:48 2025 :: Initializing libdl support...
Mon Sep 15 13:15:48 2025 :: Loading commands...
Mon Sep 15 13:15:48 2025 :: Loading spec_funs...
Mon Sep 15 13:15:48 2025 :: Loading sysdata configuration...
Mon Sep 15 13:15:48 2025 :: Loading socials
Mon Sep 15 13:15:48 2025 :: Loading skill table
Mon Sep 15 13:15:48 2025 :: [*****] BUG: spell_function: Error locating (null) in symbol table. No such process
Mon Sep 15 13:15:48 2025 :: [*****] BUG: fread_skill: unknown skill/spell (null)
Mon Sep 15 13:15:48 2025 :: Sorting skill table...
Mon Sep 15 13:15:48 2025 :: Creating skill table sorted by type...
Mon Sep 15 13:15:48 2025 :: Remapping slots to sns
Mon Sep 15 13:15:48 2025 :: Loading classes
Mon Sep 15 13:15:48 2025 :: Loading races
Mon Sep 15 13:15:48 2025 :: [*****] BUG: load_race_file: no match: Spr_Plus
Mon Sep 15 13:15:48 2025 :: [*****] BUG: load_race_file: no match: Spr_Plus
../races/unused.race: No such file or directory
Mon Sep 15 13:15:48 2025 :: [*****] BUG: load_races: Cannot load race file: unused.race
Mon Sep 15 13:15:48 2025 :: [*****] BUG: load_race_file: no match: Spr_Plus
Mon Sep 15 13:15:48 2025 :: [*****] BUG: load_race_file: no match: Spr_Plus
Mon Sep 15 13:15:48 2025 :: [*****] BUG: load_race_file: no match: Spr_Plus
Mon Sep 15 13:15:48 2025 :: [*****] BUG: load_race_file: no match: Spr_Plus
Mon Sep 15 13:15:48 2025 :: [*****] BUG: load_race_file: no match: Spr_Plus
Mon Sep 15 13:15:48 2025 :: [*****] BUG: load_race_file: no match: Spr_Plus
Mon Sep 15 13:15:48 2025 :: [*****] BUG: load_race_file: no match: Spr_Plus
Mon Sep 15 13:15:48 2025 :: Loading news data
Mon Sep 15 13:15:48 2025 :: Loading liquids
Mon Sep 15 13:15:48 2025 :: Loading mixtures
Mon Sep 15 13:15:48 2025 :: Loading herb table
Mon Sep 15 13:15:48 2025 :: Loading tongues
Mon Sep 15 13:15:48 2025 :: Making wizlist
Mon Sep 15 13:15:48 2025 :: Loading MSSP Data...
Mon Sep 15 13:15:48 2025 :: Initializing random number generator
Mon Sep 15 13:15:48 2025 :: Setting time and weather.
Mon Sep 15 13:15:48 2025 :: Loading holiday chart...
Mon Sep 15 13:15:48 2025 :: Loading DNS cache...
Mon Sep 15 13:15:48 2025 :: Assigning gsn's
ASSIGN_GSN: Skill evasive style not found.
ASSIGN_GSN: Skill defensive style not found.
ASSIGN_GSN: Skill standard style not found.
ASSIGN_GSN: Skill berserk style not found.
ASSIGN_GSN: Skill pugilism not found.
ASSIGN_GSN: Skill unarmed not found.
ASSIGN_GSN: Skill maces not found.
ASSIGN_GSN: Skill staves not found.
ASSIGN_GSN: Skill spears not found.
ASSIGN_GSN: Skill polearms not found.
ASSIGN_GSN: Skill bows not found.
ASSIGN_GSN: Skill xbows not found.
ASSIGN_GSN: Skill firearms not found.
ASSIGN_GSN: Skill long blades not found.
ASSIGN_GSN: Skill short blades not found.
ASSIGN_GSN: Skill flexible arms not found.
ASSIGN_GSN: Skill talonous arms not found.
ASSIGN_GSN: Skill bludgeons not found.
ASSIGN_GSN: Skill missile weapons not found.
ASSIGN_GSN: Skill detrap not found.
ASSIGN_GSN: Skill backstab not found.
ASSIGN_GSN: Skill circle not found.
ASSIGN_GSN: Skill tumble not found.
ASSIGN_GSN: Skill dodge not found.
ASSIGN_GSN: Skill hide not found.
ASSIGN_GSN: Skill peek not found.
ASSIGN_GSN: Skill pick lock not found.
ASSIGN_GSN: Skill sneak not found.
ASSIGN_GSN: Skill steal not found.
ASSIGN_GSN: Skill gouge not found.
ASSIGN_GSN: Skill poison weapon not found.
ASSIGN_GSN: Skill disarm not found.
ASSIGN_GSN: Skill enhanced damage not found.
ASSIGN_GSN: Skill kick not found.
ASSIGN_GSN: Skill parry not found.
ASSIGN_GSN: Skill rescue not found.
ASSIGN_GSN: Skill second attack not found.
ASSIGN_GSN: Skill third attack not found.
ASSIGN_GSN: Skill fourth attack not found.
ASSIGN_GSN: Skill fifth attack not found.
ASSIGN_GSN: Skill dual wield not found.
ASSIGN_GSN: Skill punch not found.
ASSIGN_GSN: Skill bash not found.
ASSIGN_GSN: Skill stun not found.
ASSIGN_GSN: Skill doorbash not found.
ASSIGN_GSN: Skill grip not found.
ASSIGN_GSN: Skill berserk not found.
ASSIGN_GSN: Skill hitall not found.
ASSIGN_GSN: Skill feed not found.
ASSIGN_GSN: Skill bloodlet not found.
ASSIGN_GSN: Skill cleave not found.
ASSIGN_GSN: Skill pounce not found.
ASSIGN_GSN: Skill grapple not found.
ASSIGN_GSN: Skill broach not found.
ASSIGN_GSN: Skill mistwalk not found.
ASSIGN_GSN: Skill track not found.
ASSIGN_GSN: Skill meditate not found.
ASSIGN_GSN: Skill trance not found.
ASSIGN_GSN: Skill search not found.
ASSIGN_GSN: Skill dig not found.
ASSIGN_GSN: Skill mount not found.
ASSIGN_GSN: Skill bite not found.
ASSIGN_GSN: Skill claw not found.
ASSIGN_GSN: Skill sting not found.
ASSIGN_GSN: Skill tail not found.
ASSIGN_GSN: Skill scribe not found.
ASSIGN_GSN: Skill brew not found.
ASSIGN_GSN: Skill climb not found.
ASSIGN_GSN: Skill cook not found.
ASSIGN_GSN: Skill scan not found.
ASSIGN_GSN: Skill slice not found.
ASSIGN_GSN: Skill fireball not found.
ASSIGN_GSN: Skill chill touch not found.
ASSIGN_GSN: Skill lightning bolt not found.
ASSIGN_GSN: Skill aqua breath not found.
ASSIGN_GSN: Skill blindness not found.
ASSIGN_GSN: Skill charm person not found.
ASSIGN_GSN: Skill curse not found.
ASSIGN_GSN: Skill invis not found.
ASSIGN_GSN: Skill mass invis not found.
ASSIGN_GSN: Skill poison not found.
ASSIGN_GSN: Skill sleep not found.
ASSIGN_GSN: Skill possess not found.
ASSIGN_GSN: Skill common not found.
ASSIGN_GSN: Skill elven not found.
ASSIGN_GSN: Skill dwarven not found.
ASSIGN_GSN: Skill pixie not found.
ASSIGN_GSN: Skill ogre not found.
ASSIGN_GSN: Skill orcish not found.
ASSIGN_GSN: Skill trollese not found.
ASSIGN_GSN: Skill goblin not found.
ASSIGN_GSN: Skill halfling not found.
ASSIGN_GSN: Skill gnomish not found.
Mon Sep 15 13:15:48 2025 :: Reading in area files...
(help.are)
Mon Sep 15 13:15:48 2025 :: [*****] BUG: fread_fuss_mobile: vnum 71: Mob has invalid race! Defaulting to monster.
Mon Sep 15 13:15:48 2025 :: [*****] FILE: limbo.are LINE: 666
limbo.are     : Rooms:     2 - 99    Objs:     2 - 99    Mobs:     1 - 99
Build.are     : Rooms:  9500 - 9589  Objs:     0 - 0     Mobs:     0 - 0
Mon Sep 15 13:15:48 2025 :: [*****] BUG: fread_fuss_mobile: vnum 50000: Mob has invalid race! Defaulting to monster.
Mon Sep 15 13:15:48 2025 :: [*****] FILE: housing.are LINE: 23
Mon Sep 15 13:15:48 2025 :: [*****] BUG: fread_fuss_mobile: vnum 54999: Mob has invalid race! Defaulting to monster.
Mon Sep 15 13:15:48 2025 :: [*****] FILE: housing.are LINE: 49
housing.are   : Rooms: 50000 - 54999 Objs: 50000 - 54999 Mobs: 50000 - 54999
Mon Sep 15 13:15:48 2025 :: [*****] BUG: fread_fuss_areadata: Unknown area flag: none
Mon Sep 15 13:15:48 2025 :: [*****] FILE: highgard.are LINE: 12
highgard.are  : Rooms:   200 - 299   Objs:   200 - 299   Mobs:   200 - 299
Mon Sep 15 13:15:48 2025 :: Fixing exits
Mon Sep 15 13:15:48 2025 :: [*****] BUG: get_room_index: bad vnum 10300.
Mon Sep 15 13:15:48 2025 :: [*****] BOOT: Fix_exits: room 9, exit down leads to bad vnum (10300)
Mon Sep 15 13:15:48 2025 :: [*****] BUG: fix_exits: Deleting down exit in room 9
Mon Sep 15 13:15:48 2025 :: [*****] BUG: get_room_index: bad vnum 10300.
Mon Sep 15 13:15:48 2025 :: [*****] BOOT: Fix_exits: room 9, exit somewhere leads to bad vnum (10300)
Mon Sep 15 13:15:48 2025 :: [*****] BUG: fix_exits: Deleting somewhere exit in room 9
Mon Sep 15 13:15:48 2025 :: Initializing economy
Mon Sep 15 13:15:48 2025 :: Resetting areas
Mon Sep 15 13:15:48 2025 :: Loading buildlist
Mon Sep 15 13:15:48 2025 :: ../gods/Dragus
Mon Sep 15 13:15:48 2025 :: Loading boards
Mon Sep 15 13:15:48 2025 :: ../boards/immortal.brd
Mon Sep 15 13:15:48 2025 :: ../boards/highgod.brd
Mon Sep 15 13:15:48 2025 :: Loading vault list
Mon Sep 15 13:15:48 2025 :: $
Mon Sep 15 13:15:48 2025 ::  Done vaults 
Mon Sep 15 13:15:48 2025 :: Loading clans
Mon Sep 15 13:15:48 2025 :: Loading clans...
Mon Sep 15 13:15:48 2025 :: vampire.gui
Mon Sep 15 13:15:48 2025 :: Storeroom not found
Mon Sep 15 13:15:48 2025 :: druid.gui
Mon Sep 15 13:15:48 2025 :: Storeroom not found
Mon Sep 15 13:15:48 2025 :: warrior.gui
Mon Sep 15 13:15:49 2025 :: Storeroom not found
Mon Sep 15 13:15:49 2025 :: augurer.gui
Mon Sep 15 13:15:49 2025 :: Storeroom not found
Mon Sep 15 13:15:49 2025 :: thief.gui
Mon Sep 15 13:15:49 2025 :: Storeroom not found
Mon Sep 15 13:15:49 2025 :: cleric.gui
Mon Sep 15 13:15:49 2025 :: Storeroom not found
Mon Sep 15 13:15:49 2025 :: mage.gui
Mon Sep 15 13:15:49 2025 :: Storeroom not found
Mon Sep 15 13:15:49 2025 :: ranger.gui
Mon Sep 15 13:15:49 2025 :: Storeroom not found
Mon Sep 15 13:15:49 2025 :: $
Mon Sep 15 13:15:49 2025 ::  Done clans 
Mon Sep 15 13:15:49 2025 :: Loading councils
Mon Sep 15 13:15:49 2025 :: Loading councils...
Mon Sep 15 13:15:49 2025 :: $
Mon Sep 15 13:15:49 2025 ::  Done councils 
Mon Sep 15 13:15:49 2025 :: Loading deities
Mon Sep 15 13:15:49 2025 :: Loading deities...
Mon Sep 15 13:15:49 2025 :: $
Mon Sep 15 13:15:49 2025 ::  Done deities 
Mon Sep 15 13:15:49 2025 :: Loading watches
Mon Sep 15 13:15:49 2025 :: Loading bans
Mon Sep 15 13:15:49 2025 :: Done.
Mon Sep 15 13:15:49 2025 :: Loading reserved names
Mon Sep 15 13:15:49 2025 :: Loading corpses
Mon Sep 15 13:15:49 2025 :: Loading Immortal Hosts
Mon Sep 15 13:15:49 2025 :: Done.
Mon Sep 15 13:15:49 2025 :: Loading Projects
Mon Sep 15 13:15:49 2025 :: Loading Morphs
Mon Sep 15 13:15:49 2025 :: Done.
Mon Sep 15 13:15:49 2025 :: Loading Housing System, Home Accessories Data, and Home Auctioning System
Mon Sep 15 13:15:49 2025 :: Loading login messages
Mon Sep 15 13:15:49 2025 :: Initializing socket
Mon Sep 15 13:15:49 2025 :: (Name Not Set) ready on port 9001.
Mon Sep 15 13:15:53 2025 :: Preloading player data for: Dragus (2K)
Mon Sep 15 13:15:53 2025 :: [*****] BUG: fread_char: no match: 10000
Mon Sep 15 13:15:53 2025 :: [*****] FILE: ../player/d/Dragus LINE: 14
Mon Sep 15 13:15:53 2025 :: [*****] BUG: fread_char: no match: 3
Mon Sep 15 13:15:53 2025 :: [*****] FILE: ../player/d/Dragus LINE: 15
Mon Sep 15 13:15:55 2025 :: Loading player data for: Dragus (2K)
Mon Sep 15 13:15:55 2025 :: [*****] BUG: fread_char: no match: 10000
Mon Sep 15 13:15:55 2025 :: [*****] FILE: ../player/d/Dragus LINE: 14
Mon Sep 15 13:15:55 2025 :: [*****] BUG: fread_char: no match: 3
Mon Sep 15 13:15:55 2025 :: [*****] FILE: ../player/d/Dragus LINE: 15
Mon Sep 15 13:15:55 2025 :: [*****] BUG: fread_char: unknown spell.
Mon Sep 15 13:15:55 2025 :: [*****] FILE: ../player/d/Dragus LINE: 58
Mon Sep 15 13:15:55 2025 :: Dragus (127.0.0.1) has connected.
Mon Sep 15 13:16:48 2025 :: Log Dragus: mset dragus hp 150
Mon Sep 15 13:17:04 2025 :: Log Dragus: mset dragus mana 5000
Mon Sep 15 13:21:58 2025 :: [*****] BUG: start_editing: data is NULL!

Mon Sep 15 13:24:12 2025 :: Log Dragus: sset create aegis
Mon Sep 15 13:24:46 2025 :: Log Dragus: sset aegis create
Mon Sep 15 13:25:09 2025 :: Log Dragus: sset create skill aegis
Mon Sep 15 13:25:24 2025 :: Log Dragus: sset create code spell_aegis
Mon Sep 15 13:25:44 2025 :: Log Dragus: sset aegis code spell_aegis
Mon Sep 15 13:26:12 2025 :: Log Dragus: sset create skill titan
Mon Sep 15 13:26:27 2025 :: Log Dragus: sset titan code spell_titan
Mon Sep 15 13:26:46 2025 :: Log Dragus: sset create skill valkrie
Mon Sep 15 13:27:28 2025 :: Log Dragus: sset valkrie name valkyrie
Mon Sep 15 13:27:40 2025 :: Log Dragus: sset valkyrie code spell_valkyrie
Mon Sep 15 13:27:52 2025 :: Log Dragus: sset create skill olympus
Mon Sep 15 13:28:07 2025 :: Log Dragus: sset olympus code spell_olympus
Mon Sep 15 13:28:18 2025 :: Log Dragus: sset create skill ragnarok
Mon Sep 15 13:28:34 2025 :: Log Dragus: sset ragnarok code spell_ragnarok
Mon Sep 15 13:28:52 2025 :: Log Dragus: sset create skill excalibur
Mon Sep 15 13:29:04 2025 :: Log Dragus: sset excalibur code spell_excalibur
Mon Sep 15 13:29:27 2025 :: Log Dragus: mset dragus race android
Mon Sep 15 13:32:01 2025 :: Log Dragus: install
Mon Sep 15 13:32:51 2025 :: Log Dragus: cedit
Mon Sep 15 13:33:01 2025 :: Log Dragus: cedit install create do_install
Mon Sep 15 13:33:58 2025 :: Log Dragus: sset save skill table
Mon Sep 15 13:34:16 2025 :: Log Dragus: shutdown mud now
Mon Sep 15 13:34:16 2025 :: Normal termination of game.
Mon Sep 15 13:34:16 2025 :: Cleaning up Memory.
Project Data.
Reserved Names.
Ban Data.
Morph Data.
Commands.
Deities.
Clans.
Councils.
Socials.
Watches.
Helps.
Languages.
Boards.
Whacking supermob.
Objects.
Characters.
Descriptors.
Liquid Table.
Races.
Classes.
Teleport Data.
Area Data Tables.
Planes.
Auction.
MSSP Info.
System data.
Title table.
Skills and Herbs.
Mudprog act lists.
Specfun lists.
Globals.
Checking string hash for leftovers.
Cleanup complete, exiting.
