Tue Sep 16 12:10:33 2025 :: Booting Database
 0 0 0 0 0 0 0 0 0 0 0 0 0 0 0 0 0 0 0 0 0 0 0 0 0 0 0 0 0 0 0 0
Tue Sep 16 12:10:33 2025 :: [*****] BOOT: ---------------------[ Boot Log ]--------------------
Tue Sep 16 12:10:33 2025 :: Initializing libdl support...
Tue Sep 16 12:10:33 2025 :: Loading commands...
Tue Sep 16 12:10:33 2025 :: Loading spec_funs...
Tue Sep 16 12:10:33 2025 :: Loading sysdata configuration...
Tue Sep 16 12:10:33 2025 :: Loading socials
Tue Sep 16 12:10:33 2025 :: Loading skill table
Tue Sep 16 12:10:33 2025 :: [*****] BUG: spell_function: Error locating (null) in symbol table. No such process
Tue Sep 16 12:10:33 2025 :: [*****] BUG: fread_skill: unknown skill/spell (null)
Tue Sep 16 12:10:33 2025 :: Sorting skill table...
Tue Sep 16 12:10:33 2025 :: Creating skill table sorted by type...
Tue Sep 16 12:10:33 2025 :: Remapping slots to sns
Tue Sep 16 12:10:33 2025 :: Loading classes
Tue Sep 16 12:10:33 2025 :: Loading races
Tue Sep 16 12:10:33 2025 :: [*****] BUG: load_race_file: no match: Spr_Plus
Tue Sep 16 12:10:33 2025 :: [*****] BUG: load_race_file: no match: Spr_Plus
../races/unused.race: No such file or directory
Tue Sep 16 12:10:33 2025 :: [*****] BUG: load_races: Cannot load race file: unused.race
Tue Sep 16 12:10:33 2025 :: [*****] BUG: load_race_file: no match: Spr_Plus
Tue Sep 16 12:10:33 2025 :: [*****] BUG: load_race_file: no match: Spr_Plus
Tue Sep 16 12:10:33 2025 :: [*****] BUG: load_race_file: no match: Spr_Plus
Tue Sep 16 12:10:33 2025 :: [*****] BUG: load_race_file: no match: Spr_Plus
Tue Sep 16 12:10:33 2025 :: [*****] BUG: load_race_file: no match: Spr_Plus
Tue Sep 16 12:10:33 2025 :: [*****] BUG: load_race_file: no match: Spr_Plus
Tue Sep 16 12:10:33 2025 :: [*****] BUG: load_race_file: no match: Spr_Plus
Tue Sep 16 12:10:33 2025 :: Loading news data
Tue Sep 16 12:10:33 2025 :: Loading liquids
Tue Sep 16 12:10:33 2025 :: Loading mixtures
Tue Sep 16 12:10:33 2025 :: Loading herb table
Tue Sep 16 12:10:33 2025 :: Loading tongues
Tue Sep 16 12:10:33 2025 :: Making wizlist
Tue Sep 16 12:10:33 2025 :: Loading MSSP Data...
Tue Sep 16 12:10:33 2025 :: Initializing random number generator
Tue Sep 16 12:10:33 2025 :: Setting time and weather.
Tue Sep 16 12:10:33 2025 :: Loading holiday chart...
Tue Sep 16 12:10:33 2025 :: Loading DNS cache...
Tue Sep 16 12:10:33 2025 :: Assigning gsn's
ASSIGN_GSN: Skill missile weapons not found.
ASSIGN_GSN: Skill elven not found.
ASSIGN_GSN: Skill dwarven not found.
ASSIGN_GSN: Skill pixie not found.
ASSIGN_GSN: Skill ogre not found.
ASSIGN_GSN: Skill orcish not found.
ASSIGN_GSN: Skill trollese not found.
ASSIGN_GSN: Skill goblin not found.
ASSIGN_GSN: Skill halfling not found.
ASSIGN_GSN: Skill gnomish not found.
Tue Sep 16 12:10:33 2025 :: Reading in area files...
(help.are)
Tue Sep 16 12:10:33 2025 :: [*****] BUG: fread_fuss_mobile: Unknown speaks language: elder
Tue Sep 16 12:10:33 2025 :: [*****] FILE: limbo.are LINE: 610
limbo.are     : Rooms:     2 - 99    Objs:     2 - 99    Mobs:     1 - 99
Build.are     : Rooms:  9500 - 9589  Objs:     0 - 0     Mobs:     0 - 0
Tue Sep 16 12:10:33 2025 :: [*****] BUG: fread_fuss_mobile: vnum 50000: Mob has invalid race! Defaulting to monster.
Tue Sep 16 12:10:33 2025 :: [*****] FILE: housing.are LINE: 23
Tue Sep 16 12:10:33 2025 :: [*****] BUG: fread_fuss_mobile: Unknown speaks language: gibberish
Tue Sep 16 12:10:33 2025 :: [*****] FILE: housing.are LINE: 36
Tue Sep 16 12:10:33 2025 :: [*****] BUG: fread_fuss_mobile: vnum 54999: Mob has invalid race! Defaulting to monster.
Tue Sep 16 12:10:33 2025 :: [*****] FILE: housing.are LINE: 49
Tue Sep 16 12:10:33 2025 :: [*****] BUG: fread_fuss_mobile: Unknown speaks language: gibberish
Tue Sep 16 12:10:33 2025 :: [*****] FILE: housing.are LINE: 62
housing.are   : Rooms: 50000 - 54999 Objs: 50000 - 54999 Mobs: 50000 - 54999
highgard.are  : Rooms:   200 - 299   Objs:   200 - 299   Mobs:   200 - 299
Tue Sep 16 12:10:33 2025 :: Fixing exits
Tue Sep 16 12:10:33 2025 :: [*****] BUG: get_room_index: bad vnum 10300.
Tue Sep 16 12:10:33 2025 :: [*****] BOOT: Fix_exits: room 9, exit down leads to bad vnum (10300)
Tue Sep 16 12:10:33 2025 :: [*****] BUG: fix_exits: Deleting down exit in room 9
Tue Sep 16 12:10:33 2025 :: [*****] BUG: get_room_index: bad vnum 10300.
Tue Sep 16 12:10:33 2025 :: [*****] BOOT: Fix_exits: room 9, exit somewhere leads to bad vnum (10300)
Tue Sep 16 12:10:33 2025 :: [*****] BUG: fix_exits: Deleting somewhere exit in room 9
Tue Sep 16 12:10:33 2025 :: Initializing economy
Tue Sep 16 12:10:33 2025 :: Resetting areas
Tue Sep 16 12:10:33 2025 :: Loading buildlist
Tue Sep 16 12:10:33 2025 :: ../gods/Dragus
Tue Sep 16 12:10:33 2025 :: Loading boards
Tue Sep 16 12:10:33 2025 :: ../boards/immortal.brd
Tue Sep 16 12:10:33 2025 :: ../boards/highgod.brd
Tue Sep 16 12:10:33 2025 :: Loading vault list
Tue Sep 16 12:10:33 2025 :: $
Tue Sep 16 12:10:33 2025 ::  Done vaults 
Tue Sep 16 12:10:33 2025 :: Loading clans
Tue Sep 16 12:10:33 2025 :: Loading clans...
Tue Sep 16 12:10:33 2025 :: vampire.gui
Tue Sep 16 12:10:33 2025 :: Storeroom not found
Tue Sep 16 12:10:33 2025 :: druid.gui
Tue Sep 16 12:10:33 2025 :: Storeroom not found
Tue Sep 16 12:10:33 2025 :: warrior.gui
Tue Sep 16 12:10:33 2025 :: Storeroom not found
Tue Sep 16 12:10:33 2025 :: augurer.gui
Tue Sep 16 12:10:33 2025 :: Storeroom not found
Tue Sep 16 12:10:33 2025 :: thief.gui
Tue Sep 16 12:10:33 2025 :: Storeroom not found
Tue Sep 16 12:10:33 2025 :: cleric.gui
Tue Sep 16 12:10:33 2025 :: Storeroom not found
Tue Sep 16 12:10:33 2025 :: mage.gui
Tue Sep 16 12:10:33 2025 :: Storeroom not found
Tue Sep 16 12:10:33 2025 :: ranger.gui
Tue Sep 16 12:10:33 2025 :: Storeroom not found
Tue Sep 16 12:10:33 2025 :: $
Tue Sep 16 12:10:33 2025 ::  Done clans 
Tue Sep 16 12:10:33 2025 :: Loading councils
Tue Sep 16 12:10:33 2025 :: Loading councils...
Tue Sep 16 12:10:33 2025 :: $
Tue Sep 16 12:10:33 2025 ::  Done councils 
Tue Sep 16 12:10:33 2025 :: Loading deities
Tue Sep 16 12:10:33 2025 :: Loading deities...
Tue Sep 16 12:10:33 2025 :: $
Tue Sep 16 12:10:33 2025 ::  Done deities 
Tue Sep 16 12:10:33 2025 :: Loading watches
Tue Sep 16 12:10:33 2025 :: Loading bans
Tue Sep 16 12:10:33 2025 :: Done.
Tue Sep 16 12:10:33 2025 :: Loading reserved names
Tue Sep 16 12:10:33 2025 :: Loading corpses
Tue Sep 16 12:10:33 2025 :: Loading Immortal Hosts
Tue Sep 16 12:10:33 2025 :: Done.
Tue Sep 16 12:10:33 2025 :: Loading Projects
Tue Sep 16 12:10:33 2025 :: Loading Morphs
Tue Sep 16 12:10:33 2025 :: Done.
Tue Sep 16 12:10:33 2025 :: Loading Housing System, Home Accessories Data, and Home Auctioning System
Tue Sep 16 12:10:33 2025 :: Loading login messages
Tue Sep 16 12:10:33 2025 :: Initializing socket
Tue Sep 16 12:10:33 2025 :: (Name Not Set) ready on port 9001.
Tue Sep 16 12:10:36 2025 :: Preloading player data for: Dragus (2K)
Tue Sep 16 12:10:36 2025 :: [*****] BUG: fread_char: no match: 5000
Tue Sep 16 12:10:36 2025 :: [*****] FILE: ../player/d/Dragus LINE: 14
Tue Sep 16 12:10:36 2025 :: [*****] BUG: fread_char: no match: 3
Tue Sep 16 12:10:36 2025 :: [*****] FILE: ../player/d/Dragus LINE: 15
Tue Sep 16 12:10:37 2025 :: Loading player data for: Dragus (2K)
Tue Sep 16 12:10:37 2025 :: [*****] BUG: fread_char: no match: 5000
Tue Sep 16 12:10:37 2025 :: [*****] FILE: ../player/d/Dragus LINE: 14
Tue Sep 16 12:10:37 2025 :: [*****] BUG: fread_char: no match: 3
Tue Sep 16 12:10:37 2025 :: [*****] FILE: ../player/d/Dragus LINE: 15
Tue Sep 16 12:10:37 2025 :: Dragus (127.0.0.1) has connected.
Tue Sep 16 12:10:48 2025 :: Log Dragus: minvoke 298
Tue Sep 16 12:21:12 2025 :: Log Dragus: redit
