Wed Sep 24 21:01:07 2025 :: Booting Database
 0 0 0 0 0 0 0 0 0 0 0 0 0 0 0 0 0 0 0 0 0 0 0 0 0 0 0 0 0 0 0 0
Wed Sep 24 21:01:07 2025 :: [*****] BOOT: ---------------------[ Boot Log ]--------------------
Wed Sep 24 21:01:07 2025 :: Initializing libdl support...
Wed Sep 24 21:01:07 2025 :: Loading commands...
Wed Sep 24 21:01:07 2025 :: [*****] BUG: skill_function: Error locating do_murde in symbol table. No such process
Wed Sep 24 21:01:07 2025 :: [*****] BUG: fread_command: Function do_murde not found for murde
Wed Sep 24 21:01:07 2025 :: Loading spec_funs...
Wed Sep 24 21:01:07 2025 :: Loading sysdata configuration...
Wed Sep 24 21:01:07 2025 :: Loading socials
Wed Sep 24 21:01:07 2025 :: Loading skill table
Wed Sep 24 21:01:07 2025 :: [*****] BUG: spell_function: Error locating (null) in symbol table. No such process
Wed Sep 24 21:01:07 2025 :: [*****] BUG: fread_skill: unknown skill/spell (null)
Wed Sep 24 21:01:07 2025 :: Sorting skill table...
Wed Sep 24 21:01:07 2025 :: Creating skill table sorted by type...
Wed Sep 24 21:01:07 2025 :: Remapping slots to sns
Wed Sep 24 21:01:07 2025 :: Loading classes
Wed Sep 24 21:01:07 2025 :: Loading races
Wed Sep 24 21:01:07 2025 :: [*****] BUG: load_race_file: no match: Spr_Plus
Wed Sep 24 21:01:07 2025 :: [*****] BUG: load_race_file: no match: Spr_Plus
../races/unused.race: No such file or directory
Wed Sep 24 21:01:07 2025 :: [*****] BUG: load_races: Cannot load race file: unused.race
Wed Sep 24 21:01:07 2025 :: [*****] BUG: load_race_file: no match: Spr_Plus
Wed Sep 24 21:01:07 2025 :: [*****] BUG: load_race_file: no match: Spr_Plus
Wed Sep 24 21:01:07 2025 :: [*****] BUG: load_race_file: no match: Spr_Plus
Wed Sep 24 21:01:07 2025 :: [*****] BUG: load_race_file: no match: Spr_Plus
Wed Sep 24 21:01:07 2025 :: [*****] BUG: load_race_file: no match: Spr_Plus
Wed Sep 24 21:01:07 2025 :: [*****] BUG: load_race_file: no match: Spr_Plus
Wed Sep 24 21:01:07 2025 :: [*****] BUG: load_race_file: no match: Spr_Plus
Wed Sep 24 21:01:07 2025 :: Loading news data
Wed Sep 24 21:01:07 2025 :: Loading liquids
Wed Sep 24 21:01:07 2025 :: Loading mixtures
Wed Sep 24 21:01:07 2025 :: Loading herb table
Wed Sep 24 21:01:07 2025 :: Loading tongues
Wed Sep 24 21:01:07 2025 :: Making wizlist
Wed Sep 24 21:01:07 2025 :: Loading MSSP Data...
Wed Sep 24 21:01:07 2025 :: Initializing random number generator
Wed Sep 24 21:01:07 2025 :: Setting time and weather.
Wed Sep 24 21:01:07 2025 :: Loading holiday chart...
Wed Sep 24 21:01:07 2025 :: Loading DNS cache...
Wed Sep 24 21:01:07 2025 :: Assigning gsn's
ASSIGN_GSN: Skill missile weapons not found.
ASSIGN_GSN: Skill elven not found.
ASSIGN_GSN: Skill dwarven not found.
ASSIGN_GSN: Skill pixie not found.
ASSIGN_GSN: Skill ogre not found.
ASSIGN_GSN: Skill orcish not found.
ASSIGN_GSN: Skill trollese not found.
ASSIGN_GSN: Skill goblin not found.
ASSIGN_GSN: Skill halfling not found.
ASSIGN_GSN: Skill gnomish not found.
Wed Sep 24 21:01:07 2025 :: Reading in area files...
(help.are)
Wed Sep 24 21:01:07 2025 :: [*****] BUG: fread_fuss_mobile: Unknown speaks language: elder
Wed Sep 24 21:01:07 2025 :: [*****] FILE: limbo.are LINE: 610
limbo.are     : Rooms:     2 - 99    Objs:     2 - 99    Mobs:     1 - 99
Build.are     : Rooms:  9500 - 9589  Objs:     0 - 0     Mobs:     0 - 0
Wed Sep 24 21:01:07 2025 :: [*****] BUG: fread_fuss_mobile: vnum 50000: Mob has invalid race! Defaulting to monster.
Wed Sep 24 21:01:07 2025 :: [*****] FILE: housing.are LINE: 23
Wed Sep 24 21:01:07 2025 :: [*****] BUG: fread_fuss_mobile: Unknown speaks language: gibberish
Wed Sep 24 21:01:07 2025 :: [*****] FILE: housing.are LINE: 36
Wed Sep 24 21:01:07 2025 :: [*****] BUG: fread_fuss_mobile: vnum 54999: Mob has invalid race! Defaulting to monster.
Wed Sep 24 21:01:07 2025 :: [*****] FILE: housing.are LINE: 49
Wed Sep 24 21:01:07 2025 :: [*****] BUG: fread_fuss_mobile: Unknown speaks language: gibberish
Wed Sep 24 21:01:07 2025 :: [*****] FILE: housing.are LINE: 62
housing.are   : Rooms: 50000 - 54999 Objs: 50000 - 54999 Mobs: 50000 - 54999
highgard.are  : Rooms:   200 - 299   Objs:   200 - 299   Mobs:   200 - 299
Wed Sep 24 21:01:07 2025 :: Fixing exits
Wed Sep 24 21:01:07 2025 :: [*****] BUG: get_room_index: bad vnum 10300.
Wed Sep 24 21:01:07 2025 :: [*****] BOOT: Fix_exits: room 9, exit down leads to bad vnum (10300)
Wed Sep 24 21:01:07 2025 :: [*****] BUG: fix_exits: Deleting down exit in room 9
Wed Sep 24 21:01:07 2025 :: [*****] BUG: get_room_index: bad vnum 10300.
Wed Sep 24 21:01:07 2025 :: [*****] BOOT: Fix_exits: room 9, exit somewhere leads to bad vnum (10300)
Wed Sep 24 21:01:07 2025 :: [*****] BUG: fix_exits: Deleting somewhere exit in room 9
Wed Sep 24 21:01:07 2025 :: Initializing economy
Wed Sep 24 21:01:07 2025 :: Resetting areas
Wed Sep 24 21:01:07 2025 :: Loading buildlist
Wed Sep 24 21:01:07 2025 :: ../gods/Dragus
Wed Sep 24 21:01:07 2025 :: Loading boards
Wed Sep 24 21:01:07 2025 :: ../boards/immortal.brd
Wed Sep 24 21:01:07 2025 :: ../boards/highgod.brd
Wed Sep 24 21:01:07 2025 :: Loading vault list
Wed Sep 24 21:01:07 2025 :: $
Wed Sep 24 21:01:07 2025 ::  Done vaults 
Wed Sep 24 21:01:07 2025 :: Loading clans
Wed Sep 24 21:01:07 2025 :: Loading clans...
Wed Sep 24 21:01:07 2025 :: vampire.gui
Wed Sep 24 21:01:07 2025 :: Storeroom not found
Wed Sep 24 21:01:07 2025 :: druid.gui
Wed Sep 24 21:01:07 2025 :: Storeroom not found
Wed Sep 24 21:01:07 2025 :: warrior.gui
Wed Sep 24 21:01:07 2025 :: Storeroom not found
Wed Sep 24 21:01:07 2025 :: augurer.gui
Wed Sep 24 21:01:07 2025 :: Storeroom not found
Wed Sep 24 21:01:07 2025 :: thief.gui
Wed Sep 24 21:01:07 2025 :: Storeroom not found
Wed Sep 24 21:01:07 2025 :: cleric.gui
Wed Sep 24 21:01:07 2025 :: Storeroom not found
Wed Sep 24 21:01:07 2025 :: mage.gui
Wed Sep 24 21:01:07 2025 :: Storeroom not found
Wed Sep 24 21:01:07 2025 :: ranger.gui
Wed Sep 24 21:01:07 2025 :: Storeroom not found
Wed Sep 24 21:01:07 2025 :: $
Wed Sep 24 21:01:07 2025 ::  Done clans 
Wed Sep 24 21:01:07 2025 :: Loading councils
Wed Sep 24 21:01:07 2025 :: Loading councils...
Wed Sep 24 21:01:07 2025 :: $
Wed Sep 24 21:01:07 2025 ::  Done councils 
Wed Sep 24 21:01:07 2025 :: Loading deities
Wed Sep 24 21:01:07 2025 :: Loading deities...
Wed Sep 24 21:01:07 2025 :: $
Wed Sep 24 21:01:07 2025 ::  Done deities 
Wed Sep 24 21:01:07 2025 :: Loading watches
Wed Sep 24 21:01:07 2025 :: Loading bans
Wed Sep 24 21:01:07 2025 :: Done.
Wed Sep 24 21:01:07 2025 :: Loading reserved names
Wed Sep 24 21:01:07 2025 :: Loading corpses
Wed Sep 24 21:01:07 2025 :: Loading Immortal Hosts
Wed Sep 24 21:01:07 2025 :: Done.
Wed Sep 24 21:01:07 2025 :: Loading Projects
Wed Sep 24 21:01:07 2025 :: Loading Morphs
Wed Sep 24 21:01:07 2025 :: Done.
Wed Sep 24 21:01:07 2025 :: Loading Housing System, Home Accessories Data, and Home Auctioning System
Wed Sep 24 21:01:07 2025 :: Loading login messages
Wed Sep 24 21:01:07 2025 :: Initializing socket
Wed Sep 24 21:01:07 2025 :: (Name Not Set) ready on port 9001.
Wed Sep 24 21:01:16 2025 :: Preloading player data for: Dragus (2K)
Wed Sep 24 21:01:16 2025 :: [*****] BUG: fread_char: no match: 5000
Wed Sep 24 21:01:16 2025 :: [*****] FILE: ../player/d/Dragus LINE: 14
Wed Sep 24 21:01:16 2025 :: [*****] BUG: fread_char: no match: 3
Wed Sep 24 21:01:16 2025 :: [*****] FILE: ../player/d/Dragus LINE: 15
Wed Sep 24 21:01:17 2025 :: Loading player data for: Dragus (2K)
Wed Sep 24 21:01:17 2025 :: [*****] BUG: fread_char: no match: 5000
Wed Sep 24 21:01:17 2025 :: [*****] FILE: ../player/d/Dragus LINE: 14
Wed Sep 24 21:01:17 2025 :: [*****] BUG: fread_char: no match: 3
Wed Sep 24 21:01:17 2025 :: [*****] FILE: ../player/d/Dragus LINE: 15
Wed Sep 24 21:01:17 2025 :: Dragus (127.0.0.1) has connected.
Wed Sep 24 21:01:26 2025 :: Log Dragus: minvoke 298
Wed Sep 24 21:01:35 2025 :: Log Dragus: mset tester hp 333
Wed Sep 24 21:01:53 2025 :: Log Dragus: mset tester armor 0
Wed Sep 24 21:03:28 2025 :: Log Dragus: restore tester
Wed Sep 24 21:04:21 2025 :: Log Dragus: shutdown mud now
Wed Sep 24 21:04:22 2025 :: Normal termination of game.
Wed Sep 24 21:04:22 2025 :: Cleaning up Memory.
Project Data.
Reserved Names.
Ban Data.
Morph Data.
Commands.
Deities.
Clans.
Councils.
Socials.
Watches.
Helps.
Languages.
Boards.
Whacking supermob.
Objects.
Characters.
Descriptors.
Liquid Table.
Races.
Classes.
Teleport Data.
Area Data Tables.
Planes.
Auction.
MSSP Info.
System data.
Title table.
Skills and Herbs.
Mudprog act lists.
Specfun lists.
Globals.
Checking string hash for leftovers.
Cleanup complete, exiting.
