Thu Sep 25 22:53:43 2025 :: Booting Database
 0 0 0 0 0 0 0 0 0 0 0 0 0 0 0 0 0 0 0 0 0 0 0 0 0 0 0 0 0 0 0 0
Thu Sep 25 22:53:43 2025 :: [*****] BOOT: ---------------------[ Boot Log ]--------------------
Thu Sep 25 22:53:43 2025 :: Initializing libdl support...
Thu Sep 25 22:53:43 2025 :: Loading commands...
Thu Sep 25 22:53:43 2025 :: [*****] BUG: skill_function: Error locating do_murde in symbol table. No such process
Thu Sep 25 22:53:43 2025 :: [*****] BUG: fread_command: Function do_murde not found for murde
Thu Sep 25 22:53:43 2025 :: Loading spec_funs...
Thu Sep 25 22:53:43 2025 :: Loading sysdata configuration...
Thu Sep 25 22:53:43 2025 :: Loading socials
Thu Sep 25 22:53:43 2025 :: Loading skill table
Thu Sep 25 22:53:43 2025 :: [*****] BUG: spell_function: Error locating (null) in symbol table. No such process
Thu Sep 25 22:53:43 2025 :: [*****] BUG: fread_skill: unknown skill/spell (null)
Thu Sep 25 22:53:43 2025 :: Sorting skill table...
Thu Sep 25 22:53:43 2025 :: Creating skill table sorted by type...
Thu Sep 25 22:53:43 2025 :: Remapping slots to sns
Thu Sep 25 22:53:43 2025 :: Loading classes
Thu Sep 25 22:53:43 2025 :: Loading races
Thu Sep 25 22:53:43 2025 :: [*****] BUG: load_race_file: no match: Spr_Plus
Thu Sep 25 22:53:43 2025 :: [*****] BUG: load_race_file: no match: Spr_Plus
../races/unused.race: No such file or directory
Thu Sep 25 22:53:43 2025 :: [*****] BUG: load_races: Cannot load race file: unused.race
Thu Sep 25 22:53:43 2025 :: [*****] BUG: load_race_file: no match: Spr_Plus
Thu Sep 25 22:53:43 2025 :: [*****] BUG: load_race_file: no match: Spr_Plus
Thu Sep 25 22:53:43 2025 :: [*****] BUG: load_race_file: no match: Spr_Plus
Thu Sep 25 22:53:43 2025 :: [*****] BUG: load_race_file: no match: Spr_Plus
Thu Sep 25 22:53:43 2025 :: [*****] BUG: load_race_file: no match: Spr_Plus
Thu Sep 25 22:53:43 2025 :: [*****] BUG: load_race_file: no match: Spr_Plus
Thu Sep 25 22:53:43 2025 :: [*****] BUG: load_race_file: no match: Spr_Plus
Thu Sep 25 22:53:43 2025 :: Loading news data
Thu Sep 25 22:53:43 2025 :: Loading liquids
Thu Sep 25 22:53:43 2025 :: Loading mixtures
Thu Sep 25 22:53:43 2025 :: Loading herb table
Thu Sep 25 22:53:43 2025 :: Loading tongues
Thu Sep 25 22:53:43 2025 :: Making wizlist
Thu Sep 25 22:53:43 2025 :: Loading MSSP Data...
Thu Sep 25 22:53:43 2025 :: Initializing random number generator
Thu Sep 25 22:53:43 2025 :: Setting time and weather.
Thu Sep 25 22:53:43 2025 :: Loading holiday chart...
Thu Sep 25 22:53:43 2025 :: Loading DNS cache...
Thu Sep 25 22:53:43 2025 :: Assigning gsn's
ASSIGN_GSN: Skill missile weapons not found.
ASSIGN_GSN: Skill elven not found.
ASSIGN_GSN: Skill dwarven not found.
ASSIGN_GSN: Skill pixie not found.
ASSIGN_GSN: Skill ogre not found.
ASSIGN_GSN: Skill orcish not found.
ASSIGN_GSN: Skill trollese not found.
ASSIGN_GSN: Skill goblin not found.
ASSIGN_GSN: Skill halfling not found.
ASSIGN_GSN: Skill gnomish not found.
Thu Sep 25 22:53:43 2025 :: Reading in area files...
(help.are)
Thu Sep 25 22:53:43 2025 :: [*****] BUG: fread_fuss_mobile: Unknown speaks language: elder
Thu Sep 25 22:53:43 2025 :: [*****] FILE: limbo.are LINE: 610
limbo.are     : Rooms:     2 - 99    Objs:     2 - 99    Mobs:     1 - 99
Build.are     : Rooms:  9500 - 9589  Objs:     0 - 0     Mobs:     0 - 0
Thu Sep 25 22:53:43 2025 :: [*****] BUG: fread_fuss_mobile: vnum 50000: Mob has invalid race! Defaulting to monster.
Thu Sep 25 22:53:43 2025 :: [*****] FILE: housing.are LINE: 23
Thu Sep 25 22:53:43 2025 :: [*****] BUG: fread_fuss_mobile: Unknown speaks language: gibberish
Thu Sep 25 22:53:43 2025 :: [*****] FILE: housing.are LINE: 36
Thu Sep 25 22:53:43 2025 :: [*****] BUG: fread_fuss_mobile: vnum 54999: Mob has invalid race! Defaulting to monster.
Thu Sep 25 22:53:43 2025 :: [*****] FILE: housing.are LINE: 49
Thu Sep 25 22:53:43 2025 :: [*****] BUG: fread_fuss_mobile: Unknown speaks language: gibberish
Thu Sep 25 22:53:43 2025 :: [*****] FILE: housing.are LINE: 62
housing.are   : Rooms: 50000 - 54999 Objs: 50000 - 54999 Mobs: 50000 - 54999
highgard.are  : Rooms:   200 - 299   Objs:   200 - 299   Mobs:   200 - 299
Thu Sep 25 22:53:43 2025 :: Fixing exits
Thu Sep 25 22:53:43 2025 :: [*****] BUG: get_room_index: bad vnum 10300.
Thu Sep 25 22:53:43 2025 :: [*****] BOOT: Fix_exits: room 9, exit down leads to bad vnum (10300)
Thu Sep 25 22:53:43 2025 :: [*****] BUG: fix_exits: Deleting down exit in room 9
Thu Sep 25 22:53:43 2025 :: [*****] BUG: get_room_index: bad vnum 10300.
Thu Sep 25 22:53:43 2025 :: [*****] BOOT: Fix_exits: room 9, exit somewhere leads to bad vnum (10300)
Thu Sep 25 22:53:43 2025 :: [*****] BUG: fix_exits: Deleting somewhere exit in room 9
Thu Sep 25 22:53:43 2025 :: Initializing economy
Thu Sep 25 22:53:43 2025 :: Resetting areas
Thu Sep 25 22:53:43 2025 :: Loading buildlist
Thu Sep 25 22:53:43 2025 :: ../gods/Dragus
Thu Sep 25 22:53:43 2025 :: Loading boards
Thu Sep 25 22:53:43 2025 :: ../boards/immortal.brd
Thu Sep 25 22:53:43 2025 :: ../boards/highgod.brd
Thu Sep 25 22:53:43 2025 :: Loading vault list
Thu Sep 25 22:53:43 2025 :: $
Thu Sep 25 22:53:43 2025 ::  Done vaults 
Thu Sep 25 22:53:43 2025 :: Loading clans
Thu Sep 25 22:53:43 2025 :: Loading clans...
Thu Sep 25 22:53:43 2025 :: vampire.gui
Thu Sep 25 22:53:43 2025 :: Storeroom not found
Thu Sep 25 22:53:43 2025 :: druid.gui
Thu Sep 25 22:53:43 2025 :: Storeroom not found
Thu Sep 25 22:53:43 2025 :: warrior.gui
Thu Sep 25 22:53:43 2025 :: Storeroom not found
Thu Sep 25 22:53:43 2025 :: augurer.gui
Thu Sep 25 22:53:43 2025 :: Storeroom not found
Thu Sep 25 22:53:43 2025 :: thief.gui
Thu Sep 25 22:53:43 2025 :: Storeroom not found
Thu Sep 25 22:53:43 2025 :: cleric.gui
Thu Sep 25 22:53:43 2025 :: Storeroom not found
Thu Sep 25 22:53:43 2025 :: mage.gui
Thu Sep 25 22:53:43 2025 :: Storeroom not found
Thu Sep 25 22:53:43 2025 :: ranger.gui
Thu Sep 25 22:53:43 2025 :: Storeroom not found
Thu Sep 25 22:53:43 2025 :: $
Thu Sep 25 22:53:43 2025 ::  Done clans 
Thu Sep 25 22:53:43 2025 :: Loading councils
Thu Sep 25 22:53:43 2025 :: Loading councils...
Thu Sep 25 22:53:43 2025 :: $
Thu Sep 25 22:53:43 2025 ::  Done councils 
Thu Sep 25 22:53:43 2025 :: Loading deities
Thu Sep 25 22:53:43 2025 :: Loading deities...
Thu Sep 25 22:53:43 2025 :: $
Thu Sep 25 22:53:43 2025 ::  Done deities 
Thu Sep 25 22:53:43 2025 :: Loading watches
Thu Sep 25 22:53:43 2025 :: Loading bans
Thu Sep 25 22:53:43 2025 :: Done.
Thu Sep 25 22:53:43 2025 :: Loading reserved names
Thu Sep 25 22:53:43 2025 :: Loading corpses
Thu Sep 25 22:53:43 2025 :: Loading Immortal Hosts
Thu Sep 25 22:53:43 2025 :: Done.
Thu Sep 25 22:53:43 2025 :: Loading Projects
Thu Sep 25 22:53:43 2025 :: Loading Morphs
Thu Sep 25 22:53:43 2025 :: Done.
Thu Sep 25 22:53:43 2025 :: Loading Housing System, Home Accessories Data, and Home Auctioning System
Thu Sep 25 22:53:43 2025 :: Loading login messages
Thu Sep 25 22:53:43 2025 :: Initializing socket
Thu Sep 25 22:53:43 2025 :: (Name Not Set) ready on port 9001.
Thu Sep 25 22:53:46 2025 :: Preloading player data for: Dragus (2K)
Thu Sep 25 22:53:46 2025 :: [*****] BUG: fread_char: no match: 5000
Thu Sep 25 22:53:46 2025 :: [*****] FILE: ../player/d/Dragus LINE: 14
Thu Sep 25 22:53:46 2025 :: [*****] BUG: fread_char: no match: 3
Thu Sep 25 22:53:46 2025 :: [*****] FILE: ../player/d/Dragus LINE: 15
Thu Sep 25 22:53:50 2025 :: Loading player data for: Dragus (2K)
Thu Sep 25 22:53:50 2025 :: [*****] BUG: fread_char: no match: 5000
Thu Sep 25 22:53:50 2025 :: [*****] FILE: ../player/d/Dragus LINE: 14
Thu Sep 25 22:53:50 2025 :: [*****] BUG: fread_char: no match: 3
Thu Sep 25 22:53:50 2025 :: [*****] FILE: ../player/d/Dragus LINE: 15
Thu Sep 25 22:53:50 2025 :: Dragus (127.0.0.1) has connected.
