Sat Sep 27 12:41:07 2025 :: Booting Database
 0 0 0 0 0 0 0 0 0 0 0 0 0 0 0 0 0 0 0 0 0 0 0 0 0 0 0 0 0 0 0 0
Sat Sep 27 12:41:07 2025 :: [*****] BOOT: ---------------------[ Boot Log ]--------------------
Sat Sep 27 12:41:07 2025 :: Initializing libdl support...
Sat Sep 27 12:41:07 2025 :: Loading commands...
Sat Sep 27 12:41:07 2025 :: [*****] BUG: skill_function: Error locating do_murde in symbol table. No such process
Sat Sep 27 12:41:07 2025 :: [*****] BUG: fread_command: Function do_murde not found for murde
Sat Sep 27 12:41:07 2025 :: Loading spec_funs...
Sat Sep 27 12:41:07 2025 :: Loading sysdata configuration...
Sat Sep 27 12:41:07 2025 :: Loading socials
Sat Sep 27 12:41:07 2025 :: Loading skill table
Sat Sep 27 12:41:07 2025 :: [*****] BUG: spell_function: Error locating (null) in symbol table. No such process
Sat Sep 27 12:41:07 2025 :: [*****] BUG: fread_skill: unknown skill/spell (null)
Sat Sep 27 12:41:07 2025 :: Sorting skill table...
Sat Sep 27 12:41:07 2025 :: Creating skill table sorted by type...
Sat Sep 27 12:41:07 2025 :: Remapping slots to sns
Sat Sep 27 12:41:07 2025 :: WARNING: Racial transformation skill 'ascended form' not found
Sat Sep 27 12:41:07 2025 :: Initialized racial transformation: shikai
Sat Sep 27 12:41:07 2025 :: WARNING: Racial transformation skill 'hollow rage' not found
Sat Sep 27 12:41:07 2025 :: WARNING: Racial transformation skill 'primal form' not found
Sat Sep 27 12:41:07 2025 :: WARNING: Racial transformation skill 'blood awakening' not found
Sat Sep 27 12:41:07 2025 :: WARNING: Racial transformation skill 'true form' not found
Sat Sep 27 12:41:07 2025 :: Racial transformation system initialized
Sat Sep 27 12:41:07 2025 :: Loading classes
Sat Sep 27 12:41:07 2025 :: Loading races
Sat Sep 27 12:41:07 2025 :: [*****] BUG: load_race_file: no match: Spr_Plus
Sat Sep 27 12:41:07 2025 :: [*****] BUG: load_race_file: no match: Spr_Plus
../races/unused.race: No such file or directory
Sat Sep 27 12:41:07 2025 :: [*****] BUG: load_races: Cannot load race file: unused.race
Sat Sep 27 12:41:07 2025 :: [*****] BUG: load_race_file: no match: Spr_Plus
Sat Sep 27 12:41:07 2025 :: [*****] BUG: load_race_file: no match: Spr_Plus
Sat Sep 27 12:41:07 2025 :: [*****] BUG: load_race_file: no match: Spr_Plus
Sat Sep 27 12:41:07 2025 :: [*****] BUG: load_race_file: no match: Spr_Plus
Sat Sep 27 12:41:07 2025 :: [*****] BUG: load_race_file: no match: Spr_Plus
Sat Sep 27 12:41:07 2025 :: [*****] BUG: load_race_file: no match: Spr_Plus
Sat Sep 27 12:41:07 2025 :: [*****] BUG: load_race_file: no match: Spr_Plus
Sat Sep 27 12:41:07 2025 :: Loading news data
Sat Sep 27 12:41:07 2025 :: Loading liquids
Sat Sep 27 12:41:07 2025 :: Loading mixtures
Sat Sep 27 12:41:07 2025 :: Loading herb table
Sat Sep 27 12:41:07 2025 :: Loading tongues
Sat Sep 27 12:41:07 2025 :: Making wizlist
Sat Sep 27 12:41:07 2025 :: Loading MSSP Data...
Sat Sep 27 12:41:07 2025 :: Initializing random number generator
Sat Sep 27 12:41:07 2025 :: Setting time and weather.
Sat Sep 27 12:41:07 2025 :: Loading holiday chart...
Sat Sep 27 12:41:07 2025 :: Loading DNS cache...
Sat Sep 27 12:41:07 2025 :: Assigning gsn's
ASSIGN_GSN: Skill missile weapons not found.
ASSIGN_GSN: Skill elven not found.
ASSIGN_GSN: Skill dwarven not found.
ASSIGN_GSN: Skill pixie not found.
ASSIGN_GSN: Skill ogre not found.
ASSIGN_GSN: Skill orcish not found.
ASSIGN_GSN: Skill trollese not found.
ASSIGN_GSN: Skill goblin not found.
ASSIGN_GSN: Skill halfling not found.
ASSIGN_GSN: Skill gnomish not found.
Sat Sep 27 12:41:07 2025 :: Reading in area files...
(help.are)
Sat Sep 27 12:41:07 2025 :: [*****] BUG: fread_fuss_mobile: Unknown speaks language: elder
Sat Sep 27 12:41:07 2025 :: [*****] FILE: limbo.are LINE: 610
limbo.are     : Rooms:     2 - 99    Objs:     2 - 99    Mobs:     1 - 99
Build.are     : Rooms:  9500 - 9589  Objs:     0 - 0     Mobs:     0 - 0
Sat Sep 27 12:41:07 2025 :: [*****] BUG: fread_fuss_mobile: vnum 50000: Mob has invalid race! Defaulting to monster.
Sat Sep 27 12:41:07 2025 :: [*****] FILE: housing.are LINE: 23
Sat Sep 27 12:41:07 2025 :: [*****] BUG: fread_fuss_mobile: Unknown speaks language: gibberish
Sat Sep 27 12:41:07 2025 :: [*****] FILE: housing.are LINE: 36
Sat Sep 27 12:41:07 2025 :: [*****] BUG: fread_fuss_mobile: vnum 54999: Mob has invalid race! Defaulting to monster.
Sat Sep 27 12:41:07 2025 :: [*****] FILE: housing.are LINE: 49
Sat Sep 27 12:41:07 2025 :: [*****] BUG: fread_fuss_mobile: Unknown speaks language: gibberish
Sat Sep 27 12:41:07 2025 :: [*****] FILE: housing.are LINE: 62
housing.are   : Rooms: 50000 - 54999 Objs: 50000 - 54999 Mobs: 50000 - 54999
highgard.are  : Rooms:   200 - 299   Objs:   200 - 299   Mobs:   200 - 299
Sat Sep 27 12:41:07 2025 :: Fixing exits
Sat Sep 27 12:41:07 2025 :: [*****] BUG: get_room_index: bad vnum 10300.
Sat Sep 27 12:41:07 2025 :: [*****] BOOT: Fix_exits: room 9, exit down leads to bad vnum (10300)
Sat Sep 27 12:41:07 2025 :: [*****] BUG: fix_exits: Deleting down exit in room 9
Sat Sep 27 12:41:07 2025 :: [*****] BUG: get_room_index: bad vnum 10300.
Sat Sep 27 12:41:07 2025 :: [*****] BOOT: Fix_exits: room 9, exit somewhere leads to bad vnum (10300)
Sat Sep 27 12:41:07 2025 :: [*****] BUG: fix_exits: Deleting somewhere exit in room 9
Sat Sep 27 12:41:07 2025 :: Initializing economy
Sat Sep 27 12:41:07 2025 :: Resetting areas
Sat Sep 27 12:41:07 2025 :: Loading buildlist
Sat Sep 27 12:41:07 2025 :: ../gods/Dragus
Sat Sep 27 12:41:07 2025 :: [*****] BUG: load_buildlist: Dragus.are: no #AREA found.
Sat Sep 27 12:41:07 2025 :: Loading boards
Sat Sep 27 12:41:07 2025 :: ../boards/immortal.brd
Sat Sep 27 12:41:07 2025 :: ../boards/highgod.brd
Sat Sep 27 12:41:07 2025 :: Loading vault list
Sat Sep 27 12:41:07 2025 :: $
Sat Sep 27 12:41:07 2025 ::  Done vaults 
Sat Sep 27 12:41:07 2025 :: Loading clans
Sat Sep 27 12:41:07 2025 :: Loading clans...
Sat Sep 27 12:41:07 2025 :: vampire.gui
Sat Sep 27 12:41:07 2025 :: Storeroom not found
Sat Sep 27 12:41:07 2025 :: druid.gui
Sat Sep 27 12:41:07 2025 :: Storeroom not found
Sat Sep 27 12:41:07 2025 :: warrior.gui
Sat Sep 27 12:41:07 2025 :: Storeroom not found
Sat Sep 27 12:41:07 2025 :: augurer.gui
Sat Sep 27 12:41:07 2025 :: Storeroom not found
Sat Sep 27 12:41:07 2025 :: thief.gui
Sat Sep 27 12:41:07 2025 :: Storeroom not found
Sat Sep 27 12:41:07 2025 :: cleric.gui
Sat Sep 27 12:41:07 2025 :: Storeroom not found
Sat Sep 27 12:41:07 2025 :: mage.gui
Sat Sep 27 12:41:07 2025 :: Storeroom not found
Sat Sep 27 12:41:07 2025 :: ranger.gui
Sat Sep 27 12:41:07 2025 :: Storeroom not found
Sat Sep 27 12:41:07 2025 :: $
Sat Sep 27 12:41:07 2025 ::  Done clans 
Sat Sep 27 12:41:07 2025 :: Loading councils
Sat Sep 27 12:41:07 2025 :: Loading councils...
Sat Sep 27 12:41:07 2025 :: $
Sat Sep 27 12:41:07 2025 ::  Done councils 
Sat Sep 27 12:41:07 2025 :: Loading deities
Sat Sep 27 12:41:07 2025 :: Loading deities...
Sat Sep 27 12:41:07 2025 :: $
Sat Sep 27 12:41:07 2025 ::  Done deities 
Sat Sep 27 12:41:07 2025 :: Loading watches
Sat Sep 27 12:41:07 2025 :: Loading bans
Sat Sep 27 12:41:07 2025 :: Done.
Sat Sep 27 12:41:07 2025 :: Loading reserved names
Sat Sep 27 12:41:07 2025 :: Loading corpses
Sat Sep 27 12:41:07 2025 :: Loading Immortal Hosts
Sat Sep 27 12:41:07 2025 :: Done.
Sat Sep 27 12:41:07 2025 :: Loading Projects
Sat Sep 27 12:41:07 2025 :: Loading Morphs
Sat Sep 27 12:41:07 2025 :: Done.
Sat Sep 27 12:41:07 2025 :: Loading Housing System, Home Accessories Data, and Home Auctioning System
Sat Sep 27 12:41:08 2025 :: Loading login messages
Sat Sep 27 12:41:08 2025 :: Initializing socket
Sat Sep 27 12:41:08 2025 :: (Name Not Set) ready on port 9001.
Sat Sep 27 12:41:12 2025 :: Preloading player data for: Dragus (2K)
Sat Sep 27 12:41:12 2025 :: [*****] BUG: fread_char: no match: 5000
Sat Sep 27 12:41:12 2025 :: [*****] FILE: ../player/d/Dragus LINE: 14
Sat Sep 27 12:41:12 2025 :: [*****] BUG: fread_char: no match: 3
Sat Sep 27 12:41:12 2025 :: [*****] FILE: ../player/d/Dragus LINE: 15
Sat Sep 27 12:41:12 2025 :: Creating area entry for Dragus
Sat Sep 27 12:41:13 2025 :: Loading player data for: Dragus (2K)
Sat Sep 27 12:41:13 2025 :: [*****] BUG: fread_char: no match: 5000
Sat Sep 27 12:41:13 2025 :: [*****] FILE: ../player/d/Dragus LINE: 14
Sat Sep 27 12:41:13 2025 :: [*****] BUG: fread_char: no match: 3
Sat Sep 27 12:41:13 2025 :: [*****] FILE: ../player/d/Dragus LINE: 15
Sat Sep 27 12:41:13 2025 :: Updating area entry for Dragus
Sat Sep 27 12:41:13 2025 :: Dragus (127.0.0.1) has connected.
Sat Sep 27 12:41:51 2025 :: Log Dragus: cset
Sat Sep 27 12:42:20 2025 :: Log Dragus: cset pulse-violence 24
Sat Sep 27 12:42:25 2025 :: Log Dragus: minvoke 298
Sat Sep 27 12:43:42 2025 :: Log Dragus: cset
Sat Sep 27 13:38:14 2025 :: Log Dragus: cset save
Sat Sep 27 13:38:19 2025 :: Log Dragus: cset
Sat Sep 27 13:43:04 2025 :: Log Dragus: cset
