Fri Oct  3 10:14:41 2025 :: Booting Database
 0 0 0 0 0 0 0 0 0 0 0 0 0 0 0 0 0 0 0 0 0 0 0 0 0 0 0 0 0 0 0 0
Fri Oct  3 10:14:41 2025 :: [*****] BOOT: ---------------------[ Boot Log ]--------------------
Fri Oct  3 10:14:41 2025 :: Initializing libdl support...
Fri Oct  3 10:14:41 2025 :: Loading commands...
Fri Oct  3 10:14:41 2025 :: [*****] BUG: skill_function: Error locating do_defense in symbol table. No such process
Fri Oct  3 10:14:41 2025 :: [*****] BUG: fread_command: Function do_defense not found for defense
Fri Oct  3 10:14:41 2025 :: [*****] BUG: skill_function: Error locating do_murde in symbol table. No such process
Fri Oct  3 10:14:41 2025 :: [*****] BUG: fread_command: Function do_murde not found for murde
Fri Oct  3 10:14:41 2025 :: Loading spec_funs...
Fri Oct  3 10:14:41 2025 :: Loading sysdata configuration...
Fri Oct  3 10:14:41 2025 :: Loading socials
Fri Oct  3 10:14:41 2025 :: Loading skill table
Fri Oct  3 10:14:41 2025 :: [*****] BUG: fread_number: bad format. (g)
Fri Oct  3 10:14:41 2025 :: [*****] BUG: fread_skill: no match: atherskill
Fri Oct  3 10:14:41 2025 :: [*****] BUG: spell_function: Error locating (null) in symbol table. No such process
Fri Oct  3 10:14:41 2025 :: [*****] BUG: fread_skill: unknown skill/spell (null)
Fri Oct  3 10:14:41 2025 :: [*****] BUG: fread_number: bad format. (g)
Fri Oct  3 10:14:41 2025 :: [*****] BUG: fread_skill: no match: atherskill
Fri Oct  3 10:14:41 2025 :: [*****] BUG: fread_number: bad format. (g)
Fri Oct  3 10:14:41 2025 :: [*****] BUG: fread_skill: no match: atherskill
Fri Oct  3 10:14:41 2025 :: Sorting skill table...
Fri Oct  3 10:14:41 2025 :: Creating skill table sorted by type...
Fri Oct  3 10:14:41 2025 :: Remapping slots to sns
Fri Oct  3 10:14:41 2025 :: WARNING: Racial transformation skill 'ascended form' not found
Fri Oct  3 10:14:41 2025 :: Initialized racial transformation: shikai
Fri Oct  3 10:14:41 2025 :: WARNING: Racial transformation skill 'hollow rage' not found
Fri Oct  3 10:14:41 2025 :: WARNING: Racial transformation skill 'primal form' not found
Fri Oct  3 10:14:41 2025 :: WARNING: Racial transformation skill 'blood awakening' not found
Fri Oct  3 10:14:41 2025 :: WARNING: Racial transformation skill 'true form' not found
Fri Oct  3 10:14:41 2025 :: Racial transformation system initialized
Fri Oct  3 10:14:41 2025 :: Loading classes
Fri Oct  3 10:14:41 2025 :: Loading races
Fri Oct  3 10:14:41 2025 :: [*****] BUG: load_race_file: no match: Spr_Plus
Fri Oct  3 10:14:41 2025 :: [*****] BUG: load_race_file: no match: Spr_Plus
../races/unused.race: No such file or directory
Fri Oct  3 10:14:41 2025 :: [*****] BUG: load_races: Cannot load race file: unused.race
Fri Oct  3 10:14:41 2025 :: [*****] BUG: load_race_file: no match: Spr_Plus
Fri Oct  3 10:14:41 2025 :: [*****] BUG: load_race_file: no match: Spr_Plus
Fri Oct  3 10:14:41 2025 :: [*****] BUG: load_race_file: no match: Spr_Plus
Fri Oct  3 10:14:41 2025 :: [*****] BUG: load_race_file: no match: Spr_Plus
Fri Oct  3 10:14:41 2025 :: [*****] BUG: load_race_file: no match: Spr_Plus
Fri Oct  3 10:14:41 2025 :: [*****] BUG: load_race_file: no match: Spr_Plus
Fri Oct  3 10:14:41 2025 :: [*****] BUG: load_race_file: no match: Spr_Plus
Fri Oct  3 10:14:41 2025 :: Loading news data
Fri Oct  3 10:14:41 2025 :: Loading liquids
Fri Oct  3 10:14:41 2025 :: Loading mixtures
Fri Oct  3 10:14:41 2025 :: Loading herb table
Fri Oct  3 10:14:41 2025 :: Loading tongues
Fri Oct  3 10:14:41 2025 :: Making wizlist
Fri Oct  3 10:14:41 2025 :: Loading MSSP Data...
Fri Oct  3 10:14:41 2025 :: Initializing random number generator
Fri Oct  3 10:14:41 2025 :: Setting time and weather.
Fri Oct  3 10:14:41 2025 :: Loading holiday chart...
Fri Oct  3 10:14:41 2025 :: Loading DNS cache...
Fri Oct  3 10:14:41 2025 :: Assigning gsn's
ASSIGN_GSN: Skill missile weapons not found.
ASSIGN_GSN: Skill elven not found.
ASSIGN_GSN: Skill dwarven not found.
ASSIGN_GSN: Skill pixie not found.
ASSIGN_GSN: Skill ogre not found.
ASSIGN_GSN: Skill orcish not found.
ASSIGN_GSN: Skill trollese not found.
ASSIGN_GSN: Skill goblin not found.
ASSIGN_GSN: Skill halfling not found.
ASSIGN_GSN: Skill gnomish not found.
Fri Oct  3 10:14:41 2025 :: Reading in area files...
(help.are)
Fri Oct  3 10:14:41 2025 :: [*****] BUG: fread_fuss_mobile: Unknown speaks language: elder
Fri Oct  3 10:14:41 2025 :: [*****] FILE: limbo.are LINE: 610
limbo.are     : Rooms:     2 - 99    Objs:     2 - 99    Mobs:     1 - 99
Build.are     : Rooms:  9500 - 9589  Objs:     0 - 0     Mobs:     0 - 0
Fri Oct  3 10:14:41 2025 :: [*****] BUG: fread_fuss_mobile: vnum 50000: Mob has invalid race! Defaulting to monster.
Fri Oct  3 10:14:41 2025 :: [*****] FILE: housing.are LINE: 23
Fri Oct  3 10:14:41 2025 :: [*****] BUG: fread_fuss_mobile: Unknown speaks language: gibberish
Fri Oct  3 10:14:41 2025 :: [*****] FILE: housing.are LINE: 36
Fri Oct  3 10:14:41 2025 :: [*****] BUG: fread_fuss_mobile: vnum 54999: Mob has invalid race! Defaulting to monster.
Fri Oct  3 10:14:41 2025 :: [*****] FILE: housing.are LINE: 49
Fri Oct  3 10:14:41 2025 :: [*****] BUG: fread_fuss_mobile: Unknown speaks language: gibberish
Fri Oct  3 10:14:41 2025 :: [*****] FILE: housing.are LINE: 62
housing.are   : Rooms: 50000 - 54999 Objs: 50000 - 54999 Mobs: 50000 - 54999
highgard.are  : Rooms:   200 - 299   Objs:   200 - 299   Mobs:   200 - 299
Fri Oct  3 10:14:41 2025 :: Fixing exits
Fri Oct  3 10:14:41 2025 :: [*****] BUG: get_room_index: bad vnum 10300.
Fri Oct  3 10:14:41 2025 :: [*****] BOOT: Fix_exits: room 9, exit down leads to bad vnum (10300)
Fri Oct  3 10:14:41 2025 :: [*****] BUG: fix_exits: Deleting down exit in room 9
Fri Oct  3 10:14:41 2025 :: [*****] BUG: get_room_index: bad vnum 10300.
Fri Oct  3 10:14:41 2025 :: [*****] BOOT: Fix_exits: room 9, exit somewhere leads to bad vnum (10300)
Fri Oct  3 10:14:41 2025 :: [*****] BUG: fix_exits: Deleting somewhere exit in room 9
Fri Oct  3 10:14:41 2025 :: Initializing economy
Fri Oct  3 10:14:41 2025 :: Resetting areas
Fri Oct  3 10:14:41 2025 :: Loading buildlist
Fri Oct  3 10:14:41 2025 :: ../gods/Dragus
Fri Oct  3 10:14:41 2025 :: [*****] BUG: load_buildlist: Dragus.are: no #AREA found.
Fri Oct  3 10:14:41 2025 :: Loading boards
Fri Oct  3 10:14:41 2025 :: ../boards/immortal.brd
Fri Oct  3 10:14:41 2025 :: ../boards/highgod.brd
Fri Oct  3 10:14:41 2025 :: Loading vault list
Fri Oct  3 10:14:41 2025 :: $
Fri Oct  3 10:14:41 2025 ::  Done vaults 
Fri Oct  3 10:14:41 2025 :: Loading clans
Fri Oct  3 10:14:41 2025 :: Loading clans...
Fri Oct  3 10:14:41 2025 :: vampire.gui
Fri Oct  3 10:14:41 2025 :: Storeroom not found
Fri Oct  3 10:14:41 2025 :: druid.gui
Fri Oct  3 10:14:41 2025 :: Storeroom not found
Fri Oct  3 10:14:41 2025 :: warrior.gui
Fri Oct  3 10:14:41 2025 :: Storeroom not found
Fri Oct  3 10:14:41 2025 :: augurer.gui
Fri Oct  3 10:14:41 2025 :: Storeroom not found
Fri Oct  3 10:14:41 2025 :: thief.gui
Fri Oct  3 10:14:41 2025 :: Storeroom not found
Fri Oct  3 10:14:41 2025 :: cleric.gui
Fri Oct  3 10:14:41 2025 :: Storeroom not found
Fri Oct  3 10:14:41 2025 :: mage.gui
Fri Oct  3 10:14:41 2025 :: Storeroom not found
Fri Oct  3 10:14:41 2025 :: ranger.gui
Fri Oct  3 10:14:41 2025 :: Storeroom not found
Fri Oct  3 10:14:41 2025 :: $
Fri Oct  3 10:14:41 2025 ::  Done clans 
Fri Oct  3 10:14:41 2025 :: Loading councils
Fri Oct  3 10:14:41 2025 :: Loading councils...
Fri Oct  3 10:14:41 2025 :: $
Fri Oct  3 10:14:41 2025 ::  Done councils 
Fri Oct  3 10:14:41 2025 :: Loading deities
Fri Oct  3 10:14:41 2025 :: Loading deities...
Fri Oct  3 10:14:41 2025 :: $
Fri Oct  3 10:14:41 2025 ::  Done deities 
Fri Oct  3 10:14:41 2025 :: Loading watches
Fri Oct  3 10:14:41 2025 :: Loading bans
Fri Oct  3 10:14:41 2025 :: Done.
Fri Oct  3 10:14:41 2025 :: Loading reserved names
Fri Oct  3 10:14:41 2025 :: Loading corpses
Fri Oct  3 10:14:41 2025 :: Loading Immortal Hosts
Fri Oct  3 10:14:41 2025 :: Done.
Fri Oct  3 10:14:41 2025 :: Loading Projects
Fri Oct  3 10:14:41 2025 :: Loading Morphs
Fri Oct  3 10:14:41 2025 :: Done.
Fri Oct  3 10:14:41 2025 :: Loading Housing System, Home Accessories Data, and Home Auctioning System
Fri Oct  3 10:14:41 2025 :: Loading login messages
Fri Oct  3 10:14:41 2025 :: Initializing socket
Fri Oct  3 10:14:41 2025 :: (Name Not Set) ready on port 9001.
Fri Oct  3 10:14:46 2025 :: Preloading player data for: Dragus (10K)
Fri Oct  3 10:14:46 2025 :: [*****] BUG: fread_char: no match: 5000
Fri Oct  3 10:14:46 2025 :: [*****] FILE: ../player/d/Dragus LINE: 14
Fri Oct  3 10:14:46 2025 :: [*****] BUG: fread_char: no match: 3
Fri Oct  3 10:14:46 2025 :: [*****] FILE: ../player/d/Dragus LINE: 15
Fri Oct  3 10:14:46 2025 :: Creating area entry for Dragus
Fri Oct  3 10:14:48 2025 :: Loading player data for: Dragus (10K)
Fri Oct  3 10:14:48 2025 :: [*****] BUG: fread_char: no match: 5000
Fri Oct  3 10:14:48 2025 :: [*****] FILE: ../player/d/Dragus LINE: 14
Fri Oct  3 10:14:48 2025 :: [*****] BUG: fread_char: no match: 3
Fri Oct  3 10:14:48 2025 :: [*****] FILE: ../player/d/Dragus LINE: 15
Fri Oct  3 10:14:48 2025 :: [*****] BUG: fread_obj: incomplete object.
Fri Oct  3 10:14:48 2025 :: [*****] FILE: ../player/d/Dragus LINE: 110
Fri Oct  3 10:14:48 2025 :: [*****] BUG: fread_obj: incomplete object.
Fri Oct  3 10:14:48 2025 :: [*****] FILE: ../player/d/Dragus LINE: 117
Fri Oct  3 10:14:48 2025 :: [*****] BUG: fread_obj: incomplete object.
Fri Oct  3 10:14:48 2025 :: [*****] FILE: ../player/d/Dragus LINE: 124
Fri Oct  3 10:14:48 2025 :: [*****] BUG: fread_obj: incomplete object.
Fri Oct  3 10:14:48 2025 :: [*****] FILE: ../player/d/Dragus LINE: 131
Fri Oct  3 10:14:48 2025 :: [*****] BUG: fread_obj: incomplete object.
Fri Oct  3 10:14:48 2025 :: [*****] FILE: ../player/d/Dragus LINE: 138
Fri Oct  3 10:14:48 2025 :: [*****] BUG: fread_obj: incomplete object.
Fri Oct  3 10:14:48 2025 :: [*****] FILE: ../player/d/Dragus LINE: 145
Fri Oct  3 10:14:48 2025 :: [*****] BUG: fread_obj: incomplete object.
Fri Oct  3 10:14:48 2025 :: [*****] FILE: ../player/d/Dragus LINE: 152
Fri Oct  3 10:14:48 2025 :: [*****] BUG: fread_obj: incomplete object.
Fri Oct  3 10:14:48 2025 :: [*****] FILE: ../player/d/Dragus LINE: 159
Fri Oct  3 10:14:48 2025 :: [*****] BUG: fread_obj: incomplete object.
Fri Oct  3 10:14:48 2025 :: [*****] FILE: ../player/d/Dragus LINE: 166
Fri Oct  3 10:14:48 2025 :: [*****] BUG: fread_obj: incomplete object.
Fri Oct  3 10:14:48 2025 :: [*****] FILE: ../player/d/Dragus LINE: 173
Fri Oct  3 10:14:48 2025 :: [*****] BUG: fread_obj: incomplete object.
Fri Oct  3 10:14:48 2025 :: [*****] FILE: ../player/d/Dragus LINE: 180
Fri Oct  3 10:14:48 2025 :: [*****] BUG: fread_obj: incomplete object.
Fri Oct  3 10:14:48 2025 :: [*****] FILE: ../player/d/Dragus LINE: 187
Fri Oct  3 10:14:48 2025 :: [*****] BUG: fread_obj: incomplete object.
Fri Oct  3 10:14:48 2025 :: [*****] FILE: ../player/d/Dragus LINE: 194
Fri Oct  3 10:14:48 2025 :: [*****] BUG: fread_obj: incomplete object.
Fri Oct  3 10:14:48 2025 :: [*****] FILE: ../player/d/Dragus LINE: 201
Fri Oct  3 10:14:48 2025 :: [*****] BUG: fread_obj: incomplete object.
Fri Oct  3 10:14:48 2025 :: [*****] FILE: ../player/d/Dragus LINE: 208
Fri Oct  3 10:14:48 2025 :: [*****] BUG: fread_obj: incomplete object.
Fri Oct  3 10:14:48 2025 :: [*****] FILE: ../player/d/Dragus LINE: 215
Fri Oct  3 10:14:48 2025 :: [*****] BUG: fread_obj: incomplete object.
Fri Oct  3 10:14:48 2025 :: [*****] FILE: ../player/d/Dragus LINE: 222
Fri Oct  3 10:14:48 2025 :: [*****] BUG: fread_obj: incomplete object.
Fri Oct  3 10:14:48 2025 :: [*****] FILE: ../player/d/Dragus LINE: 229
Fri Oct  3 10:14:48 2025 :: [*****] BUG: fread_obj: incomplete object.
Fri Oct  3 10:14:48 2025 :: [*****] FILE: ../player/d/Dragus LINE: 236
Fri Oct  3 10:14:48 2025 :: [*****] BUG: fread_obj: incomplete object.
Fri Oct  3 10:14:48 2025 :: [*****] FILE: ../player/d/Dragus LINE: 243
Fri Oct  3 10:14:48 2025 :: [*****] BUG: fread_obj: incomplete object.
Fri Oct  3 10:14:48 2025 :: [*****] FILE: ../player/d/Dragus LINE: 250
Fri Oct  3 10:14:48 2025 :: [*****] BUG: fread_obj: incomplete object.
Fri Oct  3 10:14:48 2025 :: [*****] FILE: ../player/d/Dragus LINE: 257
Fri Oct  3 10:14:48 2025 :: [*****] BUG: fread_obj: incomplete object.
Fri Oct  3 10:14:48 2025 :: [*****] FILE: ../player/d/Dragus LINE: 264
Fri Oct  3 10:14:48 2025 :: [*****] BUG: fread_obj: incomplete object.
Fri Oct  3 10:14:48 2025 :: [*****] FILE: ../player/d/Dragus LINE: 271
Fri Oct  3 10:14:48 2025 :: [*****] BUG: fread_obj: incomplete object.
Fri Oct  3 10:14:48 2025 :: [*****] FILE: ../player/d/Dragus LINE: 278
Fri Oct  3 10:14:48 2025 :: [*****] BUG: fread_obj: incomplete object.
Fri Oct  3 10:14:48 2025 :: [*****] FILE: ../player/d/Dragus LINE: 285
Fri Oct  3 10:14:48 2025 :: [*****] BUG: fread_obj: incomplete object.
Fri Oct  3 10:14:48 2025 :: [*****] FILE: ../player/d/Dragus LINE: 292
Fri Oct  3 10:14:48 2025 :: [*****] BUG: fread_obj: incomplete object.
Fri Oct  3 10:14:48 2025 :: [*****] FILE: ../player/d/Dragus LINE: 299
Fri Oct  3 10:14:48 2025 :: [*****] BUG: fread_obj: incomplete object.
Fri Oct  3 10:14:48 2025 :: [*****] FILE: ../player/d/Dragus LINE: 306
Fri Oct  3 10:14:48 2025 :: [*****] BUG: fread_obj: incomplete object.
Fri Oct  3 10:14:48 2025 :: [*****] FILE: ../player/d/Dragus LINE: 313
Fri Oct  3 10:14:48 2025 :: [*****] BUG: fread_obj: incomplete object.
Fri Oct  3 10:14:48 2025 :: [*****] FILE: ../player/d/Dragus LINE: 320
Fri Oct  3 10:14:48 2025 :: [*****] BUG: fread_obj: incomplete object.
Fri Oct  3 10:14:48 2025 :: [*****] FILE: ../player/d/Dragus LINE: 327
Fri Oct  3 10:14:48 2025 :: [*****] BUG: fread_obj: incomplete object.
Fri Oct  3 10:14:48 2025 :: [*****] FILE: ../player/d/Dragus LINE: 334
Fri Oct  3 10:14:48 2025 :: [*****] BUG: fread_obj: incomplete object.
Fri Oct  3 10:14:48 2025 :: [*****] FILE: ../player/d/Dragus LINE: 341
Fri Oct  3 10:14:48 2025 :: [*****] BUG: fread_obj: incomplete object.
Fri Oct  3 10:14:48 2025 :: [*****] FILE: ../player/d/Dragus LINE: 348
Fri Oct  3 10:14:48 2025 :: [*****] BUG: fread_obj: incomplete object.
Fri Oct  3 10:14:48 2025 :: [*****] FILE: ../player/d/Dragus LINE: 355
Fri Oct  3 10:14:48 2025 :: [*****] BUG: fread_obj: incomplete object.
Fri Oct  3 10:14:48 2025 :: [*****] FILE: ../player/d/Dragus LINE: 362
Fri Oct  3 10:14:48 2025 :: [*****] BUG: fread_obj: incomplete object.
Fri Oct  3 10:14:48 2025 :: [*****] FILE: ../player/d/Dragus LINE: 369
Fri Oct  3 10:14:48 2025 :: [*****] BUG: fread_obj: incomplete object.
Fri Oct  3 10:14:48 2025 :: [*****] FILE: ../player/d/Dragus LINE: 376
Fri Oct  3 10:14:48 2025 :: [*****] BUG: fread_obj: incomplete object.
Fri Oct  3 10:14:48 2025 :: [*****] FILE: ../player/d/Dragus LINE: 383
Fri Oct  3 10:14:48 2025 :: [*****] BUG: fread_obj: incomplete object.
Fri Oct  3 10:14:48 2025 :: [*****] FILE: ../player/d/Dragus LINE: 390
Fri Oct  3 10:14:48 2025 :: [*****] BUG: fread_obj: incomplete object.
Fri Oct  3 10:14:48 2025 :: [*****] FILE: ../player/d/Dragus LINE: 397
Fri Oct  3 10:14:48 2025 :: [*****] BUG: fread_obj: incomplete object.
Fri Oct  3 10:14:48 2025 :: [*****] FILE: ../player/d/Dragus LINE: 404
Fri Oct  3 10:14:48 2025 :: [*****] BUG: fread_obj: incomplete object.
Fri Oct  3 10:14:48 2025 :: [*****] FILE: ../player/d/Dragus LINE: 411
Fri Oct  3 10:14:48 2025 :: [*****] BUG: fread_obj: incomplete object.
Fri Oct  3 10:14:48 2025 :: [*****] FILE: ../player/d/Dragus LINE: 418
Fri Oct  3 10:14:48 2025 :: [*****] BUG: fread_obj: incomplete object.
Fri Oct  3 10:14:48 2025 :: [*****] FILE: ../player/d/Dragus LINE: 425
Fri Oct  3 10:14:48 2025 :: [*****] BUG: fread_obj: incomplete object.
Fri Oct  3 10:14:48 2025 :: [*****] FILE: ../player/d/Dragus LINE: 432
Fri Oct  3 10:14:48 2025 :: [*****] BUG: fread_obj: incomplete object.
Fri Oct  3 10:14:48 2025 :: [*****] FILE: ../player/d/Dragus LINE: 439
Fri Oct  3 10:14:48 2025 :: [*****] BUG: fread_obj: incomplete object.
Fri Oct  3 10:14:48 2025 :: [*****] FILE: ../player/d/Dragus LINE: 446
Fri Oct  3 10:14:48 2025 :: [*****] BUG: fread_obj: incomplete object.
Fri Oct  3 10:14:48 2025 :: [*****] FILE: ../player/d/Dragus LINE: 453
Fri Oct  3 10:14:48 2025 :: [*****] BUG: fread_obj: incomplete object.
Fri Oct  3 10:14:48 2025 :: [*****] FILE: ../player/d/Dragus LINE: 460
Fri Oct  3 10:14:48 2025 :: [*****] BUG: fread_obj: incomplete object.
Fri Oct  3 10:14:48 2025 :: [*****] FILE: ../player/d/Dragus LINE: 467
Fri Oct  3 10:14:48 2025 :: [*****] BUG: fread_obj: incomplete object.
Fri Oct  3 10:14:48 2025 :: [*****] FILE: ../player/d/Dragus LINE: 474
Fri Oct  3 10:14:48 2025 :: [*****] BUG: fread_obj: incomplete object.
Fri Oct  3 10:14:48 2025 :: [*****] FILE: ../player/d/Dragus LINE: 481
Fri Oct  3 10:14:48 2025 :: [*****] BUG: fread_obj: incomplete object.
Fri Oct  3 10:14:48 2025 :: [*****] FILE: ../player/d/Dragus LINE: 488
Fri Oct  3 10:14:48 2025 :: [*****] BUG: fread_obj: incomplete object.
Fri Oct  3 10:14:48 2025 :: [*****] FILE: ../player/d/Dragus LINE: 495
Fri Oct  3 10:14:48 2025 :: [*****] BUG: fread_obj: incomplete object.
Fri Oct  3 10:14:48 2025 :: [*****] FILE: ../player/d/Dragus LINE: 502
Fri Oct  3 10:14:48 2025 :: [*****] BUG: fread_obj: incomplete object.
Fri Oct  3 10:14:48 2025 :: [*****] FILE: ../player/d/Dragus LINE: 509
Fri Oct  3 10:14:48 2025 :: [*****] BUG: fread_obj: incomplete object.
Fri Oct  3 10:14:48 2025 :: [*****] FILE: ../player/d/Dragus LINE: 516
Fri Oct  3 10:14:48 2025 :: [*****] BUG: fread_obj: incomplete object.
Fri Oct  3 10:14:48 2025 :: [*****] FILE: ../player/d/Dragus LINE: 523
Fri Oct  3 10:14:48 2025 :: [*****] BUG: fread_obj: incomplete object.
Fri Oct  3 10:14:48 2025 :: [*****] FILE: ../player/d/Dragus LINE: 530
Fri Oct  3 10:14:48 2025 :: [*****] BUG: fread_obj: incomplete object.
Fri Oct  3 10:14:48 2025 :: [*****] FILE: ../player/d/Dragus LINE: 537
Fri Oct  3 10:14:48 2025 :: [*****] BUG: fread_obj: incomplete object.
Fri Oct  3 10:14:48 2025 :: [*****] FILE: ../player/d/Dragus LINE: 544
Fri Oct  3 10:14:48 2025 :: [*****] BUG: fread_obj: incomplete object.
Fri Oct  3 10:14:48 2025 :: [*****] FILE: ../player/d/Dragus LINE: 551
Fri Oct  3 10:14:48 2025 :: [*****] BUG: fread_obj: incomplete object.
Fri Oct  3 10:14:48 2025 :: [*****] FILE: ../player/d/Dragus LINE: 558
Fri Oct  3 10:14:48 2025 :: [*****] BUG: fread_obj: incomplete object.
Fri Oct  3 10:14:48 2025 :: [*****] FILE: ../player/d/Dragus LINE: 565
Fri Oct  3 10:14:48 2025 :: [*****] BUG: fread_obj: incomplete object.
Fri Oct  3 10:14:48 2025 :: [*****] FILE: ../player/d/Dragus LINE: 572
Fri Oct  3 10:14:48 2025 :: [*****] BUG: fread_obj: incomplete object.
Fri Oct  3 10:14:48 2025 :: [*****] FILE: ../player/d/Dragus LINE: 579
Fri Oct  3 10:14:48 2025 :: [*****] BUG: fread_obj: incomplete object.
Fri Oct  3 10:14:48 2025 :: [*****] FILE: ../player/d/Dragus LINE: 586
Fri Oct  3 10:14:48 2025 :: [*****] BUG: fread_obj: incomplete object.
Fri Oct  3 10:14:48 2025 :: [*****] FILE: ../player/d/Dragus LINE: 593
Fri Oct  3 10:14:48 2025 :: [*****] BUG: fread_obj: incomplete object.
Fri Oct  3 10:14:48 2025 :: [*****] FILE: ../player/d/Dragus LINE: 600
Fri Oct  3 10:14:48 2025 :: [*****] BUG: fread_obj: incomplete object.
Fri Oct  3 10:14:48 2025 :: [*****] FILE: ../player/d/Dragus LINE: 607
Fri Oct  3 10:14:48 2025 :: [*****] BUG: fread_obj: incomplete object.
Fri Oct  3 10:14:48 2025 :: [*****] FILE: ../player/d/Dragus LINE: 614
Fri Oct  3 10:14:48 2025 :: [*****] BUG: fread_obj: incomplete object.
Fri Oct  3 10:14:48 2025 :: [*****] FILE: ../player/d/Dragus LINE: 621
Fri Oct  3 10:14:48 2025 :: [*****] BUG: fread_obj: incomplete object.
Fri Oct  3 10:14:48 2025 :: [*****] FILE: ../player/d/Dragus LINE: 628
Fri Oct  3 10:14:48 2025 :: [*****] BUG: fread_obj: incomplete object.
Fri Oct  3 10:14:48 2025 :: [*****] FILE: ../player/d/Dragus LINE: 635
Fri Oct  3 10:14:48 2025 :: [*****] BUG: fread_obj: incomplete object.
Fri Oct  3 10:14:48 2025 :: [*****] FILE: ../player/d/Dragus LINE: 642
Fri Oct  3 10:14:48 2025 :: [*****] BUG: fread_obj: incomplete object.
Fri Oct  3 10:14:48 2025 :: [*****] FILE: ../player/d/Dragus LINE: 649
Fri Oct  3 10:14:48 2025 :: [*****] BUG: fread_obj: incomplete object.
Fri Oct  3 10:14:48 2025 :: [*****] FILE: ../player/d/Dragus LINE: 656
Fri Oct  3 10:14:48 2025 :: [*****] BUG: fread_obj: incomplete object.
Fri Oct  3 10:14:48 2025 :: [*****] FILE: ../player/d/Dragus LINE: 663
Fri Oct  3 10:14:48 2025 :: [*****] BUG: fread_obj: incomplete object.
Fri Oct  3 10:14:48 2025 :: [*****] FILE: ../player/d/Dragus LINE: 670
Fri Oct  3 10:14:48 2025 :: [*****] BUG: fread_obj: incomplete object.
Fri Oct  3 10:14:48 2025 :: [*****] FILE: ../player/d/Dragus LINE: 677
Fri Oct  3 10:14:48 2025 :: [*****] BUG: fread_obj: incomplete object.
Fri Oct  3 10:14:48 2025 :: [*****] FILE: ../player/d/Dragus LINE: 684
Fri Oct  3 10:14:48 2025 :: [*****] BUG: fread_obj: incomplete object.
Fri Oct  3 10:14:48 2025 :: [*****] FILE: ../player/d/Dragus LINE: 691
Fri Oct  3 10:14:48 2025 :: [*****] BUG: fread_obj: incomplete object.
Fri Oct  3 10:14:48 2025 :: [*****] FILE: ../player/d/Dragus LINE: 698
Fri Oct  3 10:14:48 2025 :: [*****] BUG: fread_obj: incomplete object.
Fri Oct  3 10:14:48 2025 :: [*****] FILE: ../player/d/Dragus LINE: 705
Fri Oct  3 10:14:48 2025 :: [*****] BUG: fread_obj: incomplete object.
Fri Oct  3 10:14:48 2025 :: [*****] FILE: ../player/d/Dragus LINE: 712
Fri Oct  3 10:14:48 2025 :: [*****] BUG: fread_obj: incomplete object.
Fri Oct  3 10:14:48 2025 :: [*****] FILE: ../player/d/Dragus LINE: 719
Fri Oct  3 10:14:48 2025 :: Updating area entry for Dragus
Fri Oct  3 10:14:48 2025 :: Dragus (127.0.0.1) has connected.
Fri Oct  3 10:14:53 2025 :: Log Dragus: loadarea
Dragus.are    : Rooms: 55000 - 59999 Objs: 55000 - 59999 Mobs: 55000 - 59999
Fri Oct  3 10:15:31 2025 :: Log Dragus: oinvoke 55112
Fri Oct  3 10:16:43 2025 :: Log Dragus: minvoke 298
Fri Oct  3 10:18:24 2025 :: Log Dragus: restore test
Fri Oct  3 10:18:28 2025 :: Log Dragus: restore dragus
