Sat Oct  4 17:15:46 2025 :: Booting Database
 0 0 0 0 0 0 0 0 0 0 0 0 0 0 0 0 0 0 0 0 0 0 0 0 0 0 0 0 0 0 0 0
Sat Oct  4 17:15:46 2025 :: [*****] BOOT: ---------------------[ Boot Log ]--------------------
Sat Oct  4 17:15:46 2025 :: Initializing libdl support...
Sat Oct  4 17:15:46 2025 :: Loading commands...
Sat Oct  4 17:15:46 2025 :: [*****] BUG: skill_function: Error locating do_defense in symbol table. No such process
Sat Oct  4 17:15:46 2025 :: [*****] BUG: fread_command: Function do_defense not found for defense
Sat Oct  4 17:15:46 2025 :: [*****] BUG: skill_function: Error locating do_murde in symbol table. No such process
Sat Oct  4 17:15:46 2025 :: [*****] BUG: fread_command: Function do_murde not found for murde
Sat Oct  4 17:15:46 2025 :: Loading spec_funs...
Sat Oct  4 17:15:46 2025 :: Loading sysdata configuration...
Sat Oct  4 17:15:46 2025 :: Loading socials
Sat Oct  4 17:15:46 2025 :: Loading skill table
Sat Oct  4 17:15:46 2025 :: [*****] BUG: fread_number: bad format. (g)
Sat Oct  4 17:15:46 2025 :: [*****] BUG: fread_skill: no match: atherskill
Sat Oct  4 17:15:46 2025 :: [*****] BUG: spell_function: Error locating (null) in symbol table. No such process
Sat Oct  4 17:15:46 2025 :: [*****] BUG: fread_skill: unknown skill/spell (null)
Sat Oct  4 17:15:46 2025 :: [*****] BUG: fread_number: bad format. (g)
Sat Oct  4 17:15:46 2025 :: [*****] BUG: fread_skill: no match: atherskill
Sat Oct  4 17:15:46 2025 :: [*****] BUG: fread_number: bad format. (g)
Sat Oct  4 17:15:46 2025 :: [*****] BUG: fread_skill: no match: atherskill
Sat Oct  4 17:15:46 2025 :: Sorting skill table...
Sat Oct  4 17:15:46 2025 :: Creating skill table sorted by type...
Sat Oct  4 17:15:46 2025 :: Remapping slots to sns
Sat Oct  4 17:15:46 2025 :: WARNING: Racial transformation skill 'ascended form' not found
Sat Oct  4 17:15:46 2025 :: Initialized racial transformation: shikai
Sat Oct  4 17:15:46 2025 :: WARNING: Racial transformation skill 'hollow rage' not found
Sat Oct  4 17:15:46 2025 :: WARNING: Racial transformation skill 'primal form' not found
Sat Oct  4 17:15:46 2025 :: WARNING: Racial transformation skill 'blood awakening' not found
Sat Oct  4 17:15:46 2025 :: WARNING: Racial transformation skill 'true form' not found
Sat Oct  4 17:15:46 2025 :: Racial transformation system initialized
Sat Oct  4 17:15:46 2025 :: Loading classes
Sat Oct  4 17:15:46 2025 :: Loading races
Sat Oct  4 17:15:46 2025 :: [*****] BUG: load_race_file: no match: Spr_Plus
Sat Oct  4 17:15:46 2025 :: [*****] BUG: load_race_file: no match: Spr_Plus
../races/unused.race: No such file or directory
Sat Oct  4 17:15:46 2025 :: [*****] BUG: load_races: Cannot load race file: unused.race
Sat Oct  4 17:15:46 2025 :: [*****] BUG: load_race_file: no match: Spr_Plus
Sat Oct  4 17:15:46 2025 :: [*****] BUG: load_race_file: no match: Spr_Plus
Sat Oct  4 17:15:46 2025 :: [*****] BUG: load_race_file: no match: Spr_Plus
Sat Oct  4 17:15:46 2025 :: [*****] BUG: load_race_file: no match: Spr_Plus
Sat Oct  4 17:15:46 2025 :: [*****] BUG: load_race_file: no match: Spr_Plus
Sat Oct  4 17:15:46 2025 :: [*****] BUG: load_race_file: no match: Spr_Plus
Sat Oct  4 17:15:46 2025 :: [*****] BUG: load_race_file: no match: Spr_Plus
Sat Oct  4 17:15:46 2025 :: Loading news data
Sat Oct  4 17:15:46 2025 :: Loading liquids
Sat Oct  4 17:15:46 2025 :: Loading mixtures
Sat Oct  4 17:15:46 2025 :: Loading herb table
Sat Oct  4 17:15:46 2025 :: Loading tongues
Sat Oct  4 17:15:46 2025 :: Making wizlist
Sat Oct  4 17:15:46 2025 :: Loading MSSP Data...
Sat Oct  4 17:15:46 2025 :: Initializing random number generator
Sat Oct  4 17:15:46 2025 :: Setting time and weather.
Sat Oct  4 17:15:46 2025 :: Loading holiday chart...
Sat Oct  4 17:15:46 2025 :: Loading DNS cache...
Sat Oct  4 17:15:46 2025 :: Assigning gsn's
ASSIGN_GSN: Skill missile weapons not found.
ASSIGN_GSN: Skill elven not found.
ASSIGN_GSN: Skill dwarven not found.
ASSIGN_GSN: Skill pixie not found.
ASSIGN_GSN: Skill ogre not found.
ASSIGN_GSN: Skill orcish not found.
ASSIGN_GSN: Skill trollese not found.
ASSIGN_GSN: Skill goblin not found.
ASSIGN_GSN: Skill halfling not found.
ASSIGN_GSN: Skill gnomish not found.
Sat Oct  4 17:15:46 2025 :: Reading in area files...
(help.are)
Sat Oct  4 17:15:46 2025 :: [*****] BUG: fread_fuss_mobile: Unknown speaks language: elder
Sat Oct  4 17:15:46 2025 :: [*****] FILE: limbo.are LINE: 610
limbo.are     : Rooms:     2 - 99    Objs:     2 - 99    Mobs:     1 - 99
Build.are     : Rooms:  9500 - 9589  Objs:     0 - 0     Mobs:     0 - 0
Sat Oct  4 17:15:46 2025 :: [*****] BUG: fread_fuss_mobile: vnum 50000: Mob has invalid race! Defaulting to monster.
Sat Oct  4 17:15:46 2025 :: [*****] FILE: housing.are LINE: 23
Sat Oct  4 17:15:46 2025 :: [*****] BUG: fread_fuss_mobile: Unknown speaks language: gibberish
Sat Oct  4 17:15:46 2025 :: [*****] FILE: housing.are LINE: 36
Sat Oct  4 17:15:46 2025 :: [*****] BUG: fread_fuss_mobile: vnum 54999: Mob has invalid race! Defaulting to monster.
Sat Oct  4 17:15:46 2025 :: [*****] FILE: housing.are LINE: 49
Sat Oct  4 17:15:46 2025 :: [*****] BUG: fread_fuss_mobile: Unknown speaks language: gibberish
Sat Oct  4 17:15:46 2025 :: [*****] FILE: housing.are LINE: 62
housing.are   : Rooms: 50000 - 54999 Objs: 50000 - 54999 Mobs: 50000 - 54999
highgard.are  : Rooms:   200 - 999   Objs:   200 - 999   Mobs:   200 - 999
arcforge.are  : Rooms: 55000 - 59999 Objs: 55000 - 59999 Mobs: 55000 - 59999
Sat Oct  4 17:15:46 2025 :: Fixing exits
Sat Oct  4 17:15:46 2025 :: [*****] BUG: get_room_index: bad vnum 10300.
Sat Oct  4 17:15:46 2025 :: [*****] BOOT: Fix_exits: room 9, exit down leads to bad vnum (10300)
Sat Oct  4 17:15:46 2025 :: [*****] BUG: fix_exits: Deleting down exit in room 9
Sat Oct  4 17:15:46 2025 :: [*****] BUG: get_room_index: bad vnum 10300.
Sat Oct  4 17:15:46 2025 :: [*****] BOOT: Fix_exits: room 9, exit somewhere leads to bad vnum (10300)
Sat Oct  4 17:15:46 2025 :: [*****] BUG: fix_exits: Deleting somewhere exit in room 9
Sat Oct  4 17:15:46 2025 :: Initializing economy
Sat Oct  4 17:15:46 2025 :: Resetting areas
Sat Oct  4 17:15:46 2025 :: Loading buildlist
Sat Oct  4 17:15:46 2025 :: ../gods/Dragus
Sat Oct  4 17:15:46 2025 :: Loading boards
Sat Oct  4 17:15:46 2025 :: ../boards/immortal.brd
Sat Oct  4 17:15:46 2025 :: ../boards/highgod.brd
Sat Oct  4 17:15:46 2025 :: Loading vault list
Sat Oct  4 17:15:46 2025 :: $
Sat Oct  4 17:15:46 2025 ::  Done vaults 
Sat Oct  4 17:15:46 2025 :: Loading clans
Sat Oct  4 17:15:46 2025 :: Loading clans...
Sat Oct  4 17:15:46 2025 :: vampire.gui
Sat Oct  4 17:15:46 2025 :: Storeroom not found
Sat Oct  4 17:15:46 2025 :: druid.gui
Sat Oct  4 17:15:46 2025 :: Storeroom not found
Sat Oct  4 17:15:46 2025 :: warrior.gui
Sat Oct  4 17:15:46 2025 :: Storeroom not found
Sat Oct  4 17:15:46 2025 :: augurer.gui
Sat Oct  4 17:15:46 2025 :: Storeroom not found
Sat Oct  4 17:15:46 2025 :: thief.gui
Sat Oct  4 17:15:46 2025 :: Storeroom not found
Sat Oct  4 17:15:46 2025 :: cleric.gui
Sat Oct  4 17:15:46 2025 :: Storeroom not found
Sat Oct  4 17:15:46 2025 :: mage.gui
Sat Oct  4 17:15:46 2025 :: Storeroom not found
Sat Oct  4 17:15:46 2025 :: ranger.gui
Sat Oct  4 17:15:46 2025 :: Storeroom not found
Sat Oct  4 17:15:46 2025 :: $
Sat Oct  4 17:15:46 2025 ::  Done clans 
Sat Oct  4 17:15:46 2025 :: Loading councils
Sat Oct  4 17:15:46 2025 :: Loading councils...
Sat Oct  4 17:15:46 2025 :: $
Sat Oct  4 17:15:46 2025 ::  Done councils 
Sat Oct  4 17:15:46 2025 :: Loading deities
Sat Oct  4 17:15:46 2025 :: Loading deities...
Sat Oct  4 17:15:46 2025 :: $
Sat Oct  4 17:15:46 2025 ::  Done deities 
Sat Oct  4 17:15:46 2025 :: Loading watches
Sat Oct  4 17:15:46 2025 :: Loading bans
Sat Oct  4 17:15:46 2025 :: Done.
Sat Oct  4 17:15:46 2025 :: Loading reserved names
Sat Oct  4 17:15:46 2025 :: Loading corpses
Sat Oct  4 17:15:46 2025 :: Loading Immortal Hosts
Sat Oct  4 17:15:46 2025 :: Done.
Sat Oct  4 17:15:46 2025 :: Loading Projects
Sat Oct  4 17:15:46 2025 :: Loading Morphs
Sat Oct  4 17:15:46 2025 :: Done.
Sat Oct  4 17:15:46 2025 :: Loading Housing System, Home Accessories Data, and Home Auctioning System
Sat Oct  4 17:15:46 2025 :: Loading login messages
Sat Oct  4 17:15:46 2025 :: Initializing socket
Sat Oct  4 17:15:46 2025 :: (Name Not Set) ready on port 9001.
Sat Oct  4 17:16:01 2025 :: Preloading player data for: Dragus (2K)
Sat Oct  4 17:16:01 2025 :: [*****] BUG: fread_char: no match: 5000
Sat Oct  4 17:16:01 2025 :: [*****] FILE: ../player/d/Dragus LINE: 14
Sat Oct  4 17:16:01 2025 :: [*****] BUG: fread_char: no match: 3
Sat Oct  4 17:16:01 2025 :: [*****] FILE: ../player/d/Dragus LINE: 15
Sat Oct  4 17:16:03 2025 :: Loading player data for: Dragus (2K)
Sat Oct  4 17:16:03 2025 :: [*****] BUG: fread_char: no match: 5000
Sat Oct  4 17:16:03 2025 :: [*****] FILE: ../player/d/Dragus LINE: 14
Sat Oct  4 17:16:03 2025 :: [*****] BUG: fread_char: no match: 3
Sat Oct  4 17:16:03 2025 :: [*****] FILE: ../player/d/Dragus LINE: 15
Sat Oct  4 17:16:03 2025 :: Dragus (127.0.0.1) has connected.
Sat Oct  4 19:24:45 2025 :: Log Dragus: aassign highgard.are
Sat Oct  4 20:22:39 2025 :: Log Dragus: redit bexit s 245
Sat Oct  4 20:22:39 2025 :: Log Dragus: redit exit 0 244 
Sat Oct  4 20:23:00 2025 :: Log Dragus: redit exflags s isdoor closed
Sat Oct  4 20:24:31 2025 :: Log Dragus: redit exname s office door
Sat Oct  4 20:26:59 2025 :: Log Dragus: redit exdesc s The back office
Sat Oct  4 20:34:20 2025 :: Log Dragus: redit exkey s 202
Sat Oct  4 20:36:15 2025 :: Log Dragus: redit exflags s isdoor locked
Sat Oct  4 20:52:05 2025 :: Log Dragus: redit exname s door
Sat Oct  4 20:57:42 2025 :: Log Dragus: redit sector 0
Sat Oct  4 20:58:24 2025 :: Log Dragus: redit 
Sat Oct  4 20:59:07 2025 :: Log Dragus: redit desc 
Sat Oct  4 21:07:16 2025 :: Closing link to Dragus. (INRoom 244)
Sat Oct  4 21:07:27 2025 :: Preloading player data for: Dragus (2K)
Sat Oct  4 21:07:27 2025 :: [*****] BUG: fread_char: no match: 5000
Sat Oct  4 21:07:27 2025 :: [*****] FILE: ../player/d/Dragus LINE: 14
Sat Oct  4 21:07:27 2025 :: [*****] BUG: fread_char: no match: 3
Sat Oct  4 21:07:27 2025 :: [*****] FILE: ../player/d/Dragus LINE: 15
Sat Oct  4 21:07:29 2025 :: Dragus (127.0.0.1) reconnected.
Sat Oct  4 21:08:01 2025 :: Log Dragus: redit desc
Sat Oct  4 21:09:36 2025 :: Log Dragus: redit desc
Sat Oct  4 21:16:04 2025 :: Log Dragus: redit exflags n isdoor closed
Sat Oct  4 21:16:24 2025 :: Log Dragus: redit exflags n door
Sat Oct  4 21:16:42 2025 :: Log Dragus: redit exname n door
Sat Oct  4 21:22:35 2025 :: Log Dragus: redit exdesc n The bar
Sat Oct  4 21:34:59 2025 :: Log Dragus: redit flags indoors light
Sat Oct  4 22:16:42 2025 :: Log Dragus: redit
Sat Oct  4 22:18:44 2025 :: Log Dragus: redit sector 0
Sat Oct  4 22:22:50 2025 :: Log Dragus: redit flags nomob
Sun Oct  5 00:08:41 2025 :: Log Dragus: redit desc
Sun Oct  5 00:13:17 2025 :: Log Dragus: redit name Highgard Mall Entrance
Sun Oct  5 00:42:02 2025 :: Log Dragus: redit bexit nrlist
Sun Oct  5 00:42:42 2025 :: Log Dragus: redit bexit n 246
Sun Oct  5 00:43:38 2025 :: Log Dragus: redit bexit n 246
Sun Oct  5 00:43:38 2025 :: Log Dragus: redit exit 2 242 
Sun Oct  5 00:51:22 2025 :: Log Dragus: redit exdesc n First Concourse: A river of skylight and voices; flagship glass
Sun Oct  5 00:52:04 2025 :: Log Dragus: redit exdesc n First Concourse: A river of skylight and voices; flagship glass beckons past a gentle S-curve into the glittering run of shops.
Sun Oct  5 00:55:26 2025 :: Log Dragus: redit sector 0
Sun Oct  5 00:56:01 2025 :: Log Dragus: redit flags indoors
Sun Oct  5 01:09:34 2025 :: Log Dragus: redit desc
Sun Oct  5 01:23:55 2025 :: Log Dragus: redit flags indoors
Sun Oct  5 01:24:15 2025 :: Log Dragus: redit flags prototype
Sun Oct  5 01:24:33 2025 :: Log Dragus: redit flags nomob
Sun Oct  5 01:26:39 2025 :: Log Dragus: foldarea highgard.are
Sun Oct  5 01:27:02 2025 :: Log Dragus: aassign none
Sun Oct  5 01:27:04 2025 :: Log Dragus: foldarea
Sun Oct  5 01:27:09 2025 :: Log Dragus: foldarea highgard.are
Sun Oct  5 03:33:17 2025 :: Closing link to Dragus. (INRoom 242)
