Mon Oct  6 09:50:54 2025 :: Booting Database
 0 0 0 0 0 0 0 0 0 0 0 0 0 0 0 0 0 0 0 0 0 0 0 0 0 0 0 0 0 0 0 0
Mon Oct  6 09:50:54 2025 :: [*****] BOOT: ---------------------[ Boot Log ]--------------------
Mon Oct  6 09:50:54 2025 :: Initializing libdl support...
Mon Oct  6 09:50:54 2025 :: Loading commands...
Mon Oct  6 09:50:54 2025 :: [*****] BUG: skill_function: Error locating do_defense in symbol table. No such process
Mon Oct  6 09:50:54 2025 :: [*****] BUG: fread_command: Function do_defense not found for defense
Mon Oct  6 09:50:54 2025 :: [*****] BUG: skill_function: Error locating do_murde in symbol table. No such process
Mon Oct  6 09:50:54 2025 :: [*****] BUG: fread_command: Function do_murde not found for murde
Mon Oct  6 09:50:54 2025 :: Loading spec_funs...
Mon Oct  6 09:50:54 2025 :: Loading sysdata configuration...
Mon Oct  6 09:50:54 2025 :: Loading socials
Mon Oct  6 09:50:54 2025 :: Loading skill table
Mon Oct  6 09:50:54 2025 :: [*****] BUG: fread_number: bad format. (g)
Mon Oct  6 09:50:54 2025 :: [*****] BUG: fread_skill: no match: atherskill
Mon Oct  6 09:50:54 2025 :: [*****] BUG: spell_function: Error locating (null) in symbol table. No such process
Mon Oct  6 09:50:54 2025 :: [*****] BUG: fread_skill: unknown skill/spell (null)
Mon Oct  6 09:50:54 2025 :: [*****] BUG: fread_number: bad format. (g)
Mon Oct  6 09:50:54 2025 :: [*****] BUG: fread_skill: no match: atherskill
Mon Oct  6 09:50:54 2025 :: [*****] BUG: fread_number: bad format. (g)
Mon Oct  6 09:50:54 2025 :: [*****] BUG: fread_skill: no match: atherskill
Mon Oct  6 09:50:54 2025 :: Sorting skill table...
Mon Oct  6 09:50:54 2025 :: Creating skill table sorted by type...
Mon Oct  6 09:50:54 2025 :: Remapping slots to sns
Mon Oct  6 09:50:54 2025 :: WARNING: Racial transformation skill 'ascended form' not found
Mon Oct  6 09:50:54 2025 :: Initialized racial transformation: shikai
Mon Oct  6 09:50:54 2025 :: WARNING: Racial transformation skill 'hollow rage' not found
Mon Oct  6 09:50:54 2025 :: WARNING: Racial transformation skill 'primal form' not found
Mon Oct  6 09:50:54 2025 :: WARNING: Racial transformation skill 'blood awakening' not found
Mon Oct  6 09:50:54 2025 :: WARNING: Racial transformation skill 'true form' not found
Mon Oct  6 09:50:54 2025 :: Racial transformation system initialized
Mon Oct  6 09:50:54 2025 :: Loading classes
Mon Oct  6 09:50:54 2025 :: Loading races
Mon Oct  6 09:50:54 2025 :: [*****] BUG: load_race_file: no match: Spr_Plus
Mon Oct  6 09:50:54 2025 :: [*****] BUG: load_race_file: no match: Spr_Plus
../races/unused.race: No such file or directory
Mon Oct  6 09:50:54 2025 :: [*****] BUG: load_races: Cannot load race file: unused.race
Mon Oct  6 09:50:54 2025 :: [*****] BUG: load_race_file: no match: Spr_Plus
Mon Oct  6 09:50:54 2025 :: [*****] BUG: load_race_file: no match: Spr_Plus
Mon Oct  6 09:50:54 2025 :: [*****] BUG: load_race_file: no match: Spr_Plus
Mon Oct  6 09:50:54 2025 :: [*****] BUG: load_race_file: no match: Spr_Plus
Mon Oct  6 09:50:54 2025 :: [*****] BUG: load_race_file: no match: Spr_Plus
Mon Oct  6 09:50:54 2025 :: [*****] BUG: load_race_file: no match: Spr_Plus
Mon Oct  6 09:50:54 2025 :: [*****] BUG: load_race_file: no match: Spr_Plus
Mon Oct  6 09:50:54 2025 :: Loading news data
Mon Oct  6 09:50:54 2025 :: Loading liquids
Mon Oct  6 09:50:54 2025 :: Loading mixtures
Mon Oct  6 09:50:54 2025 :: Loading herb table
Mon Oct  6 09:50:54 2025 :: Loading tongues
Mon Oct  6 09:50:54 2025 :: Making wizlist
Mon Oct  6 09:50:54 2025 :: Loading MSSP Data...
Mon Oct  6 09:50:54 2025 :: Initializing random number generator
Mon Oct  6 09:50:54 2025 :: Setting time and weather.
Mon Oct  6 09:50:54 2025 :: Loading holiday chart...
Mon Oct  6 09:50:54 2025 :: Loading DNS cache...
Mon Oct  6 09:50:54 2025 :: Assigning gsn's
ASSIGN_GSN: Skill missile weapons not found.
ASSIGN_GSN: Skill elven not found.
ASSIGN_GSN: Skill dwarven not found.
ASSIGN_GSN: Skill pixie not found.
ASSIGN_GSN: Skill ogre not found.
ASSIGN_GSN: Skill orcish not found.
ASSIGN_GSN: Skill trollese not found.
ASSIGN_GSN: Skill goblin not found.
ASSIGN_GSN: Skill halfling not found.
ASSIGN_GSN: Skill gnomish not found.
Mon Oct  6 09:50:54 2025 :: Reading in area files...
(help.are)
Mon Oct  6 09:50:54 2025 :: [*****] BUG: fread_fuss_mobile: Unknown speaks language: elder
Mon Oct  6 09:50:54 2025 :: [*****] FILE: limbo.are LINE: 610
limbo.are     : Rooms:     2 - 99    Objs:     2 - 99    Mobs:     1 - 99
Build.are     : Rooms:  9500 - 9589  Objs:     0 - 0     Mobs:     0 - 0
Mon Oct  6 09:50:54 2025 :: [*****] BUG: fread_fuss_mobile: vnum 50000: Mob has invalid race! Defaulting to monster.
Mon Oct  6 09:50:54 2025 :: [*****] FILE: housing.are LINE: 23
Mon Oct  6 09:50:54 2025 :: [*****] BUG: fread_fuss_mobile: Unknown speaks language: gibberish
Mon Oct  6 09:50:54 2025 :: [*****] FILE: housing.are LINE: 36
Mon Oct  6 09:50:54 2025 :: [*****] BUG: fread_fuss_mobile: vnum 54999: Mob has invalid race! Defaulting to monster.
Mon Oct  6 09:50:54 2025 :: [*****] FILE: housing.are LINE: 49
Mon Oct  6 09:50:54 2025 :: [*****] BUG: fread_fuss_mobile: Unknown speaks language: gibberish
Mon Oct  6 09:50:54 2025 :: [*****] FILE: housing.are LINE: 62
housing.are   : Rooms: 50000 - 54999 Objs: 50000 - 54999 Mobs: 50000 - 54999
highgard.are  : Rooms:   200 - 999   Objs:   200 - 999   Mobs:   200 - 999
arcforge.are  : Rooms: 55000 - 59999 Objs: 55000 - 59999 Mobs: 55000 - 59999
Mon Oct  6 09:50:54 2025 :: Fixing exits
Mon Oct  6 09:50:54 2025 :: [*****] BUG: get_room_index: bad vnum 10300.
Mon Oct  6 09:50:54 2025 :: [*****] BOOT: Fix_exits: room 9, exit down leads to bad vnum (10300)
Mon Oct  6 09:50:54 2025 :: [*****] BUG: fix_exits: Deleting down exit in room 9
Mon Oct  6 09:50:54 2025 :: [*****] BUG: get_room_index: bad vnum 10300.
Mon Oct  6 09:50:54 2025 :: [*****] BOOT: Fix_exits: room 9, exit somewhere leads to bad vnum (10300)
Mon Oct  6 09:50:54 2025 :: [*****] BUG: fix_exits: Deleting somewhere exit in room 9
Mon Oct  6 09:50:54 2025 :: Initializing economy
Mon Oct  6 09:50:54 2025 :: Resetting areas
Mon Oct  6 09:50:54 2025 :: Loading buildlist
Mon Oct  6 09:50:54 2025 :: ../gods/Dragus
Mon Oct  6 09:50:54 2025 :: Loading boards
Mon Oct  6 09:50:54 2025 :: ../boards/immortal.brd
Mon Oct  6 09:50:54 2025 :: ../boards/highgod.brd
Mon Oct  6 09:50:54 2025 :: Loading vault list
Mon Oct  6 09:50:54 2025 :: $
Mon Oct  6 09:50:54 2025 ::  Done vaults 
Mon Oct  6 09:50:54 2025 :: Loading clans
Mon Oct  6 09:50:54 2025 :: Loading clans...
Mon Oct  6 09:50:54 2025 :: vampire.gui
Mon Oct  6 09:50:54 2025 :: Storeroom not found
Mon Oct  6 09:50:54 2025 :: druid.gui
Mon Oct  6 09:50:54 2025 :: Storeroom not found
Mon Oct  6 09:50:54 2025 :: warrior.gui
Mon Oct  6 09:50:54 2025 :: Storeroom not found
Mon Oct  6 09:50:54 2025 :: augurer.gui
Mon Oct  6 09:50:54 2025 :: Storeroom not found
Mon Oct  6 09:50:54 2025 :: thief.gui
Mon Oct  6 09:50:54 2025 :: Storeroom not found
Mon Oct  6 09:50:54 2025 :: cleric.gui
Mon Oct  6 09:50:54 2025 :: Storeroom not found
Mon Oct  6 09:50:54 2025 :: mage.gui
Mon Oct  6 09:50:54 2025 :: Storeroom not found
Mon Oct  6 09:50:54 2025 :: ranger.gui
Mon Oct  6 09:50:54 2025 :: Storeroom not found
Mon Oct  6 09:50:54 2025 :: $
Mon Oct  6 09:50:54 2025 ::  Done clans 
Mon Oct  6 09:50:54 2025 :: Loading councils
Mon Oct  6 09:50:54 2025 :: Loading councils...
Mon Oct  6 09:50:54 2025 :: $
Mon Oct  6 09:50:54 2025 ::  Done councils 
Mon Oct  6 09:50:54 2025 :: Loading deities
Mon Oct  6 09:50:54 2025 :: Loading deities...
Mon Oct  6 09:50:54 2025 :: $
Mon Oct  6 09:50:54 2025 ::  Done deities 
Mon Oct  6 09:50:54 2025 :: Loading watches
Mon Oct  6 09:50:54 2025 :: Loading bans
Mon Oct  6 09:50:54 2025 :: Done.
Mon Oct  6 09:50:54 2025 :: Loading reserved names
Mon Oct  6 09:50:54 2025 :: Loading corpses
Mon Oct  6 09:50:54 2025 :: Loading Immortal Hosts
Mon Oct  6 09:50:54 2025 :: Done.
Mon Oct  6 09:50:54 2025 :: Loading Projects
Mon Oct  6 09:50:54 2025 :: Loading Morphs
Mon Oct  6 09:50:54 2025 :: Done.
Mon Oct  6 09:50:54 2025 :: Loading Housing System, Home Accessories Data, and Home Auctioning System
Mon Oct  6 09:50:54 2025 :: Loading login messages
Mon Oct  6 09:50:54 2025 :: Initializing socket
Mon Oct  6 09:50:54 2025 :: (Name Not Set) ready on port 9001.
Mon Oct  6 09:50:57 2025 :: Preloading player data for: Dragus (2K)
Mon Oct  6 09:50:57 2025 :: [*****] BUG: fread_char: no match: 5000
Mon Oct  6 09:50:57 2025 :: [*****] FILE: ../player/d/Dragus LINE: 14
Mon Oct  6 09:50:57 2025 :: [*****] BUG: fread_char: no match: 3
Mon Oct  6 09:50:57 2025 :: [*****] FILE: ../player/d/Dragus LINE: 15
Mon Oct  6 09:50:59 2025 :: Loading player data for: Dragus (2K)
Mon Oct  6 09:50:59 2025 :: [*****] BUG: fread_char: no match: 5000
Mon Oct  6 09:50:59 2025 :: [*****] FILE: ../player/d/Dragus LINE: 14
Mon Oct  6 09:50:59 2025 :: [*****] BUG: fread_char: no match: 3
Mon Oct  6 09:50:59 2025 :: [*****] FILE: ../player/d/Dragus LINE: 15
Mon Oct  6 09:50:59 2025 :: Dragus (127.0.0.1) has connected.
Mon Oct  6 10:45:01 2025 :: Log Dragus: redit
Mon Oct  6 12:51:02 2025 :: Closing link to Dragus. (INRoom 242)
Mon Oct  6 13:53:53 2025 :: Preloading player data for: Dragus (2K)
Mon Oct  6 13:53:53 2025 :: [*****] BUG: fread_char: no match: 5000
Mon Oct  6 13:53:53 2025 :: [*****] FILE: ../player/d/Dragus LINE: 14
Mon Oct  6 13:53:53 2025 :: [*****] BUG: fread_char: no match: 3
Mon Oct  6 13:53:53 2025 :: [*****] FILE: ../player/d/Dragus LINE: 15
Mon Oct  6 13:53:54 2025 :: Dragus (127.0.0.1) reconnected.
Mon Oct  6 15:30:48 2025 :: Log Dragus: redit name North Concourse
Mon Oct  6 15:31:02 2025 :: Log Dragus: redit name South Concourse
Mon Oct  6 15:40:11 2025 :: Log Dragus: redit name Droids 'R' Us
Mon Oct  6 15:40:42 2025 :: Log Dragus: redit Waldentomes
Mon Oct  6 15:40:57 2025 :: Log Dragus: redit name Waldentomes
Mon Oct  6 15:43:07 2025 :: Log Dragus: redit desc
Mon Oct  6 15:53:18 2025 :: Log Dragus: redit desc
Mon Oct  6 15:56:22 2025 :: Log Dragus: redit desc
Mon Oct  6 16:02:23 2025 :: Log Dragus: redit desc
Mon Oct  6 16:03:42 2025 :: Log Dragus: redit desc
Mon Oct  6 16:14:12 2025 :: Log Dragus: aset
Mon Oct  6 18:22:37 2025 :: Closing link to Dragus. (INRoom 242)
Mon Oct  6 18:45:38 2025 :: Preloading player data for: Dragus (2K)
Mon Oct  6 18:45:38 2025 :: [*****] BUG: fread_char: no match: 5000
Mon Oct  6 18:45:38 2025 :: [*****] FILE: ../player/d/Dragus LINE: 14
Mon Oct  6 18:45:38 2025 :: [*****] BUG: fread_char: no match: 3
Mon Oct  6 18:45:38 2025 :: [*****] FILE: ../player/d/Dragus LINE: 15
Mon Oct  6 18:45:40 2025 :: Dragus (127.0.0.1) reconnected.
