Wed Oct  8 11:12:53 2025 :: Booting Database
 0 0 0 0 0 0 0 0 0 0 0 0 0 0 0 0 0 0 0 0 0 0 0 0 0 0 0 0 0 0 0 0
Wed Oct  8 11:12:53 2025 :: [*****] BOOT: ---------------------[ Boot Log ]--------------------
Wed Oct  8 11:12:53 2025 :: Initializing libdl support...
Wed Oct  8 11:12:53 2025 :: Loading commands...
Wed Oct  8 11:12:53 2025 :: [*****] BUG: skill_function: Error locating do_defense in symbol table. No such process
Wed Oct  8 11:12:53 2025 :: [*****] BUG: fread_command: Function do_defense not found for defense
Wed Oct  8 11:12:53 2025 :: [*****] BUG: skill_function: Error locating do_murde in symbol table. No such process
Wed Oct  8 11:12:53 2025 :: [*****] BUG: fread_command: Function do_murde not found for murde
Wed Oct  8 11:12:53 2025 :: Loading spec_funs...
Wed Oct  8 11:12:53 2025 :: Loading sysdata configuration...
Wed Oct  8 11:12:53 2025 :: Loading socials
Wed Oct  8 11:12:53 2025 :: Loading skill table
Wed Oct  8 11:12:53 2025 :: [*****] BUG: fread_number: bad format. (g)
Wed Oct  8 11:12:53 2025 :: [*****] BUG: fread_skill: no match: atherskill
Wed Oct  8 11:12:53 2025 :: [*****] BUG: spell_function: Error locating (null) in symbol table. No such process
Wed Oct  8 11:12:53 2025 :: [*****] BUG: fread_skill: unknown skill/spell (null)
Wed Oct  8 11:12:53 2025 :: [*****] BUG: fread_number: bad format. (g)
Wed Oct  8 11:12:53 2025 :: [*****] BUG: fread_skill: no match: atherskill
Wed Oct  8 11:12:53 2025 :: [*****] BUG: fread_number: bad format. (g)
Wed Oct  8 11:12:53 2025 :: [*****] BUG: fread_skill: no match: atherskill
Wed Oct  8 11:12:53 2025 :: Sorting skill table...
Wed Oct  8 11:12:53 2025 :: Creating skill table sorted by type...
Wed Oct  8 11:12:53 2025 :: Remapping slots to sns
Wed Oct  8 11:12:53 2025 :: WARNING: Racial transformation skill 'ascended form' not found
Wed Oct  8 11:12:53 2025 :: Initialized racial transformation: shikai
Wed Oct  8 11:12:53 2025 :: WARNING: Racial transformation skill 'hollow rage' not found
Wed Oct  8 11:12:53 2025 :: WARNING: Racial transformation skill 'primal form' not found
Wed Oct  8 11:12:53 2025 :: WARNING: Racial transformation skill 'blood awakening' not found
Wed Oct  8 11:12:53 2025 :: WARNING: Racial transformation skill 'true form' not found
Wed Oct  8 11:12:53 2025 :: Racial transformation system initialized
Wed Oct  8 11:12:53 2025 :: Loading classes
Wed Oct  8 11:12:53 2025 :: Loading races
Wed Oct  8 11:12:53 2025 :: [*****] BUG: load_race_file: no match: Spr_Plus
Wed Oct  8 11:12:53 2025 :: [*****] BUG: load_race_file: no match: Spr_Plus
../races/unused.race: No such file or directory
Wed Oct  8 11:12:53 2025 :: [*****] BUG: load_races: Cannot load race file: unused.race
Wed Oct  8 11:12:53 2025 :: [*****] BUG: load_race_file: no match: Spr_Plus
Wed Oct  8 11:12:53 2025 :: [*****] BUG: load_race_file: no match: Spr_Plus
Wed Oct  8 11:12:53 2025 :: [*****] BUG: load_race_file: no match: Spr_Plus
Wed Oct  8 11:12:53 2025 :: [*****] BUG: load_race_file: no match: Spr_Plus
Wed Oct  8 11:12:53 2025 :: [*****] BUG: load_race_file: no match: Spr_Plus
Wed Oct  8 11:12:53 2025 :: [*****] BUG: load_race_file: no match: Spr_Plus
Wed Oct  8 11:12:53 2025 :: [*****] BUG: load_race_file: no match: Spr_Plus
Wed Oct  8 11:12:53 2025 :: Loading news data
Wed Oct  8 11:12:53 2025 :: Loading liquids
Wed Oct  8 11:12:53 2025 :: Loading mixtures
Wed Oct  8 11:12:53 2025 :: Loading herb table
Wed Oct  8 11:12:53 2025 :: Loading tongues
Wed Oct  8 11:12:53 2025 :: Making wizlist
Wed Oct  8 11:12:53 2025 :: Loading MSSP Data...
Wed Oct  8 11:12:53 2025 :: Initializing random number generator
Wed Oct  8 11:12:53 2025 :: Setting time and weather.
Wed Oct  8 11:12:53 2025 :: Loading holiday chart...
Wed Oct  8 11:12:53 2025 :: Loading DNS cache...
Wed Oct  8 11:12:53 2025 :: Assigning gsn's
ASSIGN_GSN: Skill missile weapons not found.
ASSIGN_GSN: Skill elven not found.
ASSIGN_GSN: Skill dwarven not found.
ASSIGN_GSN: Skill pixie not found.
ASSIGN_GSN: Skill ogre not found.
ASSIGN_GSN: Skill orcish not found.
ASSIGN_GSN: Skill trollese not found.
ASSIGN_GSN: Skill goblin not found.
ASSIGN_GSN: Skill halfling not found.
ASSIGN_GSN: Skill gnomish not found.
Wed Oct  8 11:12:53 2025 :: Reading in area files...
(help.are)
Wed Oct  8 11:12:53 2025 :: [*****] BUG: fread_fuss_mobile: Unknown speaks language: elder
Wed Oct  8 11:12:53 2025 :: [*****] FILE: limbo.are LINE: 610
limbo.are     : Rooms:     2 - 99    Objs:     2 - 99    Mobs:     1 - 99
Build.are     : Rooms:  9500 - 9589  Objs:     0 - 0     Mobs:     0 - 0
Wed Oct  8 11:12:53 2025 :: [*****] BUG: fread_fuss_mobile: vnum 50000: Mob has invalid race! Defaulting to monster.
Wed Oct  8 11:12:53 2025 :: [*****] FILE: housing.are LINE: 23
Wed Oct  8 11:12:53 2025 :: [*****] BUG: fread_fuss_mobile: Unknown speaks language: gibberish
Wed Oct  8 11:12:53 2025 :: [*****] FILE: housing.are LINE: 36
Wed Oct  8 11:12:53 2025 :: [*****] BUG: fread_fuss_mobile: vnum 54999: Mob has invalid race! Defaulting to monster.
Wed Oct  8 11:12:53 2025 :: [*****] FILE: housing.are LINE: 49
Wed Oct  8 11:12:53 2025 :: [*****] BUG: fread_fuss_mobile: Unknown speaks language: gibberish
Wed Oct  8 11:12:53 2025 :: [*****] FILE: housing.are LINE: 62
housing.are   : Rooms: 50000 - 54999 Objs: 50000 - 54999 Mobs: 50000 - 54999
highgard.are  : Rooms:   200 - 999   Objs:   200 - 999   Mobs:   200 - 999
arcforge.are  : Rooms: 55000 - 59999 Objs: 55000 - 59999 Mobs: 55000 - 59999
Wed Oct  8 11:12:54 2025 :: Fixing exits
Wed Oct  8 11:12:54 2025 :: [*****] BUG: get_room_index: bad vnum 10300.
Wed Oct  8 11:12:54 2025 :: [*****] BOOT: Fix_exits: room 9, exit down leads to bad vnum (10300)
Wed Oct  8 11:12:54 2025 :: [*****] BUG: fix_exits: Deleting down exit in room 9
Wed Oct  8 11:12:54 2025 :: [*****] BUG: get_room_index: bad vnum 10300.
Wed Oct  8 11:12:54 2025 :: [*****] BOOT: Fix_exits: room 9, exit somewhere leads to bad vnum (10300)
Wed Oct  8 11:12:54 2025 :: [*****] BUG: fix_exits: Deleting somewhere exit in room 9
Wed Oct  8 11:12:54 2025 :: Initializing economy
Wed Oct  8 11:12:54 2025 :: Resetting areas
Wed Oct  8 11:12:54 2025 :: Loading buildlist
Wed Oct  8 11:12:54 2025 :: ../gods/Dragus
Wed Oct  8 11:12:54 2025 :: [*****] BUG: load_buildlist: Dragus.are: no #AREA found.
Wed Oct  8 11:12:54 2025 :: Loading boards
Wed Oct  8 11:12:54 2025 :: ../boards/immortal.brd
Wed Oct  8 11:12:54 2025 :: ../boards/highgod.brd
Wed Oct  8 11:12:54 2025 :: Loading vault list
Wed Oct  8 11:12:54 2025 :: $
Wed Oct  8 11:12:54 2025 ::  Done vaults 
Wed Oct  8 11:12:54 2025 :: Loading clans
Wed Oct  8 11:12:54 2025 :: Loading clans...
Wed Oct  8 11:12:54 2025 :: vampire.gui
Wed Oct  8 11:12:54 2025 :: Storeroom not found
Wed Oct  8 11:12:54 2025 :: druid.gui
Wed Oct  8 11:12:54 2025 :: Storeroom not found
Wed Oct  8 11:12:54 2025 :: warrior.gui
Wed Oct  8 11:12:54 2025 :: Storeroom not found
Wed Oct  8 11:12:54 2025 :: augurer.gui
Wed Oct  8 11:12:54 2025 :: Storeroom not found
Wed Oct  8 11:12:54 2025 :: thief.gui
Wed Oct  8 11:12:54 2025 :: Storeroom not found
Wed Oct  8 11:12:54 2025 :: cleric.gui
Wed Oct  8 11:12:54 2025 :: Storeroom not found
Wed Oct  8 11:12:54 2025 :: mage.gui
Wed Oct  8 11:12:54 2025 :: Storeroom not found
Wed Oct  8 11:12:54 2025 :: ranger.gui
Wed Oct  8 11:12:54 2025 :: Storeroom not found
Wed Oct  8 11:12:54 2025 :: $
Wed Oct  8 11:12:54 2025 ::  Done clans 
Wed Oct  8 11:12:54 2025 :: Loading councils
Wed Oct  8 11:12:54 2025 :: Loading councils...
Wed Oct  8 11:12:54 2025 :: $
Wed Oct  8 11:12:54 2025 ::  Done councils 
Wed Oct  8 11:12:54 2025 :: Loading deities
Wed Oct  8 11:12:54 2025 :: Loading deities...
Wed Oct  8 11:12:54 2025 :: $
Wed Oct  8 11:12:54 2025 ::  Done deities 
Wed Oct  8 11:12:54 2025 :: Loading watches
Wed Oct  8 11:12:54 2025 :: Loading bans
Wed Oct  8 11:12:54 2025 :: Done.
Wed Oct  8 11:12:54 2025 :: Loading reserved names
Wed Oct  8 11:12:54 2025 :: Loading corpses
Wed Oct  8 11:12:54 2025 :: Loading Immortal Hosts
Wed Oct  8 11:12:54 2025 :: Done.
Wed Oct  8 11:12:54 2025 :: Loading Projects
Wed Oct  8 11:12:54 2025 :: Loading Morphs
Wed Oct  8 11:12:54 2025 :: Done.
Wed Oct  8 11:12:54 2025 :: Loading Housing System, Home Accessories Data, and Home Auctioning System
Wed Oct  8 11:12:54 2025 :: Loading login messages
Wed Oct  8 11:12:54 2025 :: Initializing socket
Wed Oct  8 11:12:54 2025 :: (Name Not Set) ready on port 9001.
Wed Oct  8 11:12:58 2025 :: Preloading player data for: Dragus (2K)
Wed Oct  8 11:12:58 2025 :: [*****] BUG: fread_char: no match: 5000
Wed Oct  8 11:12:58 2025 :: [*****] FILE: ../player/d/Dragus LINE: 14
Wed Oct  8 11:12:58 2025 :: [*****] BUG: fread_char: no match: 3
Wed Oct  8 11:12:58 2025 :: [*****] FILE: ../player/d/Dragus LINE: 15
Wed Oct  8 11:12:58 2025 :: Creating area entry for Dragus
Wed Oct  8 11:12:59 2025 :: Loading player data for: Dragus (2K)
Wed Oct  8 11:12:59 2025 :: [*****] BUG: fread_char: no match: 5000
Wed Oct  8 11:12:59 2025 :: [*****] FILE: ../player/d/Dragus LINE: 14
Wed Oct  8 11:12:59 2025 :: [*****] BUG: fread_char: no match: 3
Wed Oct  8 11:12:59 2025 :: [*****] FILE: ../player/d/Dragus LINE: 15
Wed Oct  8 11:12:59 2025 :: Updating area entry for Dragus
Wed Oct  8 11:12:59 2025 :: Dragus (127.0.0.1) has connected.
Wed Oct  8 11:13:23 2025 :: Log Dragus: loadarea
Wed Oct  8 11:13:23 2025 :: Cleaning room: 100
Dragus.are    : Rooms:   100 - 199   Objs:   100 - 199   Mobs:   100 - 199
